Log file open, 05/29/19 18:53:38
LogWindows: Failed to load 'aqProf.dll' (GetLastError=126)
LogWindows: File 'aqProf.dll' does not exist
LogWindows: Failed to load 'VtuneApi.dll' (GetLastError=126)
LogWindows: File 'VtuneApi.dll' does not exist
LogWindows: Failed to load 'VtuneApi32e.dll' (GetLastError=126)
LogWindows: File 'VtuneApi32e.dll' does not exist
LogConsoleResponse: Display: Failed to find resolution value strings in scalability ini. Falling back to default.
LogInit: Display: Running engine for game: BattleGrounds
LogPakFile: Registered encryption key '00000000000000000000000000000000': 0 pak files mounted, 0 remain pending
LogPlatformFile: Not using cached read wrapper
LogTaskGraph: Started task graph with 5 named threads and 20 total threads with 3 sets of task threads.
LogStats: Stats thread started at 1.830874
LogD3D11RHI: Loaded GFSDK_Aftermath_Lib.x64.dll
LogICUInternationalization: ICU TimeZone Detection - Raw Offset: -5:00, Platform Override: ''
LogPluginManager: Mounting plugin Paper2D
LogPluginManager: Mounting plugin AISupport
LogPluginManager: Mounting plugin LightPropagationVolume
LogPluginManager: Mounting plugin ActorLayerUtilities
LogPluginManager: Mounting plugin CLionSourceCodeAccess
LogPluginManager: Mounting plugin CodeLiteSourceCodeAccess
LogPluginManager: Mounting plugin GitSourceControl
LogPluginManager: Mounting plugin KDevelopSourceCodeAccess
LogPluginManager: Mounting plugin NullSourceCodeAccess
LogPluginManager: Mounting plugin PerforceSourceControl
LogPluginManager: Mounting plugin SubversionSourceControl
LogPluginManager: Mounting plugin UObjectPlugin
LogPluginManager: Mounting plugin VisualStudioCodeSourceCodeAccess
LogPluginManager: Mounting plugin VisualStudioSourceCodeAccess
LogPluginManager: Mounting plugin XCodeSourceCodeAccess
LogPluginManager: Mounting plugin AssetManagerEditor
LogPluginManager: Mounting plugin CryptoKeys
LogPluginManager: Mounting plugin DataValidation
LogPluginManager: Mounting plugin FacialAnimation
LogPluginManager: Mounting plugin GameplayTagsEditor
LogPluginManager: Mounting plugin MacGraphicsSwitching
LogPluginManager: Mounting plugin MeshEditor
LogPluginManager: Mounting plugin MobileLauncherProfileWizard
LogPluginManager: Mounting plugin PluginBrowser
LogPluginManager: Mounting plugin SpeedTreeImporter
LogPluginManager: Mounting plugin DatasmithContent
LogPluginManager: Mounting plugin VariantManagerContent
LogPluginManager: Mounting plugin AlembicImporter
LogPluginManager: Mounting plugin AppleImageUtils
LogPluginManager: Mounting plugin AppleVision
LogPluginManager: Mounting plugin BackChannel
LogPluginManager: Mounting plugin CharacterAI
LogPluginManager: Mounting plugin GeometryCache
LogPluginManager: Mounting plugin HTML5Networking
LogPluginManager: Mounting plugin ProxyLODPlugin
LogPluginManager: Mounting plugin MagicLeap
LogPluginManager: Mounting plugin MagicLeapMedia
LogPluginManager: Mounting plugin AndroidMedia
LogPluginManager: Mounting plugin AvfMedia
LogPluginManager: Mounting plugin ImgMedia
LogPluginManager: Mounting plugin LinearTimecode
LogPluginManager: Mounting plugin MediaCompositing
LogPluginManager: Mounting plugin MediaPlayerEditor
LogPluginManager: Mounting plugin WebMMedia
LogPluginManager: Mounting plugin WmfMedia
LogPluginManager: Mounting plugin TcpMessaging
LogPluginManager: Mounting plugin UdpMessaging
LogPluginManager: Mounting plugin ActorSequence
LogPluginManager: Mounting plugin LevelSequenceEditor
LogPluginManager: Mounting plugin MatineeToLevelSequence
LogPluginManager: Mounting plugin NetcodeUnitTest
LogPluginManager: Mounting plugin NUTUnrealEngine4
LogPluginManager: Mounting plugin OnlineSubsystemGooglePlay
LogPluginManager: Mounting plugin OnlineSubsystemIOS
LogPluginManager: Mounting plugin OnlineSubsystem
LogPluginManager: Mounting plugin OnlineSubsystemNull
LogPluginManager: Mounting plugin OnlineSubsystemUtils
LogPluginManager: Mounting plugin LauncherChunkInstaller
LogPluginManager: Mounting plugin AndroidDeviceProfileSelector
LogPluginManager: Mounting plugin AndroidMoviePlayer
LogPluginManager: Mounting plugin AndroidPermission
LogPluginManager: Mounting plugin AppleMoviePlayer
LogPluginManager: Mounting plugin ArchVisCharacter
LogPluginManager: Mounting plugin AudioCapture
LogPluginManager: Mounting plugin CableComponent
LogPluginManager: Mounting plugin CustomMeshComponent
LogPluginManager: Mounting plugin EditableMesh
LogPluginManager: Mounting plugin ExampleDeviceProfileSelector
LogPluginManager: Mounting plugin Firebase
LogPluginManager: Mounting plugin GoogleCloudMessaging
LogPluginManager: Mounting plugin IOSDeviceProfileSelector
LogPluginManager: Mounting plugin LinuxDeviceProfileSelector
LogPluginManager: Mounting plugin LocationServicesBPLibrary
LogPluginManager: Mounting plugin MobilePatchingUtils
LogPluginManager: Mounting plugin OculusVR
LogPluginManager: Mounting plugin PhysXVehicles
LogPluginManager: Mounting plugin ProceduralMeshComponent
LogPluginManager: Mounting plugin RuntimePhysXCooking
LogPluginManager: Mounting plugin SteamVR
LogPluginManager: Mounting plugin WebMMoviePlayer
LogPluginManager: Mounting plugin WindowsMoviePlayer
LogStreaming: Display: Took  0.281s to configure plugins.
LogInit: Using libcurl 7.55.1-DEV
LogInit:  - built for x86_64-pc-win32
LogInit:  - supports SSL with OpenSSL/1.0.2h
LogInit:  - supports HTTP deflate (compression) using libz 1.2.8
LogInit:  - other features:
LogInit:      CURL_VERSION_SSL
LogInit:      CURL_VERSION_LIBZ
LogInit:      CURL_VERSION_IPV6
LogInit:      CURL_VERSION_ASYNCHDNS
LogInit:      CURL_VERSION_LARGEFILE
LogInit:      CURL_VERSION_IDN
LogInit:  CurlRequestOptions (configurable via config and command line):
LogInit:  - bVerifyPeer = true  - Libcurl will verify peer certificate
LogInit:  - bUseHttpProxy = false  - Libcurl will NOT use HTTP proxy
LogInit:  - bDontReuseConnections = false  - Libcurl will reuse connections
LogInit:  - MaxHostConnections = 16  - Libcurl will limit the number of connections to a host
LogInit:  - LocalHostAddr = Default
LogInit:  - BufferSize = 65536
LogInit: WinSock: version 1.1 (2.2), MaxSocks=32767, MaxUdp=65467
LogInit: Build: ++UE4+Release-4.21-CL-4753647
LogInit: Engine Version: 4.21.2-4753647+++UE4+Release-4.21
LogInit: Compatible Engine Version: 4.21.0-4541578+++UE4+Release-4.21
LogInit: Net CL: 4541578
LogInit: OS: Windows 10 (), CPU: Intel(R) Core(TM) i5-8400 CPU @ 2.80GHz, GPU: Intel(R) UHD Graphics 630
LogInit: Compiled (64-bit): Jan 19 2019 02:07:31
LogInit: Compiled with Visual C++: 19.13.26129.00
LogInit: Build Configuration: Development
LogInit: Branch Name: ++UE4+Release-4.21
LogInit: Command Line: 
LogInit: Base Directory: C:/Program Files/Epic Games/UE_4.21/Engine/Binaries/Win64/
LogInit: Installed Engine Build: 1
LogDevObjectVersion: Number of dev versions registered: 22
LogDevObjectVersion:   Dev-Blueprints (B0D832E4-1F89-4F0D-ACCF-7EB736FD4AA2): 10
LogDevObjectVersion:   Dev-Build (E1C64328-A22C-4D53-A36C-8E866417BD8C): 0
LogDevObjectVersion:   Dev-Core (375EC13C-06E4-48FB-B500-84F0262A717E): 2
LogDevObjectVersion:   Dev-Editor (E4B068ED-F494-42E9-A231-DA0B2E46BB41): 26
LogDevObjectVersion:   Dev-Framework (CFFC743F-43B0-4480-9391-14DF171D2073): 34
LogDevObjectVersion:   Dev-Mobile (B02B49B5-BB20-44E9-A304-32B752E40360): 2
LogDevObjectVersion:   Dev-Networking (A4E4105C-59A1-49B5-A7C5-40C4547EDFEE): 0
LogDevObjectVersion:   Dev-Online (39C831C9-5AE6-47DC-9A44-9C173E1C8E7C): 0
LogDevObjectVersion:   Dev-Physics (78F01B33-EBEA-4F98-B9B4-84EACCB95AA2): 0
LogDevObjectVersion:   Dev-Platform (6631380F-2D4D-43E0-8009-CF276956A95A): 0
LogDevObjectVersion:   Dev-Rendering (12F88B9F-8875-4AFC-A67C-D90C383ABD29): 27
LogDevObjectVersion:   Dev-Sequencer (7B5AE74C-D270-4C10-A958-57980B212A5A): 9
LogDevObjectVersion:   Dev-VR (D7296918-1DD6-4BDD-9DE2-64A83CC13884): 2
LogDevObjectVersion:   Dev-LoadTimes (C2A15278-BFE7-4AFE-6C17-90FF531DF755): 1
LogDevObjectVersion:   Private-Geometry (6EACA3D4-40EC-4CC1-B786-8BED09428FC5): 3
LogDevObjectVersion:   Dev-AnimPhys (29E575DD-E0A3-4627-9D10-D276232CDCEA): 17
LogDevObjectVersion:   Dev-Anim (AF43A65D-7FD3-4947-9873-3E8ED9C1BB05): 2
LogDevObjectVersion:   Dev-ReflectionCapture (6B266CEC-1EC7-4B8F-A30B-E4D90942FC07): 1
LogDevObjectVersion:   Dev-Automation (0DF73D61-A23F-47EA-B727-89E90C41499A): 1
LogDevObjectVersion:   FortniteMain (601D1886-AC64-4F84-AA16-D3DE0DEAC7D6): 17
LogDevObjectVersion:   Dev-Enterprise (9DFFBCD6-494F-0158-E221-12823C92A888): 4
LogDevObjectVersion:   Dev-Niagara (F2AED0AC-9AFE-416F-8664-AA7FFA26D6FC): 1
LogStreaming: Display: Took  0.000s to delete old logs.
LogInit: Presizing for max 8388607 objects, including 0 objects not considered by GC, pre-allocating 0 bytes for permanent pool.
LogInit: Object subsystem initialized
LogConfig: Setting CVar [[con.DebugEarlyDefault:1]]
LogConfig: Setting CVar [[r.setres:1280x720]]
[2019.05.29-22.53.39:708][  0]LogConfig: Setting CVar [[r.VSync:0]]
[2019.05.29-22.53.39:708][  0]LogConfig: Setting CVar [[r.RHICmdBypass:0]]
[2019.05.29-22.53.39:708][  0]LogConfig: Applying CVar settings from Section [/Script/Engine.RendererSettings] File [C:/Users/alexr/OneDrive/Documents/Unreal Projects/BattleGrounds/Saved/Config/Windows/Engine.ini]
[2019.05.29-22.53.39:708][  0]LogConfig: Setting CVar [[r.GPUCrashDebugging:0]]
[2019.05.29-22.53.39:708][  0]LogConfig: Applying CVar settings from Section [/Script/Engine.RendererOverrideSettings] File [C:/Users/alexr/OneDrive/Documents/Unreal Projects/BattleGrounds/Saved/Config/Windows/Engine.ini]
[2019.05.29-22.53.39:708][  0]LogConfig: Applying CVar settings from Section [/Script/Engine.StreamingSettings] File [C:/Users/alexr/OneDrive/Documents/Unreal Projects/BattleGrounds/Saved/Config/Windows/Engine.ini]
[2019.05.29-22.53.39:708][  0]LogConfig: Setting CVar [[s.MinBulkDataSizeForAsyncLoading:131072]]
[2019.05.29-22.53.39:708][  0]LogConfig: Setting CVar [[s.AsyncLoadingThreadEnabled:0]]
[2019.05.29-22.53.39:708][  0]LogConfig: Setting CVar [[s.EventDrivenLoaderEnabled:1]]
[2019.05.29-22.53.39:708][  0]LogConfig: Setting CVar [[s.WarnIfTimeLimitExceeded:0]]
[2019.05.29-22.53.39:708][  0]LogConfig: Setting CVar [[s.TimeLimitExceededMultiplier:1.5]]
[2019.05.29-22.53.39:708][  0]LogConfig: Setting CVar [[s.TimeLimitExceededMinTime:0.005]]
[2019.05.29-22.53.39:708][  0]LogConfig: Setting CVar [[s.UseBackgroundLevelStreaming:1]]
[2019.05.29-22.53.39:708][  0]LogConfig: Setting CVar [[s.PriorityAsyncLoadingExtraTime:15.0]]
[2019.05.29-22.53.39:708][  0]LogConfig: Setting CVar [[s.LevelStreamingActorsUpdateTimeLimit:5.0]]
[2019.05.29-22.53.39:708][  0]LogConfig: Setting CVar [[s.PriorityLevelStreamingActorsUpdateExtraTime:5.0]]
[2019.05.29-22.53.39:708][  0]LogConfig: Setting CVar [[s.LevelStreamingComponentsRegistrationGranularity:10]]
[2019.05.29-22.53.39:708][  0]LogConfig: Setting CVar [[s.UnregisterComponentsTimeLimit:1.0]]
[2019.05.29-22.53.39:708][  0]LogConfig: Setting CVar [[s.LevelStreamingComponentsUnregistrationGranularity:5]]
[2019.05.29-22.53.39:708][  0]LogConfig: Applying CVar settings from Section [/Script/Engine.GarbageCollectionSettings] File [C:/Users/alexr/OneDrive/Documents/Unreal Projects/BattleGrounds/Saved/Config/Windows/Engine.ini]
[2019.05.29-22.53.39:708][  0]LogConfig: Setting CVar [[gc.MaxObjectsNotConsideredByGC:1]]
[2019.05.29-22.53.39:708][  0]LogConfig: Setting CVar [[gc.SizeOfPermanentObjectPool:0]]
[2019.05.29-22.53.39:709][  0]LogConfig: Setting CVar [[gc.FlushStreamingOnGC:0]]
[2019.05.29-22.53.39:709][  0]LogConfig: Setting CVar [[gc.NumRetriesBeforeForcingGC:10]]
[2019.05.29-22.53.39:709][  0]LogConfig: Setting CVar [[gc.AllowParallelGC:1]]
[2019.05.29-22.53.39:709][  0]LogConfig: Setting CVar [[gc.TimeBetweenPurgingPendingKillObjects:61.1]]
[2019.05.29-22.53.39:709][  0]LogConfig: Setting CVar [[gc.MaxObjectsInEditor:8388607]]
[2019.05.29-22.53.39:709][  0]LogConfig: Setting CVar [[gc.IncrementalBeginDestroyEnabled:1]]
[2019.05.29-22.53.39:709][  0]LogConfig: Setting CVar [[gc.CreateGCClusters:1]]
[2019.05.29-22.53.39:709][  0]LogConfig: Setting CVar [[gc.MergeGCClusters:0]]
[2019.05.29-22.53.39:709][  0]LogConfig: Setting CVar [[gc.MinGCClusterSize:5]]
[2019.05.29-22.53.39:709][  0]LogConfig: Setting CVar [[gc.ActorClusteringEnabled:0]]
[2019.05.29-22.53.39:709][  0]LogConfig: Setting CVar [[gc.BlueprintClusteringEnabled:0]]
[2019.05.29-22.53.39:709][  0]LogConfig: Setting CVar [[gc.UseDisregardForGCOnDedicatedServers:0]]
[2019.05.29-22.53.39:709][  0]LogConfig: Applying CVar settings from Section [/Script/Engine.NetworkSettings] File [C:/Users/alexr/OneDrive/Documents/Unreal Projects/BattleGrounds/Saved/Config/Windows/Engine.ini]
[2019.05.29-22.53.39:709][  0]LogConfig: Applying CVar settings from Section [/Script/UnrealEd.CookerSettings] File [C:/Users/alexr/OneDrive/Documents/Unreal Projects/BattleGrounds/Saved/Config/Windows/Engine.ini]
[2019.05.29-22.53.39:715][  0]LogConfig: Applying CVar settings from Section [ViewDistanceQuality@3] File [C:/Users/alexr/OneDrive/Documents/Unreal Projects/BattleGrounds/Saved/Config/Windows/Scalability.ini]
[2019.05.29-22.53.39:715][  0]LogConfig: Setting CVar [[r.SkeletalMeshLODBias:0]]
[2019.05.29-22.53.39:715][  0]LogConfig: Setting CVar [[r.ViewDistanceScale:1.0]]
[2019.05.29-22.53.39:715][  0]LogConfig: Applying CVar settings from Section [AntiAliasingQuality@3] File [C:/Users/alexr/OneDrive/Documents/Unreal Projects/BattleGrounds/Saved/Config/Windows/Scalability.ini]
[2019.05.29-22.53.39:715][  0]LogConfig: Setting CVar [[r.PostProcessAAQuality:4]]
[2019.05.29-22.53.39:715][  0]LogConfig: Applying CVar settings from Section [ShadowQuality@3] File [C:/Users/alexr/OneDrive/Documents/Unreal Projects/BattleGrounds/Saved/Config/Windows/Scalability.ini]
[2019.05.29-22.53.39:715][  0]LogConfig: Setting CVar [[r.LightFunctionQuality:1]]
[2019.05.29-22.53.39:715][  0]LogConfig: Setting CVar [[r.ShadowQuality:5]]
[2019.05.29-22.53.39:715][  0]LogConfig: Setting CVar [[r.Shadow.CSM.MaxCascades:10]]
[2019.05.29-22.53.39:715][  0]LogConfig: Setting CVar [[r.Shadow.MaxResolution:2048]]
[2019.05.29-22.53.39:715][  0]LogConfig: Setting CVar [[r.Shadow.MaxCSMResolution:2048]]
[2019.05.29-22.53.39:715][  0]LogConfig: Setting CVar [[r.Shadow.RadiusThreshold:0.01]]
[2019.05.29-22.53.39:715][  0]LogConfig: Setting CVar [[r.Shadow.DistanceScale:1.0]]
[2019.05.29-22.53.39:715][  0]LogConfig: Setting CVar [[r.Shadow.CSM.TransitionScale:1.0]]
[2019.05.29-22.53.39:715][  0]LogConfig: Setting CVar [[r.Shadow.PreShadowResolutionFactor:1.0]]
[2019.05.29-22.53.39:715][  0]LogConfig: Setting CVar [[r.DistanceFieldShadowing:1]]
[2019.05.29-22.53.39:715][  0]LogConfig: Setting CVar [[r.DistanceFieldAO:1]]
[2019.05.29-22.53.39:715][  0]LogConfig: Setting CVar [[r.AOQuality:2]]
[2019.05.29-22.53.39:715][  0]LogConfig: Setting CVar [[r.VolumetricFog:1]]
[2019.05.29-22.53.39:715][  0]LogConfig: Setting CVar [[r.VolumetricFog.GridPixelSize:8]]
[2019.05.29-22.53.39:715][  0]LogConfig: Setting CVar [[r.VolumetricFog.GridSizeZ:128]]
[2019.05.29-22.53.39:715][  0]LogConfig: Setting CVar [[r.VolumetricFog.HistoryMissSupersampleCount:4]]
[2019.05.29-22.53.39:715][  0]LogConfig: Setting CVar [[r.LightMaxDrawDistanceScale:1]]
[2019.05.29-22.53.39:715][  0]LogConfig: Setting CVar [[r.CapsuleShadows:1]]
[2019.05.29-22.53.39:715][  0]LogConfig: Applying CVar settings from Section [PostProcessQuality@3] File [C:/Users/alexr/OneDrive/Documents/Unreal Projects/BattleGrounds/Saved/Config/Windows/Scalability.ini]
[2019.05.29-22.53.39:715][  0]LogConfig: Setting CVar [[r.MotionBlurQuality:4]]
[2019.05.29-22.53.39:715][  0]LogConfig: Setting CVar [[r.AmbientOcclusionMipLevelFactor:0.4]]
[2019.05.29-22.53.39:715][  0]LogConfig: Setting CVar [[r.AmbientOcclusionMaxQuality:100]]
[2019.05.29-22.53.39:715][  0]LogConfig: Setting CVar [[r.AmbientOcclusionLevels:-1]]
[2019.05.29-22.53.39:715][  0]LogConfig: Setting CVar [[r.AmbientOcclusionRadiusScale:1.0]]
[2019.05.29-22.53.39:715][  0]LogConfig: Setting CVar [[r.DepthOfFieldQuality:2]]
[2019.05.29-22.53.39:715][  0]LogConfig: Setting CVar [[r.RenderTargetPoolMin:400]]
[2019.05.29-22.53.39:715][  0]LogConfig: Setting CVar [[r.LensFlareQuality:2]]
[2019.05.29-22.53.39:715][  0]LogConfig: Setting CVar [[r.SceneColorFringeQuality:1]]
[2019.05.29-22.53.39:715][  0]LogConfig: Setting CVar [[r.EyeAdaptationQuality:2]]
[2019.05.29-22.53.39:715][  0]LogConfig: Setting CVar [[r.BloomQuality:5]]
[2019.05.29-22.53.39:715][  0]LogConfig: Setting CVar [[r.FastBlurThreshold:100]]
[2019.05.29-22.53.39:716][  0]LogConfig: Setting CVar [[r.Upscale.Quality:3]]
[2019.05.29-22.53.39:716][  0]LogConfig: Setting CVar [[r.Tonemapper.GrainQuantization:1]]
[2019.05.29-22.53.39:716][  0]LogConfig: Setting CVar [[r.LightShaftQuality:1]]
[2019.05.29-22.53.39:716][  0]LogConfig: Setting CVar [[r.Filter.SizeScale:1]]
[2019.05.29-22.53.39:716][  0]LogConfig: Setting CVar [[r.Tonemapper.Quality:5]]
[2019.05.29-22.53.39:716][  0]LogConfig: Setting CVar [[r.DOF.Gather.AccumulatorQuality:1        ; higher gathering accumulator quality]]
[2019.05.29-22.53.39:716][  0]LogConfig: Setting CVar [[r.DOF.Gather.PostfilterMethod:1          ; Median3x3 postfilering method]]
[2019.05.29-22.53.39:716][  0]LogConfig: Setting CVar [[r.DOF.Gather.EnableBokehSettings:0       ; no bokeh simulation when gathering]]
[2019.05.29-22.53.39:716][  0]LogConfig: Setting CVar [[r.DOF.Gather.RingCount:4                 ; medium number of samples when gathering]]
[2019.05.29-22.53.39:716][  0]LogConfig: Setting CVar [[r.DOF.Scatter.ForegroundCompositing:1    ; additive foreground scattering]]
[2019.05.29-22.53.39:716][  0]LogConfig: Setting CVar [[r.DOF.Scatter.BackgroundCompositing:2    ; additive background scattering]]
[2019.05.29-22.53.39:716][  0]LogConfig: Setting CVar [[r.DOF.Scatter.EnableBokehSettings:1      ; bokeh simulation when scattering]]
[2019.05.29-22.53.39:716][  0]LogConfig: Setting CVar [[r.DOF.Scatter.MaxSpriteRatio:0.1         ; only a maximum of 10% of scattered bokeh]]
[2019.05.29-22.53.39:716][  0]LogConfig: Setting CVar [[r.DOF.Recombine.Quality:1                ; cheap slight out of focus]]
[2019.05.29-22.53.39:716][  0]LogConfig: Setting CVar [[r.DOF.Recombine.EnableBokehSettings:0    ; no bokeh simulation on slight out of focus]]
[2019.05.29-22.53.39:716][  0]LogConfig: Setting CVar [[r.DOF.TemporalAAQuality:1                ; more stable temporal accumulation]]
[2019.05.29-22.53.39:716][  0]LogConfig: Setting CVar [[r.DOF.Kernel.MaxForegroundRadius:0.025]]
[2019.05.29-22.53.39:716][  0]LogConfig: Setting CVar [[r.DOF.Kernel.MaxBackgroundRadius:0.025]]
[2019.05.29-22.53.39:716][  0]LogConfig: Applying CVar settings from Section [TextureQuality@3] File [C:/Users/alexr/OneDrive/Documents/Unreal Projects/BattleGrounds/Saved/Config/Windows/Scalability.ini]
[2019.05.29-22.53.39:716][  0]LogConfig: Setting CVar [[r.Streaming.MipBias:0]]
[2019.05.29-22.53.39:716][  0]LogConfig: Setting CVar [[r.Streaming.AmortizeCPUToGPUCopy:0]]
[2019.05.29-22.53.39:716][  0]LogConfig: Setting CVar [[r.Streaming.MaxNumTexturesToStreamPerFrame:0]]
[2019.05.29-22.53.39:716][  0]LogConfig: Setting CVar [[r.Streaming.Boost:1]]
[2019.05.29-22.53.39:716][  0]LogConfig: Setting CVar [[r.MaxAnisotropy:8]]
[2019.05.29-22.53.39:716][  0]LogConfig: Setting CVar [[r.Streaming.LimitPoolSizeToVRAM:0]]
[2019.05.29-22.53.39:716][  0]LogConfig: Setting CVar [[r.Streaming.PoolSize:1000]]
[2019.05.29-22.53.39:716][  0]LogConfig: Setting CVar [[r.Streaming.MaxEffectiveScreenSize:0]]
[2019.05.29-22.53.39:716][  0]LogConfig: Applying CVar settings from Section [EffectsQuality@3] File [C:/Users/alexr/OneDrive/Documents/Unreal Projects/BattleGrounds/Saved/Config/Windows/Scalability.ini]
[2019.05.29-22.53.39:716][  0]LogConfig: Setting CVar [[r.TranslucencyLightingVolumeDim:64]]
[2019.05.29-22.53.39:716][  0]LogConfig: Setting CVar [[r.RefractionQuality:2]]
[2019.05.29-22.53.39:716][  0]LogConfig: Setting CVar [[r.SSR.Quality:3]]
[2019.05.29-22.53.39:716][  0]LogConfig: Setting CVar [[r.SceneColorFormat:4]]
[2019.05.29-22.53.39:716][  0]LogConfig: Setting CVar [[r.DetailMode:2]]
[2019.05.29-22.53.39:716][  0]LogConfig: Setting CVar [[r.TranslucencyVolumeBlur:1]]
[2019.05.29-22.53.39:716][  0]LogConfig: Setting CVar [[r.MaterialQualityLevel:1 ; High quality]]
[2019.05.29-22.53.39:716][  0]LogConfig: Setting CVar [[r.SSS.Scale:1]]
[2019.05.29-22.53.39:716][  0]LogConfig: Setting CVar [[r.SSS.SampleSet:2]]
[2019.05.29-22.53.39:716][  0]LogConfig: Setting CVar [[r.SSS.Quality:1]]
[2019.05.29-22.53.39:716][  0]LogConfig: Setting CVar [[r.SSS.HalfRes:1]]
[2019.05.29-22.53.39:716][  0]LogConfig: Setting CVar [[r.EmitterSpawnRateScale:1.0]]
[2019.05.29-22.53.39:716][  0]LogConfig: Setting CVar [[r.ParticleLightQuality:2]]
[2019.05.29-22.53.39:716][  0]LogConfig: Applying CVar settings from Section [FoliageQuality@3] File [C:/Users/alexr/OneDrive/Documents/Unreal Projects/BattleGrounds/Saved/Config/Windows/Scalability.ini]
[2019.05.29-22.53.39:716][  0]LogConfig: Setting CVar [[foliage.DensityScale:1.0]]
[2019.05.29-22.53.39:716][  0]LogConfig: Setting CVar [[grass.DensityScale:1.0]]
[2019.05.29-22.53.39:716][  0]LogInit: Selected Device Profile: [Windows]
[2019.05.29-22.53.39:716][  0]LogInit: Applying CVar settings loaded from the selected device profile: [Windows]
[2019.05.29-22.53.39:777][  0]LogHAL: Display: Platform has ~ 8 GB [8383889408 / 8589934592 / 8], which maps to Default [LargestMinGB=32, LargerMinGB=12, DefaultMinGB=8, SmallerMinGB=6, SmallestMinGB=0)
[2019.05.29-22.53.39:777][  0]LogConfig: Setting CVar [[r.Vulkan.UseRealUBs:1]]
[2019.05.29-22.53.39:777][  0]LogInit: Going up to parent DeviceProfile []
[2019.05.29-22.53.39:777][  0]LogConfig: Applying CVar settings from Section [ViewDistanceQuality@2] File [C:/Users/alexr/OneDrive/Documents/Unreal Projects/BattleGrounds/Saved/Config/Windows/Scalability.ini]
[2019.05.29-22.53.39:777][  0]LogConfig: Setting CVar [[r.SkeletalMeshLODBias:0]]
[2019.05.29-22.53.39:777][  0]LogConfig: Setting CVar [[r.ViewDistanceScale:0.8]]
[2019.05.29-22.53.39:777][  0]LogConfig: Applying CVar settings from Section [AntiAliasingQuality@2] File [C:/Users/alexr/OneDrive/Documents/Unreal Projects/BattleGrounds/Saved/Config/Windows/Scalability.ini]
[2019.05.29-22.53.39:777][  0]LogConfig: Setting CVar [[r.PostProcessAAQuality:3]]
[2019.05.29-22.53.39:777][  0]LogConfig: Applying CVar settings from Section [ShadowQuality@2] File [C:/Users/alexr/OneDrive/Documents/Unreal Projects/BattleGrounds/Saved/Config/Windows/Scalability.ini]
[2019.05.29-22.53.39:777][  0]LogConfig: Setting CVar [[r.LightFunctionQuality:1]]
[2019.05.29-22.53.39:777][  0]LogConfig: Setting CVar [[r.ShadowQuality:5]]
[2019.05.29-22.53.39:777][  0]LogConfig: Setting CVar [[r.Shadow.CSM.MaxCascades:4]]
[2019.05.29-22.53.39:777][  0]LogConfig: Setting CVar [[r.Shadow.MaxResolution:1024]]
[2019.05.29-22.53.39:777][  0]LogConfig: Setting CVar [[r.Shadow.MaxCSMResolution:2048]]
[2019.05.29-22.53.39:777][  0]LogConfig: Setting CVar [[r.Shadow.RadiusThreshold:0.04]]
[2019.05.29-22.53.39:777][  0]LogConfig: Setting CVar [[r.Shadow.DistanceScale:0.85]]
[2019.05.29-22.53.39:777][  0]LogConfig: Setting CVar [[r.Shadow.CSM.TransitionScale:0.8]]
[2019.05.29-22.53.39:777][  0]LogConfig: Setting CVar [[r.Shadow.PreShadowResolutionFactor:0.5]]
[2019.05.29-22.53.39:778][  0]LogConfig: Setting CVar [[r.DistanceFieldShadowing:1]]
[2019.05.29-22.53.39:778][  0]LogConfig: Setting CVar [[r.DistanceFieldAO:1]]
[2019.05.29-22.53.39:778][  0]LogConfig: Setting CVar [[r.AOQuality:1]]
[2019.05.29-22.53.39:778][  0]LogConfig: Setting CVar [[r.VolumetricFog:1]]
[2019.05.29-22.53.39:778][  0]LogConfig: Setting CVar [[r.VolumetricFog.GridPixelSize:16]]
[2019.05.29-22.53.39:778][  0]LogConfig: Setting CVar [[r.VolumetricFog.GridSizeZ:64]]
[2019.05.29-22.53.39:778][  0]LogConfig: Setting CVar [[r.VolumetricFog.HistoryMissSupersampleCount:4]]
[2019.05.29-22.53.39:778][  0]LogConfig: Setting CVar [[r.LightMaxDrawDistanceScale:1]]
[2019.05.29-22.53.39:778][  0]LogConfig: Setting CVar [[r.CapsuleShadows:1]]
[2019.05.29-22.53.39:778][  0]LogConfig: Applying CVar settings from Section [PostProcessQuality@2] File [C:/Users/alexr/OneDrive/Documents/Unreal Projects/BattleGrounds/Saved/Config/Windows/Scalability.ini]
[2019.05.29-22.53.39:778][  0]LogConfig: Setting CVar [[r.MotionBlurQuality:3]]
[2019.05.29-22.53.39:778][  0]LogConfig: Setting CVar [[r.AmbientOcclusionMipLevelFactor:0.6]]
[2019.05.29-22.53.39:778][  0]LogConfig: Setting CVar [[r.AmbientOcclusionMaxQuality:100]]
[2019.05.29-22.53.39:778][  0]LogConfig: Setting CVar [[r.AmbientOcclusionLevels:-1]]
[2019.05.29-22.53.39:778][  0]LogConfig: Setting CVar [[r.AmbientOcclusionRadiusScale:1.5]]
[2019.05.29-22.53.39:778][  0]LogConfig: Setting CVar [[r.DepthOfFieldQuality:2]]
[2019.05.29-22.53.39:778][  0]LogConfig: Setting CVar [[r.RenderTargetPoolMin:400]]
[2019.05.29-22.53.39:778][  0]LogConfig: Setting CVar [[r.LensFlareQuality:2]]
[2019.05.29-22.53.39:778][  0]LogConfig: Setting CVar [[r.SceneColorFringeQuality:1]]
[2019.05.29-22.53.39:778][  0]LogConfig: Setting CVar [[r.EyeAdaptationQuality:2]]
[2019.05.29-22.53.39:778][  0]LogConfig: Setting CVar [[r.BloomQuality:5]]
[2019.05.29-22.53.39:778][  0]LogConfig: Setting CVar [[r.FastBlurThreshold:3]]
[2019.05.29-22.53.39:778][  0]LogConfig: Setting CVar [[r.Upscale.Quality:2]]
[2019.05.29-22.53.39:778][  0]LogConfig: Setting CVar [[r.Tonemapper.GrainQuantization:1]]
[2019.05.29-22.53.39:778][  0]LogConfig: Setting CVar [[r.LightShaftQuality:1]]
[2019.05.29-22.53.39:778][  0]LogConfig: Setting CVar [[r.Filter.SizeScale:0.8]]
[2019.05.29-22.53.39:778][  0]LogConfig: Setting CVar [[r.Tonemapper.Quality:5]]
[2019.05.29-22.53.39:778][  0]LogConfig: Setting CVar [[r.DOF.Gather.AccumulatorQuality:0        ; lower gathering accumulator quality]]
[2019.05.29-22.53.39:778][  0]LogConfig: Setting CVar [[r.DOF.Gather.PostfilterMethod:2          ; Max3x3 postfilering method]]
[2019.05.29-22.53.39:778][  0]LogConfig: Setting CVar [[r.DOF.Gather.EnableBokehSettings:0       ; no bokeh simulation when gathering]]
[2019.05.29-22.53.39:778][  0]LogConfig: Setting CVar [[r.DOF.Gather.RingCount:4                 ; medium number of samples when gathering]]
[2019.05.29-22.53.39:778][  0]LogConfig: Setting CVar [[r.DOF.Scatter.ForegroundCompositing:1    ; additive foreground scattering]]
[2019.05.29-22.53.39:778][  0]LogConfig: Setting CVar [[r.DOF.Scatter.BackgroundCompositing:1    ; no background occlusion]]
[2019.05.29-22.53.39:778][  0]LogConfig: Setting CVar [[r.DOF.Scatter.EnableBokehSettings:0      ; no bokeh simulation when scattering]]
[2019.05.29-22.53.39:778][  0]LogConfig: Setting CVar [[r.DOF.Scatter.MaxSpriteRatio:0.04        ; only a maximum of 4% of scattered bokeh]]
[2019.05.29-22.53.39:778][  0]LogConfig: Setting CVar [[r.DOF.Recombine.Quality:0                ; no slight out of focus]]
[2019.05.29-22.53.39:778][  0]LogConfig: Setting CVar [[r.DOF.TemporalAAQuality:0                ; faster temporal accumulation]]
[2019.05.29-22.53.39:778][  0]LogConfig: Setting CVar [[r.DOF.Kernel.MaxForegroundRadius:0.012   ; required because of AccumulatorQuality=0]]
[2019.05.29-22.53.39:778][  0]LogConfig: Setting CVar [[r.DOF.Kernel.MaxBackgroundRadius:0.012   ; required because of AccumulatorQuality=0]]
[2019.05.29-22.53.39:778][  0]LogConfig: Applying CVar settings from Section [TextureQuality@2] File [C:/Users/alexr/OneDrive/Documents/Unreal Projects/BattleGrounds/Saved/Config/Windows/Scalability.ini]
[2019.05.29-22.53.39:778][  0]LogConfig: Setting CVar [[r.Streaming.MipBias:0]]
[2019.05.29-22.53.39:778][  0]LogConfig: Setting CVar [[r.Streaming.AmortizeCPUToGPUCopy:0]]
[2019.05.29-22.53.39:778][  0]LogConfig: Setting CVar [[r.Streaming.MaxNumTexturesToStreamPerFrame:0]]
[2019.05.29-22.53.39:778][  0]LogConfig: Setting CVar [[r.Streaming.Boost:1]]
[2019.05.29-22.53.39:778][  0]LogConfig: Setting CVar [[r.MaxAnisotropy:4]]
[2019.05.29-22.53.39:778][  0]LogConfig: Setting CVar [[r.Streaming.LimitPoolSizeToVRAM:1]]
[2019.05.29-22.53.39:778][  0]LogConfig: Setting CVar [[r.Streaming.PoolSize:800]]
[2019.05.29-22.53.39:778][  0]LogConfig: Setting CVar [[r.Streaming.MaxEffectiveScreenSize:0]]
[2019.05.29-22.53.39:778][  0]LogConfig: Applying CVar settings from Section [EffectsQuality@2] File [C:/Users/alexr/OneDrive/Documents/Unreal Projects/BattleGrounds/Saved/Config/Windows/Scalability.ini]
[2019.05.29-22.53.39:778][  0]LogConfig: Setting CVar [[r.TranslucencyLightingVolumeDim:48]]
[2019.05.29-22.53.39:778][  0]LogConfig: Setting CVar [[r.RefractionQuality:2]]
[2019.05.29-22.53.39:778][  0]LogConfig: Setting CVar [[r.SSR.Quality:2]]
[2019.05.29-22.53.39:778][  0]LogConfig: Setting CVar [[r.SceneColorFormat:3]]
[2019.05.29-22.53.39:778][  0]LogConfig: Setting CVar [[r.DetailMode:1]]
[2019.05.29-22.53.39:778][  0]LogConfig: Setting CVar [[r.TranslucencyVolumeBlur:1]]
[2019.05.29-22.53.39:778][  0]LogConfig: Setting CVar [[r.MaterialQualityLevel:1 ; High quality]]
[2019.05.29-22.53.39:778][  0]LogConfig: Setting CVar [[r.SSS.Scale:1]]
[2019.05.29-22.53.39:778][  0]LogConfig: Setting CVar [[r.SSS.SampleSet:1]]
[2019.05.29-22.53.39:778][  0]LogConfig: Setting CVar [[r.SSS.Quality:-1]]
[2019.05.29-22.53.39:778][  0]LogConfig: Setting CVar [[r.SSS.HalfRes:1]]
[2019.05.29-22.53.39:778][  0]LogConfig: Setting CVar [[r.EmitterSpawnRateScale:0.5]]
[2019.05.29-22.53.39:778][  0]LogConfig: Setting CVar [[r.ParticleLightQuality:1]]
[2019.05.29-22.53.39:778][  0]LogConfig: Applying CVar settings from Section [FoliageQuality@2] File [C:/Users/alexr/OneDrive/Documents/Unreal Projects/BattleGrounds/Saved/Config/Windows/Scalability.ini]
[2019.05.29-22.53.39:778][  0]LogConfig: Setting CVar [[foliage.DensityScale:0.8]]
[2019.05.29-22.53.39:778][  0]LogConfig: Setting CVar [[grass.DensityScale:0.8]]
[2019.05.29-22.53.39:778][  0]LogConfig: Applying CVar settings from Section [Startup] File [../../../Engine/Config/ConsoleVariables.ini]
[2019.05.29-22.53.39:788][  0]LogConfig: Setting CVar [[net.UseAdaptiveNetUpdateFrequency:0]]
[2019.05.29-22.53.39:788][  0]LogConfig: Applying CVar settings from Section [ConsoleVariables] File [C:/Users/alexr/OneDrive/Documents/Unreal Projects/BattleGrounds/Saved/Config/Windows/Engine.ini]
[2019.05.29-22.53.39:788][  0]LogInit: Computer: DESKTOP-K3G4BCU
[2019.05.29-22.53.39:788][  0]LogInit: User: alexr
[2019.05.29-22.53.39:788][  0]LogInit: CPU Page size=4096, Cores=6
[2019.05.29-22.53.39:788][  0]LogInit: High frequency timer resolution =10.000000 MHz
[2019.05.29-22.53.39:789][  0]LogMemory: Memory total: Physical=7.8GB (8GB approx)
[2019.05.29-22.53.39:789][  0]LogMemory: Platform Memory Stats for Windows
[2019.05.29-22.53.39:789][  0]LogMemory: Process Physical Memory: 103.02 MB used, 103.03 MB peak
[2019.05.29-22.53.39:789][  0]LogMemory: Process Virtual Memory: 85.32 MB used, 85.32 MB peak
[2019.05.29-22.53.39:789][  0]LogMemory: Physical Memory: 6885.98 MB used,  1109.52 MB free, 7995.50 MB total
[2019.05.29-22.53.39:789][  0]LogMemory: Virtual Memory: 4639.76 MB used,  134213088.00 MB free, 134217728.00 MB total
[2019.05.29-22.53.39:995][  0]LogInit: Using OS detected language (en-US).
[2019.05.29-22.53.39:995][  0]LogInit: Using OS detected locale (en-US).
[2019.05.29-22.53.39:996][  0]LogTextLocalizationManager: No specific localization for 'en-US' exists, so the 'en' localization will be used.
[2019.05.29-22.53.41:137][  0]LogStreaming: Display: Took  1.143s to InitEngineTextLocalization.
[2019.05.29-22.53.41:138][  0]LogInit: Setting process to per monitor DPI aware
[2019.05.29-22.53.41:440][  0]LogSlate: New Slate User Created.  User Index 0, Is Virtual User: 0
[2019.05.29-22.53.41:440][  0]LogSlate: Slate User Registered.  User Index 0, Is Virtual User: 0
[2019.05.29-22.53.46:092][  0]LogHMD: Failed to initialize OpenVR with code 110
[2019.05.29-22.53.46:092][  0]LogD3D11RHI: D3D11 adapters:
[2019.05.29-22.53.46:144][  0]LogD3D11RHI:    0. 'Intel(R) UHD Graphics 630' (Feature Level 11_0)
[2019.05.29-22.53.46:144][  0]LogD3D11RHI:       128/0/3997 MB DedicatedVideo/DedicatedSystem/SharedSystem, Outputs:1, VendorId:0x8086
[2019.05.29-22.53.46:208][  0]LogD3D11RHI:    1. 'AMD Radeon (TM) RX 570' (Feature Level 11_0)
[2019.05.29-22.53.46:208][  0]LogD3D11RHI:       4041/0/3997 MB DedicatedVideo/DedicatedSystem/SharedSystem, Outputs:0, VendorId:0x1002
[2019.05.29-22.53.46:317][  0]LogD3D11RHI:    2. 'Microsoft Basic Render Driver' (Feature Level 11_0)
[2019.05.29-22.53.46:317][  0]LogD3D11RHI:       0/0/3997 MB DedicatedVideo/DedicatedSystem/SharedSystem, Outputs:0, VendorId:0x1414
[2019.05.29-22.53.46:317][  0]LogD3D11RHI: Chosen D3D11 Adapter: 1
[2019.05.29-22.53.46:326][  0]LogD3D11RHI: Creating new Direct3DDevice
[2019.05.29-22.53.46:326][  0]LogD3D11RHI:     GPU DeviceId: 0x67df (for the marketing name, search the web for "GPU Device Id")
[2019.05.29-22.53.46:326][  0]LogWindows: EnumDisplayDevices:
[2019.05.29-22.53.46:326][  0]LogWindows:    0. 'AMD Radeon (TM) RX 570' (P:0 D:0)
[2019.05.29-22.53.46:326][  0]LogWindows:    1. 'AMD Radeon (TM) RX 570' (P:0 D:0)
[2019.05.29-22.53.46:327][  0]LogWindows:    2. 'AMD Radeon (TM) RX 570' (P:0 D:0)
[2019.05.29-22.53.46:327][  0]LogWindows:    3. 'AMD Radeon (TM) RX 570' (P:0 D:0)
[2019.05.29-22.53.46:327][  0]LogWindows:    4. 'AMD Radeon (TM) RX 570' (P:0 D:0)
[2019.05.29-22.53.46:328][  0]LogWindows:    5. 'AMD Radeon (TM) RX 570' (P:0 D:0)
[2019.05.29-22.53.46:328][  0]LogWindows:    6. 'AMD Radeon (TM) RX 570' (P:0 D:0)
[2019.05.29-22.53.46:328][  0]LogWindows:    7. 'AMD Radeon (TM) RX 570' (P:0 D:0)
[2019.05.29-22.53.46:329][  0]LogWindows:    8. 'AMD Radeon (TM) RX 570' (P:0 D:0)
[2019.05.29-22.53.46:329][  0]LogWindows:    9. 'AMD Radeon (TM) RX 570' (P:0 D:0)
[2019.05.29-22.53.46:330][  0]LogWindows:    10. 'AMD Radeon (TM) RX 570' (P:0 D:0)
[2019.05.29-22.53.46:330][  0]LogWindows:    11. 'AMD Radeon (TM) RX 570' (P:0 D:0)
[2019.05.29-22.53.46:330][  0]LogWindows:    12. 'AMD Radeon (TM) RX 570' (P:0 D:0)
[2019.05.29-22.53.46:331][  0]LogWindows:    13. 'AMD Radeon (TM) RX 570' (P:0 D:0)
[2019.05.29-22.53.46:331][  0]LogWindows:    14. 'AMD Radeon (TM) RX 570' (P:0 D:0)
[2019.05.29-22.53.46:332][  0]LogWindows:    15. 'AMD Radeon (TM) RX 570' (P:0 D:0)
[2019.05.29-22.53.46:332][  0]LogWindows:    16. 'Intel(R) UHD Graphics 630' (P:1 D:1)
[2019.05.29-22.53.46:332][  0]LogWindows:    17. 'Intel(R) UHD Graphics 630' (P:0 D:0)
[2019.05.29-22.53.46:332][  0]LogWindows:    18. 'Intel(R) UHD Graphics 630' (P:0 D:0)
[2019.05.29-22.53.46:333][  0]LogWindows: DebugString: PrimaryIsNotTheChoosenAdapter PrimaryIsNotTheChoosenAdapter PrimaryIsNotTheChoosenAdapter FoundDriverCount:16 
[2019.05.29-22.53.46:333][  0]LogD3D11RHI:     Adapter Name: AMD Radeon (TM) RX 570
[2019.05.29-22.53.46:333][  0]LogD3D11RHI:   Driver Version: Crimson ReLive 17.7 (internal:23.20.768.12, unified:23.20.768.12)
[2019.05.29-22.53.46:333][  0]LogD3D11RHI:      Driver Date: 10-26-2017
[2019.05.29-22.53.46:333][  0]LogRHI: Texture pool is 2828 MB (70% of 4041 MB)
[2019.05.29-22.53.47:111][  0]LogD3D11RHI: Async texture creation enabled
[2019.05.29-22.53.47:122][  0]LogD3D11RHI: GPU Timing Frequency: 25.000000 (Debug: 2 1)
[2019.05.29-22.53.47:478][  0]LogTemp: Display: Loaded TP AllDesktopTargetPlatform
[2019.05.29-22.53.47:489][  0]LogTemp: Display: Loaded TP MacClientTargetPlatform
[2019.05.29-22.53.47:501][  0]LogTemp: Display: Loaded TP MacNoEditorTargetPlatform
[2019.05.29-22.53.47:513][  0]LogTemp: Display: Loaded TP MacServerTargetPlatform
[2019.05.29-22.53.47:525][  0]LogTemp: Display: Loaded TP MacTargetPlatform
[2019.05.29-22.53.47:536][  0]LogTemp: Display: Loaded TP WindowsClientTargetPlatform
[2019.05.29-22.53.47:548][  0]LogTemp: Display: Loaded TP WindowsNoEditorTargetPlatform
[2019.05.29-22.53.47:560][  0]LogTemp: Display: Loaded TP WindowsServerTargetPlatform
[2019.05.29-22.53.47:565][  0]LogTemp: Display: Loaded TP WindowsTargetPlatform
[2019.05.29-22.53.47:657][  0]LogTemp: Display: Loaded TP AndroidTargetPlatform
[2019.05.29-22.53.47:657][  0]LogTemp: Display: Loaded TP AndroidTargetPlatform
[2019.05.29-22.53.47:657][  0]LogTemp: Display: Loaded TP AndroidTargetPlatform
[2019.05.29-22.53.47:657][  0]LogTemp: Display: Loaded TP AndroidTargetPlatform
[2019.05.29-22.53.47:657][  0]LogTemp: Display: Loaded TP AndroidTargetPlatform
[2019.05.29-22.53.47:657][  0]LogTemp: Display: Loaded TP AndroidTargetPlatform
[2019.05.29-22.53.47:657][  0]LogTemp: Display: Loaded TP AndroidTargetPlatform
[2019.05.29-22.53.47:657][  0]LogTemp: Display: Loaded TP AndroidTargetPlatform
[2019.05.29-22.53.47:657][  0]LogTemp: Display: Loaded TP AndroidTargetPlatform
[2019.05.29-22.53.47:657][  0]LogTemp: Display: Loaded TP AndroidTargetPlatform
[2019.05.29-22.53.47:657][  0]LogTemp: Display: Loaded TP AndroidTargetPlatform
[2019.05.29-22.53.47:657][  0]LogTemp: Display: Loaded TP AndroidTargetPlatform
[2019.05.29-22.53.47:657][  0]LogTemp: Display: Loaded TP AndroidTargetPlatform
[2019.05.29-22.53.47:657][  0]LogTemp: Display: Loaded TP AndroidTargetPlatform
[2019.05.29-22.53.47:657][  0]LogTemp: Display: Loaded TP AndroidTargetPlatform
[2019.05.29-22.53.47:657][  0]LogTemp: Display: Loaded TP AndroidTargetPlatform
[2019.05.29-22.53.47:657][  0]LogTemp: Display: Loaded TP AndroidTargetPlatform
[2019.05.29-22.53.47:657][  0]LogTemp: Display: Loaded TP AndroidTargetPlatform
[2019.05.29-22.53.47:658][  0]LogTemp: Display: Loaded TP HTML5TargetPlatform
[2019.05.29-22.53.47:741][  0]LogTemp: Display: Loaded TP IOSTargetPlatform
[2019.05.29-22.53.47:741][  0]LogTemp: Display: Loaded TP IOSTargetPlatform
[2019.05.29-22.53.47:761][  0]LogTemp: Display: Loaded TP TVOSTargetPlatform
[2019.05.29-22.53.47:761][  0]LogTemp: Display: Loaded TP TVOSTargetPlatform
[2019.05.29-22.53.47:771][  0]LogTemp: Display: Loaded TP LinuxClientTargetPlatform
[2019.05.29-22.53.47:782][  0]LogTemp: Display: Loaded TP LinuxNoEditorTargetPlatform
[2019.05.29-22.53.47:792][  0]LogTemp: Display: Loaded TP LinuxServerTargetPlatform
[2019.05.29-22.53.47:803][  0]LogTemp: Display: Loaded TP LinuxTargetPlatform
[2019.05.29-22.53.47:843][  0]LogTemp: Display: Loaded TP LuminTargetPlatform
[2019.05.29-22.53.47:843][  0]LogTemp: Display: Loaded TP LuminTargetPlatform
[2019.05.29-22.53.47:843][  0]LogTargetPlatformManager: Display: Building Assets For Windows
[2019.05.29-22.53.47:894][  0]LogShaderCompilers: Guid format shader working directory is -33 characters bigger than the processId version (../../../../../../Users/alexr/OneDrive/Documents/Unreal Projects/BattleGrounds/Intermediate/Shaders/WorkingDirectory/19256/).
[2019.05.29-22.53.47:894][  0]LogShaderCompilers: Cleaned the shader compiler working directory 'C:/Users/alexr/AppData/Local/Temp/UnrealShaderWorkingDir/643F711C411DF9212F3E60874CE1025C/'.
[2019.05.29-22.53.47:896][  0]LogXGEController: Cannot use XGE Controller as Incredibuild is not installed on this machine.
[2019.05.29-22.53.47:896][  0]LogShaderCompilers: Cannot use XGE Shader Compiler as Incredibuild is not installed on this machine.
[2019.05.29-22.53.47:896][  0]LogShaderCompilers: Display: Using Local Shader Compiler.
[2019.05.29-22.53.50:690][  0]LogDerivedDataCache: Display: Max Cache Size: 512 MB
[2019.05.29-22.53.50:906][  0]LogDerivedDataCache: Loaded boot cache 0.21s 71MB C:/Users/alexr/AppData/Local/UnrealEngine/4.21/DerivedDataCache/Boot.ddc.
[2019.05.29-22.53.50:907][  0]LogDerivedDataCache: Display: Loaded Boot cache: C:/Users/alexr/AppData/Local/UnrealEngine/4.21/DerivedDataCache/Boot.ddc
[2019.05.29-22.53.50:907][  0]LogDerivedDataCache: FDerivedDataBackendGraph:  Pak pak cache file ../../../../../../Users/alexr/OneDrive/Documents/Unreal Projects/BattleGrounds/DerivedDataCache/DDC.ddp not found, will not use a pak cache.
[2019.05.29-22.53.50:907][  0]LogDerivedDataCache: Unable to find inner node Pak for hierarchical cache Hierarchy.
[2019.05.29-22.53.50:907][  0]LogDerivedDataCache: FDerivedDataBackendGraph:  CompressedPak pak cache file ../../../../../../Users/alexr/OneDrive/Documents/Unreal Projects/BattleGrounds/DerivedDataCache/Compressed.ddp not found, will not use a pak cache.
[2019.05.29-22.53.50:907][  0]LogDerivedDataCache: Unable to find inner node CompressedPak for hierarchical cache Hierarchy.
[2019.05.29-22.53.50:921][  0]LogDerivedDataCache: Display: Pak cache opened for reading ../../../Engine/DerivedDataCache/Compressed.ddp.
[2019.05.29-22.53.50:921][  0]LogDerivedDataCache: FDerivedDataBackendGraph:  EnterprisePak pak cache file ../../../Enterprise/DerivedDataCache/Compressed.ddp not found, will not use a pak cache.
[2019.05.29-22.53.50:921][  0]LogDerivedDataCache: Unable to find inner node EnterprisePak for hierarchical cache Hierarchy.
[2019.05.29-22.53.50:933][  0]LogDerivedDataCache: Using Local data cache path C:/Users/alexr/AppData/Local/UnrealEngine/Common/DerivedDataCache: Writable
[2019.05.29-22.53.50:933][  0]LogDerivedDataCache: Shared data cache path not found in *engine.ini, will not use an Shared cache.
[2019.05.29-22.53.50:933][  0]LogDerivedDataCache: Unable to find inner node Shared for hierarchical cache Hierarchy.
[2019.05.29-22.53.50:953][  0]LogMaterial: Verifying Global Shaders for PCD3D_SM5
[2019.05.29-22.53.50:954][  0]LogSlate: Using FreeType 2.6.0
[2019.05.29-22.53.50:955][  0]LogSlate: SlateFontServices - WITH_FREETYPE: 1, WITH_HARFBUZZ: 1
[2019.05.29-22.53.52:373][  0]LogAssetRegistry: FAssetRegistry took 0.0318 seconds to start up
[2019.05.29-22.53.52:674][  0]LogInit: Selected Device Profile: [Windows]
[2019.05.29-22.53.52:840][  0]LogSimplygon: Simplygon DLL not present - disabling.
[2019.05.29-22.53.52:843][  0]LogMeshReduction: Using SimplygonSwarm for distributed automatic mesh merging
[2019.05.29-22.53.52:843][  0]LogMeshReduction: Using ProxyLODMeshReduction for automatic mesh merging
[2019.05.29-22.53.52:843][  0]LogMeshReduction: Using QuadricMeshReduction for automatic static mesh reduction
[2019.05.29-22.53.52:843][  0]LogMeshReduction: No automatic skeletal mesh reduction module available
[2019.05.29-22.53.52:855][  0]LogNetVersion: BattleGrounds 1.0.0, NetCL: 4541578, EngineNetVer: 5, GameNetVer: 0 (Checksum: 3651256072)
[2019.05.29-22.53.53:606][  0]LogPackageLocalizationCache: Processed 11 localized package path(s) for 2 prioritized culture(s) in 0.283947 seconds
[2019.05.29-22.53.53:612][  0]LogUObjectArray: 39775 objects as part of root set at end of initial load.
[2019.05.29-22.53.53:612][  0]LogUObjectAllocator: 6914656 out of 0 bytes used by permanent object pool.
[2019.05.29-22.53.53:612][  0]LogUObjectArray: CloseDisregardForGC: 0/0 objects in disregard for GC pool
[2019.05.29-22.54.10:472][  0]LogTcpMessaging: Initializing TcpMessaging bridge
[2019.05.29-22.54.10:485][  0]LogUdpMessaging: Initializing bridge on interface 0.0.0.0:0 to multicast group 230.0.0.1:6666.
[2019.05.29-22.54.11:485][  0]SourceControl: Source control is disabled
[2019.05.29-22.54.11:485][  0]SourceControl: Source control is disabled
[2019.05.29-22.54.11:486][  0]SourceControl: Source control is disabled
[2019.05.29-22.54.11:487][  0]SourceControl: Source control is disabled
[2019.05.29-22.54.11:701][  0]LogAndroidPermission: UAndroidPermissionCallbackProxy::GetInstance
[2019.05.29-22.54.11:774][  0]LogOcInput: OculusInput pre-init called
[2019.05.29-22.54.11:955][  0]LogEngine: Initializing Engine...
[2019.05.29-22.54.11:955][  0]LogHMD: Failed to initialize OpenVR with code 110
[2019.05.29-22.54.11:957][  0]LogStats: UGameplayTagsManager::ConstructGameplayTagTree: ImportINI prefixes -  0.000 s
[2019.05.29-22.54.11:957][  0]LogStats: UGameplayTagsManager::ConstructGameplayTagTree: Construct from data asset -  0.000 s
[2019.05.29-22.54.11:957][  0]LogStats: UGameplayTagsManager::ConstructGameplayTagTree: ImportINI -  0.000 s
[2019.05.29-22.54.11:957][  0]LogStats: UGameplayTagsManager::ConstructGameplayTagTree: GameplayTagTreeChangedEvent.Broadcast -  0.000 s
[2019.05.29-22.54.12:206][  0]LogInit: Initializing FReadOnlyCVARCache
[2019.05.29-22.54.12:220][  0]LogAIModule: Creating AISystem for world Untitled
[2019.05.29-22.54.12:266][  0]LogInit: XAudio2 using 'Speakers / Headphones (Realtek Audio)' : 2 channels at 48 kHz using 32 bits per sample (channel mask 0x3)
[2019.05.29-22.54.12:377][  0]LogInit: FAudioDevice initialized.
[2019.05.29-22.54.12:377][  0]LogNetVersion: Set ProjectVersion to 1.0.0.0. Version Checksum will be recalculated on next use.
[2019.05.29-22.54.13:432][  0]LogDerivedDataCache: Saved boot cache 1.05s 71MB C:/Users/alexr/AppData/Local/UnrealEngine/4.21/DerivedDataCache/Boot.ddc.
[2019.05.29-22.54.13:437][  0]LogInit: Texture streaming: Enabled
[2019.05.29-22.54.13:455][  0]LogEngineSessionManager: EngineSessionManager initialized
[2019.05.29-22.54.14:030][  0]LogInit: Transaction tracking system initialized
[2019.05.29-22.54.14:114][  0]BlueprintLog: New page: Editor Load
[2019.05.29-22.54.14:382][  0]LocalizationService: Localization service is disabled
[2019.05.29-22.54.16:723][  0]LogFileCache: Scanning file cache for directory 'C:/Users/alexr/OneDrive/Documents/Unreal Projects/BattleGrounds/Content/' took 0.03s
[2019.05.29-22.54.16:723][  0]LogCook: Display: Max memory allowance for cook 16384mb min free memory 0mb
[2019.05.29-22.54.16:723][  0]LogCook: Display: Mobile HDR setting 1
[2019.05.29-22.54.16:729][  0]LogGameplayTags: Display: UGameplayTagsManager::DoneAddingNativeTags. DelegateIsBound: 0
[2019.05.29-22.54.16:729][  0]LogStats: UGameplayTagsManager::ConstructGameplayTagTree: ImportINI prefixes -  0.000 s
[2019.05.29-22.54.16:729][  0]LogStats: UGameplayTagsManager::ConstructGameplayTagTree: Construct from data asset -  0.000 s
[2019.05.29-22.54.16:729][  0]LogStats: UGameplayTagsManager::ConstructGameplayTagTree: ImportINI -  0.000 s
[2019.05.29-22.54.16:729][  0]LogStats: UGameplayTagsManager::ConstructGameplayTagTree: GameplayTagTreeChangedEvent.Broadcast -  0.000 s
[2019.05.29-22.54.17:829][  0]SourceControl: Source control is disabled
[2019.05.29-22.54.17:829][  0]Cmd: MAP LOAD FILE="../../../../../../Users/alexr/OneDrive/Documents/Unreal Projects/BattleGrounds/Content/BattleGround.umap" TEMPLATE=0 SHOWPROGRESS=1 FEATURELEVEL=3
[2019.05.29-22.54.17:829][  0]LightingResults: New page: Lighting Build
[2019.05.29-22.54.17:832][  0]MapCheck: New page: Map Check
[2019.05.29-22.54.17:832][  0]LightingResults: New page: Lighting Build
[2019.05.29-22.54.34:987][  0]LogAIModule: Creating AISystem for world BattleGround
[2019.05.29-22.55.21:074][  0]LogEditorServer: Finished looking for orphan Actors (0.000 secs)
[2019.05.29-22.55.21:100][  0]Cmd: MAP CHECKDEP NOCLEARLOG
[2019.05.29-22.55.21:101][  0]MapCheck: Map check complete: 0 Error(s), 0 Warning(s), took 0.173ms to complete.
[2019.05.29-22.55.21:101][  0]LogFileHelpers: Loading map 'BattleGround' took 63.272
[2019.05.29-22.55.21:579][  0]LogCollectionManager: Loaded 0 collections in 0.002204 seconds
[2019.05.29-22.55.21:733][  0]LogFileCache: Scanning file cache for directory 'C:/Users/alexr/OneDrive/Documents/Unreal Projects/BattleGrounds/Saved/Collections/' took 0.01s
[2019.05.29-22.55.21:733][  0]LogFileCache: Scanning file cache for directory 'C:/Users/alexr/OneDrive/Documents/Unreal Projects/BattleGrounds/Content/Developers/alexr/Collections/' took 0.00s
[2019.05.29-22.55.21:733][  0]LogFileCache: Scanning file cache for directory 'C:/Users/alexr/OneDrive/Documents/Unreal Projects/BattleGrounds/Content/Collections/' took 0.00s
[2019.05.29-22.55.21:733][  0]LogCollectionManager: Rebuilt the GUID cache for 0 collections in 0.000001 seconds
[2019.05.29-22.55.21:752][  0]LogContentBrowser: Native class hierarchy populated in 0.0175 seconds. Added 2652 classes and 622 folders.
[2019.05.29-22.55.21:903][  0]LogContentBrowser: Native class hierarchy updated for 'WidgetCarousel' in 0.0004 seconds. Added 0 classes and 0 folders.
[2019.05.29-22.55.22:022][  0]LogPakFile: Registered encryption key '00000000000000000000000000000000': 0 pak files mounted, 0 remain pending
[2019.05.29-22.55.22:057][  0]LogPakFile: Registered encryption key '00000000000000000000000000000000': 0 pak files mounted, 0 remain pending
[2019.05.29-22.55.22:070][  0]LogPakFile: Registered encryption key '00000000000000000000000000000000': 0 pak files mounted, 0 remain pending
[2019.05.29-22.55.22:076][  0]LogPakFile: Registered encryption key '00000000000000000000000000000000': 0 pak files mounted, 0 remain pending
[2019.05.29-22.55.22:097][  0]LogPakFile: Registered encryption key '00000000000000000000000000000000': 0 pak files mounted, 0 remain pending
[2019.05.29-22.55.22:103][  0]LogPakFile: Registered encryption key '00000000000000000000000000000000': 0 pak files mounted, 0 remain pending
[2019.05.29-22.55.22:155][  0]LogPakFile: Registered encryption key '00000000000000000000000000000000': 0 pak files mounted, 0 remain pending
[2019.05.29-22.55.22:167][  0]LogPakFile: Registered encryption key '00000000000000000000000000000000': 0 pak files mounted, 0 remain pending
[2019.05.29-22.55.22:175][  0]LogPakFile: Registered encryption key '00000000000000000000000000000000': 0 pak files mounted, 0 remain pending
[2019.05.29-22.55.22:197][  0]LogPakFile: Registered encryption key '00000000000000000000000000000000': 0 pak files mounted, 0 remain pending
[2019.05.29-22.55.22:213][  0]LogPakFile: Registered encryption key '00000000000000000000000000000000': 0 pak files mounted, 0 remain pending
[2019.05.29-22.55.22:219][  0]LogPakFile: Registered encryption key '00000000000000000000000000000000': 0 pak files mounted, 0 remain pending
[2019.05.29-22.55.22:238][  0]LogPakFile: Registered encryption key '00000000000000000000000000000000': 0 pak files mounted, 0 remain pending
[2019.05.29-22.55.22:252][  0]LogPakFile: Registered encryption key '00000000000000000000000000000000': 0 pak files mounted, 0 remain pending
[2019.05.29-22.55.22:270][  0]LogPakFile: Registered encryption key '00000000000000000000000000000000': 0 pak files mounted, 0 remain pending
[2019.05.29-22.55.22:280][  0]LogPakFile: Registered encryption key '00000000000000000000000000000000': 0 pak files mounted, 0 remain pending
[2019.05.29-22.55.22:306][  0]LogPakFile: Registered encryption key '00000000000000000000000000000000': 0 pak files mounted, 0 remain pending
[2019.05.29-22.55.22:324][  0]LogPakFile: Registered encryption key '00000000000000000000000000000000': 0 pak files mounted, 0 remain pending
[2019.05.29-22.55.22:331][  0]LogPakFile: Registered encryption key '00000000000000000000000000000000': 0 pak files mounted, 0 remain pending
[2019.05.29-22.55.22:336][  0]LogPakFile: Registered encryption key '00000000000000000000000000000000': 0 pak files mounted, 0 remain pending
[2019.05.29-22.55.22:375][  0]LogPakFile: Registered encryption key '00000000000000000000000000000000': 0 pak files mounted, 0 remain pending
[2019.05.29-22.55.22:399][  0]LogPakFile: Registered encryption key '00000000000000000000000000000000': 0 pak files mounted, 0 remain pending
[2019.05.29-22.55.22:423][  0]LogPakFile: Registered encryption key '00000000000000000000000000000000': 0 pak files mounted, 0 remain pending
[2019.05.29-22.55.22:429][  0]LogPakFile: Registered encryption key '00000000000000000000000000000000': 0 pak files mounted, 0 remain pending
[2019.05.29-22.55.22:445][  0]LogPakFile: Registered encryption key '00000000000000000000000000000000': 0 pak files mounted, 0 remain pending
[2019.05.29-22.55.22:460][  0]LogPakFile: Registered encryption key '00000000000000000000000000000000': 0 pak files mounted, 0 remain pending
[2019.05.29-22.55.23:305][  0]LogContentBrowser: Native class hierarchy updated for 'AddContentDialog' in 0.0005 seconds. Added 0 classes and 0 folders.
[2019.05.29-22.55.23:848][  0]LogContentBrowser: Native class hierarchy updated for 'SceneOutliner' in 0.0004 seconds. Added 1 classes and 2 folders.
[2019.05.29-22.55.28:138][  0]LogSlate: Updating window title bar state: overlay mode, drag disabled, window buttons hidden, title bar hidden
[2019.05.29-22.55.28:387][  0]LogSlate: Updating window title bar state: overlay mode, drag disabled, window buttons hidden, title bar hidden
[2019.05.29-22.55.28:395][  0]LogSlate: Updating window title bar state: overlay mode, drag disabled, window buttons hidden, title bar hidden
[2019.05.29-22.55.28:400][  0]LogSlate: Updating window title bar state: overlay mode, drag disabled, window buttons hidden, title bar hidden
[2019.05.29-22.55.34:425][  0]LogSlate: Only BGRA pngs, bmps or icos are supported in by External Image Picker
[2019.05.29-22.55.34:902][  0]LogSlate: Took 0.068826 seconds to synchronously load lazily loaded font '../../../Engine/Content/Slate/Fonts/Roboto-Regular.ttf' (155K)
[2019.05.29-22.55.35:124][  0]LogSlate: Took 0.065613 seconds to synchronously load lazily loaded font '../../../Engine/Content/Editor/Slate/Fonts/FontAwesome.ttf' (139K)
[2019.05.29-22.55.35:230][  0]LogSlate: Took 0.089303 seconds to synchronously load lazily loaded font '../../../Engine/Content/Slate/Fonts/Roboto-Bold.ttf' (160K)
[2019.05.29-22.55.35:612][  0]LogSlate: Took 0.076135 seconds to synchronously load lazily loaded font '../../../Engine/Content/Slate/Fonts/DroidSansMono.ttf' (77K)
[2019.05.29-22.55.35:998][  0]LogTemp: Executing iPhonePackager certificates Engine -bundlename com.YourCompany.BattleGrounds
[2019.05.29-22.55.35:998][  0]LogTemp: CWD: C:\Program Files\Epic Games\UE_4.21\Engine\Binaries\DotNET\IOS
[2019.05.29-22.55.35:998][  0]LogTemp: Initial Dir: C:\Program Files\Epic Games\UE_4.21
[2019.05.29-22.55.35:998][  0]LogTemp: Env CWD: C:\Program Files\Epic Games\UE_4.21\Engine\Binaries\DotNET\IOS
[2019.05.29-22.55.35:998][  0]LogTemp: BranchPath = DESKTOP-K3G4BCU/C/Program Files/Epic Games/UE_4.21/Engine/Binaries --- GameBranchPath = DESKTOP-K3G4BCU/C/Program Files/Epic Games/UE_4.21/Engine/Binaries
[2019.05.29-22.55.35:999][  0]LogSlate: Took 0.016622 seconds to synchronously load lazily loaded font '../../../Engine/Content/Slate/Fonts/Roboto-Light.ttf' (167K)
[2019.05.29-22.55.36:819][  0]LogTemp: IPP ERROR: Could not find provision directory 'C:\Users\alexr\AppData\Local/Apple Computer/MobileDevice/Provisioning Profiles/'.
[2019.05.29-22.55.36:819][  0]LogRenderer: Reallocating scene render targets to support 1480x516 Format 9 NumSamples 1 (Frame:1).
[2019.05.29-22.55.39:668][  0]LogContentBrowser: Native class hierarchy updated for 'HierarchicalLODOutliner' in 0.0005 seconds. Added 0 classes and 0 folders.
[2019.05.29-22.55.39:669][  0]LogLoad: (Engine Initialization) Total time: 143.11 seconds
[2019.05.29-22.55.39:669][  0]LogLoad: (Engine Initialization) Total Blueprint compile time: 0.00 seconds
[2019.05.29-22.55.41:364][  0]LogD3D11RHI: Error: agsDriverExtensionsDX11_SetDepthBounds(1,0.000000, 1.000000) returned error code 2. **********PLEASE UPDATE YOUR VIDEO DRIVERS*********
[2019.05.29-22.55.41:364][  0]LogContentStreaming: Texture pool size now 800 MB
[2019.05.29-22.55.42:440][  3]LogAssetRegistry: Asset discovery search completed in 110.0891 seconds
[2019.05.29-22.55.42:444][  3]LogCollectionManager: Rebuilt the object cache for 0 collections in 0.000001 seconds (found 0 objects)
[2019.05.29-22.55.42:444][  3]LogCollectionManager: Fixed up redirectors for 0 collections in 0.000267 seconds (updated 0 objects)
[2019.05.29-23.06.28:043][889]LogSlate: Window 'Message Log' being destroyed
[2019.05.29-23.06.28:906][889]LogSlate: Window 'Message Log' being destroyed
[2019.05.29-23.06.36:192][910]LogSlate: Window 'Project Settings' being destroyed
[2019.05.29-23.06.36:260][910]LogSlate: Window 'Project Settings' being destroyed
[2019.05.29-23.06.51:537][ 95]LogSlate: Window 'BattleGrounds - Unreal Editor' being destroyed
[2019.05.29-23.06.51:582][ 95]LogWindowsTextInputMethodSystem: Display: IME system now deactivated.
[2019.05.29-23.06.57:290][ 96]Cmd: QUIT_EDITOR
[2019.05.29-23.07.00:185][ 96]LogExit: Preparing to exit.
[2019.05.29-23.07.14:898][ 96]LogExit: Editor shut down
[2019.05.29-23.07.15:039][ 96]LogExit: Transaction tracking system shut down
[2019.05.29-23.08.05:440][ 96]LogExit: Object subsystem successfully closed.
[2019.05.29-23.08.39:099][ 96]LogShaderCompilers: Display: Shaders left to compile 0
[2019.05.29-23.08.42:456][ 96]LogD3D11RHI: Shutdown
[2019.05.29-23.08.42:560][ 96]LogD3D11RHI: CleanupD3DDevice
[2019.05.29-23.08.47:486][ 96]LogD3D11RHI: ~FD3D11DynamicRHI
[2019.05.29-23.09.12:268][ 96]LogModuleManager: Shutting down and abandoning module HierarchicalLODOutliner (626)
[2019.05.29-23.09.12:286][ 96]LogModuleManager: Shutting down and abandoning module ExternalImagePicker (624)
[2019.05.29-23.09.12:286][ 96]LogModuleManager: Shutting down and abandoning module SceneOutliner (622)
[2019.05.29-23.09.12:340][ 96]LogModuleManager: Shutting down and abandoning module AddContentDialog (620)
[2019.05.29-23.09.16:308][ 96]LogModuleManager: Shutting down and abandoning module WidgetCarousel (619)
[2019.05.29-23.09.16:308][ 96]LogModuleManager: Shutting down and abandoning module EditorWidgets (616)
[2019.05.29-23.09.16:308][ 96]LogModuleManager: Shutting down and abandoning module CollectionManager (614)
[2019.05.29-23.09.16:495][ 96]LogModuleManager: Shutting down and abandoning module StatsViewer (612)
[2019.05.29-23.09.16:656][ 96]LogModuleManager: Shutting down and abandoning module FoliageEdit (610)
[2019.05.29-23.09.16:682][ 96]LogModuleManager: Shutting down and abandoning module LandscapeEditor (608)
[2019.05.29-23.09.17:274][ 96]LogModuleManager: Shutting down and abandoning module MeshPaintMode (606)
[2019.05.29-23.09.17:340][ 96]LogModuleManager: Shutting down and abandoning module SceneDepthPickerMode (604)
[2019.05.29-23.09.17:340][ 96]LogModuleManager: Shutting down and abandoning module ActorPickerMode (602)
[2019.05.29-23.09.17:340][ 96]LogModuleManager: Shutting down and abandoning module GeometryMode (600)
[2019.05.29-23.09.17:537][ 96]LogModuleManager: Shutting down and abandoning module TextureAlignMode (598)
[2019.05.29-23.09.17:537][ 96]LogModuleManager: Shutting down and abandoning module BspMode (596)
[2019.05.29-23.09.17:639][ 96]LogModuleManager: Shutting down and abandoning module PIEPreviewDeviceProfileSelector (594)
[2019.05.29-23.09.17:717][ 96]LogModuleManager: Shutting down and abandoning module SequenceRecorderSections (592)
[2019.05.29-23.09.17:831][ 96]LogModuleManager: Shutting down and abandoning module AutomationWorker (590)
[2019.05.29-23.09.18:084][ 96]LogModuleManager: Shutting down and abandoning module AudioCaptureEditor (588)
[2019.05.29-23.09.18:107][ 96]LogModuleManager: Shutting down and abandoning module MatineeToLevelSequence (586)
[2019.05.29-23.09.18:390][ 96]LogModuleManager: Shutting down and abandoning module LevelSequenceEditor (584)
[2019.05.29-23.09.19:507][ 96]LogModuleManager: Shutting down and abandoning module PlacementMode (583)
[2019.05.29-23.09.19:551][ 96]LogModuleManager: Shutting down and abandoning module MaterialEditor (582)
[2019.05.29-23.09.19:621][ 96]LogModuleManager: Shutting down and abandoning module WmfMediaFactory (578)
[2019.05.29-23.09.19:621][ 96]LogModuleManager: Shutting down and abandoning module WmfMediaEditor (576)
[2019.05.29-23.09.19:621][ 96]LogModuleManager: Shutting down and abandoning module WebMMediaFactory (574)
[2019.05.29-23.09.19:621][ 96]LogModuleManager: Shutting down and abandoning module WebMMediaEditor (572)
[2019.05.29-23.09.19:621][ 96]LogModuleManager: Shutting down and abandoning module WebMMedia (570)
[2019.05.29-23.09.19:678][ 96]LogModuleManager: Shutting down and abandoning module MediaPlayerEditor (568)
[2019.05.29-23.09.19:752][ 96]LogModuleManager: Shutting down and abandoning module MediaCompositingEditor (566)
[2019.05.29-23.09.20:268][ 96]LogModuleManager: Shutting down and abandoning module SequenceRecorder (565)
[2019.05.29-23.09.20:325][ 96]LogModuleManager: Shutting down and abandoning module OpenExrWrapper (562)
[2019.05.29-23.09.20:325][ 96]LogModuleManager: Shutting down and abandoning module ImgMediaFactory (560)
[2019.05.29-23.09.20:325][ 96]LogModuleManager: Shutting down and abandoning module ImgMediaEditor (558)
[2019.05.29-23.09.20:326][ 96]LogModuleManager: Shutting down and abandoning module AvfMediaFactory (556)
[2019.05.29-23.09.20:326][ 96]LogModuleManager: Shutting down and abandoning module AvfMediaEditor (554)
[2019.05.29-23.09.20:326][ 96]LogModuleManager: Shutting down and abandoning module AndroidMediaFactory (552)
[2019.05.29-23.09.20:326][ 96]LogModuleManager: Shutting down and abandoning module AndroidMediaEditor (550)
[2019.05.29-23.09.20:326][ 96]LogModuleManager: Shutting down and abandoning module MagicLeapCameraPreviewFactory (548)
[2019.05.29-23.09.20:326][ 96]LogModuleManager: Shutting down and abandoning module MagicLeapMediaFactory (546)
[2019.05.29-23.09.20:326][ 96]LogModuleManager: Shutting down and abandoning module MagicLeapMediaEditor (544)
[2019.05.29-23.09.20:326][ 96]LogModuleManager: Shutting down and abandoning module CharacterAI (542)
[2019.05.29-23.09.20:347][ 96]LogModuleManager: Shutting down and abandoning module SmartSnapping (540)
[2019.05.29-23.09.20:564][ 96]LogModuleManager: Shutting down and abandoning module SessionServices (538)
[2019.05.29-23.09.20:564][ 96]LogModuleManager: Shutting down and abandoning module ViewportSnapping (536)
[2019.05.29-23.09.20:637][ 96]LogModuleManager: Shutting down and abandoning module ViewportInteraction (534)
[2019.05.29-23.09.20:667][ 96]LogModuleManager: Shutting down and abandoning module ClothPainter (532)
[2019.05.29-23.09.21:735][ 96]LogModuleManager: Shutting down and abandoning module SkeletalMeshEditor (531)
[2019.05.29-23.09.22:772][ 96]LogModuleManager: Shutting down and abandoning module LogVisualizer (528)
[2019.05.29-23.09.23:599][ 96]LogModuleManager: Shutting down and abandoning module IntroTutorials (526)
[2019.05.29-23.09.24:163][ 96]LogModuleManager: Shutting down and abandoning module GameProjectGeneration (525)
[2019.05.29-23.09.24:265][ 96]LogModuleManager: Shutting down and abandoning module LuminPlatformEditor (522)
[2019.05.29-23.09.24:266][ 96]LogModuleManager: Shutting down and abandoning module IOSPlatformEditor (520)
[2019.05.29-23.09.24:420][ 96]LogModuleManager: Shutting down and abandoning module HTML5PlatformEditor (518)
[2019.05.29-23.09.24:420][ 96]LogModuleManager: Shutting down and abandoning module AndroidPlatformEditor (516)
[2019.05.29-23.09.24:496][ 96]LogModuleManager: Shutting down and abandoning module AndroidDeviceDetection (515)
[2019.05.29-23.09.26:210][ 96]LogModuleManager: Shutting down and abandoning module WindowsPlatformEditor (512)
[2019.05.29-23.09.26:217][ 96]LogModuleManager: Shutting down and abandoning module LuminRuntimeSettings (510)
[2019.05.29-23.09.26:217][ 96]LogModuleManager: Shutting down and abandoning module IOSRuntimeSettings (508)
[2019.05.29-23.09.26:218][ 96]LogModuleManager: Shutting down and abandoning module AndroidRuntimeSettings (506)
[2019.05.29-23.09.26:218][ 96]LogModuleManager: Shutting down and abandoning module TimeManagementEditor (504)
[2019.05.29-23.09.26:370][ 96]LogModuleManager: Shutting down and abandoning module InputBindingEditor (502)
[2019.05.29-23.09.26:550][ 96]LogModuleManager: Shutting down and abandoning module MergeActors (500)
[2019.05.29-23.09.26:570][ 96]LogModuleManager: Shutting down and abandoning module LocalizationDashboard (498)
[2019.05.29-23.09.26:774][ 96]LogModuleManager: Shutting down and abandoning module LocalizationService (497)
[2019.05.29-23.09.26:816][ 96]LogModuleManager: Shutting down and abandoning module HardwareTargeting (494)
[2019.05.29-23.09.26:816][ 96]LogModuleManager: Shutting down and abandoning module DeviceProfileEditor (492)
[2019.05.29-23.09.26:824][ 96]LogModuleManager: Shutting down and abandoning module UndoHistory (490)
[2019.05.29-23.09.26:919][ 96]LogModuleManager: Shutting down and abandoning module XmlParser (488)
[2019.05.29-23.09.26:959][ 96]LogModuleManager: Shutting down and abandoning module Blutility (486)
[2019.05.29-23.09.27:019][ 96]LogModuleManager: Shutting down and abandoning module ProjectSettingsViewer (484)
[2019.05.29-23.09.27:649][ 96]LogModuleManager: Shutting down and abandoning module ProjectTargetPlatformEditor (483)
[2019.05.29-23.09.28:336][ 96]LogModuleManager: Shutting down and abandoning module EditorSettingsViewer (480)
[2019.05.29-23.09.28:641][ 96]LogModuleManager: Shutting down and abandoning module SettingsEditor (478)
[2019.05.29-23.09.29:388][ 96]LogModuleManager: Shutting down and abandoning module ProjectLauncher (476)
[2019.05.29-23.09.29:711][ 96]LogModuleManager: Shutting down and abandoning module SessionFrontend (474)
[2019.05.29-23.09.29:777][ 96]LogModuleManager: Shutting down and abandoning module ProfilerClient (472)
[2019.05.29-23.09.29:844][ 96]LogModuleManager: Shutting down and abandoning module DeviceManager (470)
[2019.05.29-23.09.29:970][ 96]LogModuleManager: Shutting down and abandoning module TargetDeviceServices (469)
[2019.05.29-23.09.30:225][ 96]LogModuleManager: Shutting down and abandoning module AutomationController (466)
[2019.05.29-23.09.30:433][ 96]LogModuleManager: Shutting down and abandoning module AutomationWindow (464)
[2019.05.29-23.09.30:521][ 96]LogModuleManager: Shutting down and abandoning module Layers (462)
[2019.05.29-23.09.31:166][ 96]LogModuleManager: Shutting down and abandoning module ComponentVisualizers (460)
[2019.05.29-23.09.31:170][ 96]LogModuleManager: Shutting down and abandoning module DetailCustomizations (458)
[2019.05.29-23.09.31:680][ 96]LogModuleManager: Shutting down and abandoning module PackagesDialog (456)
[2019.05.29-23.09.31:782][ 96]LogModuleManager: Shutting down and abandoning module Persona (454)
[2019.05.29-23.09.32:179][ 96]LogModuleManager: Shutting down and abandoning module AdvancedPreviewScene (453)
[2019.05.29-23.09.32:180][ 96]LogModuleManager: Shutting down and abandoning module AnimGraph (451)
[2019.05.29-23.09.32:299][ 96]LogModuleManager: Shutting down and abandoning module Kismet (448)
[2019.05.29-23.09.32:806][ 96]LogModuleManager: Shutting down and abandoning module GraphEditor (446)
[2019.05.29-23.09.33:092][ 96]LogModuleManager: Shutting down and abandoning module ClassViewer (444)
[2019.05.29-23.09.33:463][ 96]LogModuleManager: Shutting down and abandoning module Toolbox (442)
[2019.05.29-23.09.33:545][ 96]LogModuleManager: Shutting down and abandoning module DesktopPlatform (441)
[2019.05.29-23.09.33:916][ 96]LogModuleManager: Shutting down and abandoning module ModuleUI (438)
[2019.05.29-23.09.34:056][ 96]LogModuleManager: Shutting down and abandoning module MovieSceneTools (436)
[2019.05.29-23.09.34:198][ 96]LogModuleManager: Shutting down and abandoning module OutputLog (434)
[2019.05.29-23.09.34:343][ 96]LogModuleManager: Shutting down and abandoning module GammaUI (432)
[2019.05.29-23.09.34:486][ 96]LogModuleManager: Shutting down and abandoning module Documentation (430)
[2019.05.29-23.09.34:659][ 96]LogModuleManager: Shutting down and abandoning module MovieSceneTracks (428)
[2019.05.29-23.09.34:700][ 96]LogModuleManager: Shutting down and abandoning module MovieScene (426)
[2019.05.29-23.09.35:011][ 96]LogModuleManager: Shutting down and abandoning module StreamingPauseRendering (424)
[2019.05.29-23.09.35:201][ 96]LogModuleManager: Shutting down and abandoning module LauncherPlatform (422)
[2019.05.29-23.09.35:201][ 96]LogModuleManager: Shutting down and abandoning module AnalyticsET (420)
[2019.05.29-23.09.35:221][ 96]LogModuleManager: Shutting down and abandoning module PortalServices (418)
[2019.05.29-23.09.35:358][ 96]LogModuleManager: Shutting down and abandoning module PortalRpc (416)
[2019.05.29-23.09.35:358][ 96]LogModuleManager: Shutting down and abandoning module MessagingRpc (414)
[2019.05.29-23.09.35:358][ 96]LogModuleManager: Shutting down and abandoning module AIModule (412)
[2019.05.29-23.09.36:526][ 96]LogModuleManager: Shutting down and abandoning module GameplayDebugger (411)
[2019.05.29-23.09.36:528][ 96]LogModuleManager: Shutting down and abandoning module AITestSuite (409)
[2019.05.29-23.09.36:549][ 96]LogModuleManager: Shutting down and abandoning module NavigationSystem (407)
[2019.05.29-23.09.36:655][ 96]LogModuleManager: Shutting down and abandoning module ImageWriteQueue (404)
[2019.05.29-23.09.37:849][ 96]LogModuleManager: Shutting down and abandoning module ProfilerService (402)
[2019.05.29-23.09.38:700][ 96]LogModuleManager: Shutting down and abandoning module TaskGraph (400)
[2019.05.29-23.09.38:910][ 96]LogModuleManager: Shutting down and abandoning module SteamVRController (398)
[2019.05.29-23.09.38:961][ 96]LogModuleManager: Shutting down and abandoning module ProceduralMeshComponentEditor (396)
[2019.05.29-23.09.39:013][ 96]LogModuleManager: Shutting down and abandoning module ProceduralMeshComponent (394)
[2019.05.29-23.09.39:024][ 96]LogModuleManager: Shutting down and abandoning module OculusInput (392)
[2019.05.29-23.09.39:349][ 96]LogModuleManager: Shutting down and abandoning module MobilePatchingUtils (390)
[2019.05.29-23.09.39:349][ 96]LogModuleManager: Shutting down and abandoning module EditableMesh (388)
[2019.05.29-23.09.39:455][ 96]LogModuleManager: Shutting down and abandoning module CustomMeshComponent (386)
[2019.05.29-23.09.39:455][ 96]LogModuleManager: Shutting down and abandoning module CableComponent (384)
[2019.05.29-23.09.39:487][ 96]LogModuleManager: Shutting down and abandoning module AudioCapture (382)
[2019.05.29-23.09.39:487][ 96]LogModuleManager: Shutting down and abandoning module ArchVisCharacter (380)
[2019.05.29-23.09.39:487][ 96]LogModuleManager: Shutting down and abandoning module AndroidPermission (378)
[2019.05.29-23.09.39:487][ 96]LogModuleManager: Shutting down and abandoning module NUTUnrealEngine4 (376)
[2019.05.29-23.09.39:675][ 96]LogModuleManager: Shutting down and abandoning module NetcodeUnitTest (374)
[2019.05.29-23.09.40:119][ 96]LogModuleManager: Shutting down and abandoning module MediaCompositing (372)
[2019.05.29-23.09.40:119][ 96]LogModuleManager: Shutting down and abandoning module LinearTimecode (370)
[2019.05.29-23.09.40:119][ 96]LogModuleManager: Shutting down and abandoning module ImgMedia (368)
[2019.05.29-23.09.40:615][ 96]LogModuleManager: Shutting down and abandoning module HTML5Networking (366)
[2019.05.29-23.09.40:615][ 96]LogModuleManager: Shutting down and abandoning module GeometryCacheTracks (364)
[2019.05.29-23.09.40:658][ 96]LogModuleManager: Shutting down and abandoning module GeometryCacheSequencer (362)
[2019.05.29-23.09.40:709][ 96]LogModuleManager: Shutting down and abandoning module BackChannel (360)
[2019.05.29-23.09.40:725][ 96]LogModuleManager: Shutting down and abandoning module AppleVision (358)
[2019.05.29-23.09.40:725][ 96]LogModuleManager: Shutting down and abandoning module AppleImageUtilsBlueprintSupport (356)
[2019.05.29-23.09.40:725][ 96]LogModuleManager: Shutting down and abandoning module AppleImageUtils (354)
[2019.05.29-23.09.40:757][ 96]LogModuleManager: Shutting down and abandoning module AlembicImporter (352)
[2019.05.29-23.09.40:775][ 96]LogModuleManager: Shutting down and abandoning module AlembicLibrary (351)
[2019.05.29-23.09.40:818][ 96]LogModuleManager: Shutting down and abandoning module GeometryCache (350)
[2019.05.29-23.09.40:818][ 96]LogModuleManager: Shutting down and abandoning module GeometryCacheEd (349)
[2019.05.29-23.09.40:818][ 96]LogModuleManager: Shutting down and abandoning module VariantManagerContent (344)
[2019.05.29-23.09.40:867][ 96]LogModuleManager: Shutting down and abandoning module DatasmithContentEditor (342)
[2019.05.29-23.09.40:875][ 96]LogModuleManager: Shutting down and abandoning module SpeedTreeImporter (340)
[2019.05.29-23.09.40:875][ 96]LogModuleManager: Shutting down and abandoning module PluginBrowser (338)
[2019.05.29-23.09.41:303][ 96]LogModuleManager: Shutting down and abandoning module MobileLauncherProfileWizard (336)
[2019.05.29-23.09.41:404][ 96]LogModuleManager: Shutting down and abandoning module PolygonModeling (334)
[2019.05.29-23.09.41:404][ 96]LogModuleManager: Shutting down and abandoning module MeshEditor (332)
[2019.05.29-23.09.41:462][ 96]LogModuleManager: Shutting down and abandoning module CryptoKeysOpenSSL (330)
[2019.05.29-23.09.41:527][ 96]LogModuleManager: Shutting down and abandoning module CryptoKeys (328)
[2019.05.29-23.09.41:527][ 96]LogModuleManager: Shutting down and abandoning module VisualStudioSourceCodeAccess (326)
[2019.05.29-23.09.41:542][ 96]LogModuleManager: Shutting down and abandoning module VisualStudioCodeSourceCodeAccess (324)
[2019.05.29-23.09.41:605][ 96]LogModuleManager: Shutting down and abandoning module UObjectPlugin (322)
[2019.05.29-23.09.41:605][ 96]LogModuleManager: Shutting down and abandoning module SubversionSourceControl (320)
[2019.05.29-23.09.41:717][ 96]LogModuleManager: Shutting down and abandoning module PerforceSourceControl (318)
[2019.05.29-23.09.42:107][ 96]LogModuleManager: Shutting down and abandoning module GitSourceControl (316)
[2019.05.29-23.09.42:214][ 96]LogModuleManager: Shutting down and abandoning module SourceControl (315)
[2019.05.29-23.09.42:495][ 96]LogModuleManager: Shutting down and abandoning module CLionSourceCodeAccess (312)
[2019.05.29-23.09.42:574][ 96]LogModuleManager: Shutting down and abandoning module ActorLayerUtilitiesEditor (310)
[2019.05.29-23.09.42:695][ 96]LogModuleManager: Shutting down and abandoning module ActorLayerUtilities (308)
[2019.05.29-23.09.42:702][ 96]LogModuleManager: Shutting down and abandoning module LightPropagationVolumeEditor (306)
[2019.05.29-23.09.42:703][ 96]LogModuleManager: Shutting down and abandoning module PaperTiledImporter (304)
[2019.05.29-23.09.42:703][ 96]LogModuleManager: Shutting down and abandoning module PaperSpriteSheetImporter (302)
[2019.05.29-23.09.42:741][ 96]LogModuleManager: Shutting down and abandoning module Paper2DEditor (300)
[2019.05.29-23.09.43:166][ 96]LogModuleManager: Shutting down and abandoning module MeshPaint (299)
[2019.05.29-23.09.43:521][ 96]LogModuleManager: Shutting down and abandoning module BattleGrounds (296)
[2019.05.29-23.09.43:522][ 96]LogModuleManager: Shutting down and abandoning module RuntimePhysXCooking (294)
[2019.05.29-23.09.43:591][ 96]LogModuleManager: Shutting down and abandoning module PhysXVehiclesEditor (292)
[2019.05.29-23.09.43:681][ 96]LogModuleManager: Shutting down and abandoning module PhysXVehicles (290)
[2019.05.29-23.09.43:811][ 96]LogModuleManager: Shutting down and abandoning module OculusEditor (288)
[2019.05.29-23.09.44:313][ 96]LogModuleManager: Shutting down and abandoning module LocationServicesBPLibrary (286)
[2019.05.29-23.09.44:313][ 96]LogModuleManager: Shutting down and abandoning module ActorSequence (284)
[2019.05.29-23.09.44:313][ 96]LogModuleManager: Shutting down and abandoning module UdpMessaging (282)
[2019.05.29-23.09.44:634][ 96]LogModuleManager: Shutting down and abandoning module TcpMessaging (280)
[2019.05.29-23.09.44:756][ 96]LogModuleManager: Shutting down and abandoning module MagicLeapAudio (278)
[2019.05.29-23.09.44:767][ 96]LogModuleManager: Shutting down and abandoning module GameplayTagsEditor (276)
[2019.05.29-23.09.45:286][ 96]LogModuleManager: Shutting down and abandoning module FacialAnimationEditor (274)
[2019.05.29-23.09.45:374][ 96]LogModuleManager: Shutting down and abandoning module FacialAnimation (272)
[2019.05.29-23.09.45:374][ 96]LogModuleManager: Shutting down and abandoning module DataValidation (270)
[2019.05.29-23.09.45:406][ 96]LogModuleManager: Shutting down and abandoning module AssetManagerEditor (268)
[2019.05.29-23.09.45:545][ 96]LogModuleManager: Shutting down and abandoning module LevelEditor (267)
[2019.05.29-23.09.47:076][ 96]LogModuleManager: Shutting down and abandoning module PixelInspectorModule (266)
[2019.05.29-23.09.47:137][ 96]LogModuleManager: Shutting down and abandoning module CommonMenuExtensions (264)
[2019.05.29-23.09.47:317][ 96]LogModuleManager: Shutting down and abandoning module MainFrame (262)
[2019.05.29-23.09.47:507][ 96]LogModuleManager: Shutting down and abandoning module HotReload (261)
[2019.05.29-23.09.47:954][ 96]LogModuleManager: Shutting down and abandoning module ContentBrowser (257)
[2019.05.29-23.09.48:612][ 96]LogModuleManager: Shutting down and abandoning module TreeMap (255)
[2019.05.29-23.09.48:671][ 96]LogModuleManager: Shutting down and abandoning module LightPropagationVolumeRuntime (252)
[2019.05.29-23.09.48:671][ 96]LogModuleManager: Shutting down and abandoning module AISupportModule (250)
[2019.05.29-23.09.48:684][ 96]LogModuleManager: Shutting down and abandoning module Paper2D (248)
[2019.05.29-23.09.48:692][ 96]LogModuleManager: Shutting down and abandoning module WindowsMoviePlayer (246)
[2019.05.29-23.09.48:724][ 96]LogModuleManager: Shutting down and abandoning module WebMMoviePlayer (244)
[2019.05.29-23.09.48:758][ 96]LogModuleManager: Shutting down and abandoning module WmfMedia (242)
[2019.05.29-23.09.49:069][ 96]LogModuleManager: Shutting down and abandoning module Media (241)
[2019.05.29-23.09.49:842][ 96]LogModuleManager: Shutting down and abandoning module PacketHandler (238)
[2019.05.29-23.09.49:858][ 96]LogModuleManager: Shutting down and abandoning module ClothingSystemEditor (236)
[2019.05.29-23.09.50:062][ 96]LogModuleManager: Shutting down and abandoning module ClothingSystemRuntime (234)
[2019.05.29-23.09.50:270][ 96]LogModuleManager: Shutting down and abandoning module MediaAssets (232)
[2019.05.29-23.09.50:328][ 96]LogModuleManager: Shutting down and abandoning module Overlay (230)
[2019.05.29-23.09.50:347][ 96]LogModuleManager: Shutting down and abandoning module OverlayEditor (229)
[2019.05.29-23.09.50:357][ 96]LogModuleManager: Shutting down and abandoning module VREditor (226)
[2019.05.29-23.09.50:648][ 96]LogModuleManager: Shutting down and abandoning module StringTableEditor (224)
[2019.05.29-23.09.50:773][ 96]LogModuleManager: Shutting down and abandoning module GameplayTasksEditor (222)
[2019.05.29-23.09.50:780][ 96]LogModuleManager: Shutting down and abandoning module BehaviorTreeEditor (220)
[2019.05.29-23.09.50:893][ 96]LogModuleManager: Shutting down and abandoning module FunctionalTesting (218)
[2019.05.29-23.09.50:987][ 96]LogModuleManager: Shutting down and abandoning module CollisionAnalyzer (216)
[2019.05.29-23.09.51:254][ 96]LogModuleManager: Shutting down and abandoning module WorkspaceMenuStructure (215)
[2019.05.29-23.09.51:986][ 96]LogModuleManager: Shutting down and abandoning module UMG (212)
[2019.05.29-23.09.52:491][ 96]LogModuleManager: Shutting down and abandoning module UMGEditor (211)
[2019.05.29-23.09.52:799][ 96]LogModuleManager: Shutting down and abandoning module Sequencer (210)
[2019.05.29-23.09.53:666][ 96]LogModuleManager: Shutting down and abandoning module MessageLog (207)
[2019.05.29-23.09.53:666][ 96]LogModuleManager: Shutting down and abandoning module SlateReflector (202)
[2019.05.29-23.09.54:109][ 96]LogModuleManager: Shutting down and abandoning module Slate (200)
[2019.05.29-23.09.54:109][ 96]LogModuleManager: Shutting down and abandoning module EditorStyle (198)
[2019.05.29-23.09.56:212][ 96]LogModuleManager: Shutting down and abandoning module MRMesh (196)
[2019.05.29-23.09.56:236][ 96]LogModuleManager: Shutting down and abandoning module SourceCodeAccess (194)
[2019.05.29-23.09.56:273][ 96]LogModuleManager: Shutting down and abandoning module HeadMountedDisplay (192)
[2019.05.29-23.09.56:300][ 96]LogModuleManager: Shutting down and abandoning module XAudio2 (190)
[2019.05.29-23.09.56:482][ 96]LogModuleManager: Shutting down and abandoning module Networking (188)
[2019.05.29-23.09.56:482][ 96]LogModuleManager: Shutting down and abandoning module Core (186)
[2019.05.29-23.09.56:511][ 96]LogModuleManager: Shutting down and abandoning module LevelSequence (184)
[2019.05.29-23.09.56:936][ 96]LogModuleManager: Shutting down and abandoning module KismetCompiler (182)
[2019.05.29-23.09.56:936][ 96]LogModuleManager: Shutting down and abandoning module MeshUtilities (180)
[2019.05.29-23.09.57:169][ 96]LogModuleManager: Shutting down and abandoning module MeshMergeUtilities (179)
[2019.05.29-23.09.57:586][ 96]LogModuleManager: Shutting down and abandoning module MeshReductionInterface (178)
[2019.05.29-23.09.57:638][ 96]LogModuleManager: Shutting down and abandoning module SimplygonSwarm (177)
[2019.05.29-23.09.57:727][ 96]LogModuleManager: Shutting down and abandoning module ProxyLODMeshReduction (175)
[2019.05.29-23.09.57:990][ 96]LogModuleManager: Shutting down and abandoning module SimplygonMeshReduction (173)
[2019.05.29-23.09.58:202][ 96]LogModuleManager: Shutting down and abandoning module QuadricMeshReduction (171)
[2019.05.29-23.09.58:238][ 96]LogModuleManager: Shutting down and abandoning module MaterialBaking (167)
[2019.05.29-23.09.58:716][ 96]LogModuleManager: Shutting down and abandoning module DirectoryWatcher (163)
[2019.05.29-23.10.00:269][ 96]LogModuleManager: Shutting down and abandoning module DerivedDataCache (160)
[2019.05.29-23.10.00:669][ 96]LogDerivedDataCache: Shutdown
[2019.05.29-23.10.00:670][ 96]LogModuleManager: Shutting down and abandoning module XGEController (158)
[2019.05.29-23.10.00:798][ 96]LogModuleManager: Shutting down and abandoning module TargetPlatform (156)
[2019.05.29-23.10.01:028][ 96]LogModuleManager: Shutting down and abandoning module VulkanShaderFormat (155)
[2019.05.29-23.10.01:138][ 96]LogModuleManager: Shutting down and abandoning module ShaderFormatVectorVM (153)
[2019.05.29-23.10.01:150][ 96]LogModuleManager: Shutting down and abandoning module ShaderFormatOpenGL (151)
[2019.05.29-23.10.01:171][ 96]LogModuleManager: Shutting down and abandoning module ShaderFormatD3D (149)
[2019.05.29-23.10.01:265][ 96]LogModuleManager: Shutting down and abandoning module MetalShaderFormat (147)
[2019.05.29-23.10.01:295][ 96]LogModuleManager: Shutting down and abandoning module TextureFormatUncompressed (145)
[2019.05.29-23.10.01:376][ 96]LogModuleManager: Shutting down and abandoning module TextureFormatPVR (143)
[2019.05.29-23.10.01:557][ 96]LogModuleManager: Shutting down and abandoning module TextureFormatDXT (141)
[2019.05.29-23.10.01:812][ 96]LogModuleManager: Shutting down and abandoning module TextureFormatIntelISPCTexComp (139)
[2019.05.29-23.10.02:537][ 96]LogModuleManager: Shutting down and abandoning module TextureFormatASTC (137)
[2019.05.29-23.10.02:610][ 96]LogModuleManager: Shutting down and abandoning module ImageWrapper (136)
[2019.05.29-23.10.02:610][ 96]LogModuleManager: Shutting down and abandoning module TextureFormatAndroid (133)
[2019.05.29-23.10.02:650][ 96]LogModuleManager: Shutting down and abandoning module AudioFormatOpus (131)
[2019.05.29-23.10.02:806][ 96]LogModuleManager: Shutting down and abandoning module AudioFormatOgg (129)
[2019.05.29-23.10.02:860][ 96]LogModuleManager: Shutting down and abandoning module AudioFormatADPCM (127)
[2019.05.29-23.10.03:003][ 96]LogModuleManager: Shutting down and abandoning module LuminTargetPlatform (125)
[2019.05.29-23.10.11:344][ 96]LogModuleManager: Shutting down and abandoning module LinuxTargetPlatform (123)
[2019.05.29-23.10.11:520][ 96]LogModuleManager: Shutting down and abandoning module LinuxServerTargetPlatform (121)
[2019.05.29-23.10.11:569][ 96]LogModuleManager: Shutting down and abandoning module LinuxNoEditorTargetPlatform (119)
[2019.05.29-23.10.11:660][ 96]LogModuleManager: Shutting down and abandoning module LinuxClientTargetPlatform (117)
[2019.05.29-23.10.11:668][ 96]LogModuleManager: Shutting down and abandoning module TVOSTargetPlatform (115)
[2019.05.29-23.10.13:206][ 96]LogModuleManager: Shutting down and abandoning module Messaging (113)
[2019.05.29-23.10.13:207][ 96]LogModuleManager: Shutting down and abandoning module IOSTargetPlatform (111)
[2019.05.29-23.10.14:272][ 96]LogModuleManager: Shutting down and abandoning module HTML5TargetPlatform (109)
[2019.05.29-23.10.14:291][ 96]LogModuleManager: Shutting down and abandoning module AndroidTargetPlatform (107)
[2019.05.29-23.10.18:080][ 96]LogModuleManager: Shutting down and abandoning module WindowsTargetPlatform (105)
[2019.05.29-23.10.18:144][ 96]LogModuleManager: Shutting down and abandoning module WindowsServerTargetPlatform (103)
[2019.05.29-23.10.18:181][ 96]LogModuleManager: Shutting down and abandoning module WindowsNoEditorTargetPlatform (101)
[2019.05.29-23.10.18:327][ 96]LogModuleManager: Shutting down and abandoning module WindowsClientTargetPlatform (99)
[2019.05.29-23.10.18:643][ 96]LogModuleManager: Shutting down and abandoning module MacTargetPlatform (97)
[2019.05.29-23.10.18:805][ 96]LogModuleManager: Shutting down and abandoning module MacServerTargetPlatform (95)
[2019.05.29-23.10.18:930][ 96]LogModuleManager: Shutting down and abandoning module MacNoEditorTargetPlatform (93)
[2019.05.29-23.10.18:935][ 96]LogModuleManager: Shutting down and abandoning module MacClientTargetPlatform (91)
[2019.05.29-23.10.18:944][ 96]LogModuleManager: Shutting down and abandoning module AllDesktopTargetPlatform (89)
[2019.05.29-23.10.18:944][ 96]LogModuleManager: Shutting down and abandoning module InputCore (86)
[2019.05.29-23.10.18:950][ 96]LogModuleManager: Shutting down and abandoning module Settings (84)
[2019.05.29-23.10.19:030][ 96]LogModuleManager: Shutting down and abandoning module PhysXCooking (82)
[2019.05.29-23.10.19:030][ 96]LogModuleManager: Shutting down and abandoning module SteamVR (80)
[2019.05.29-23.10.19:374][ 96]LogHMD: Freeing OpenVRDLLHandle.
[2019.05.29-23.10.19:382][ 96]LogModuleManager: Shutting down and abandoning module OculusHMD (78)
[2019.05.29-23.10.19:508][ 96]LogModuleManager: Shutting down and abandoning module ExampleDeviceProfileSelector (76)
[2019.05.29-23.10.19:508][ 96]LogModuleManager: Shutting down and abandoning module LauncherChunkInstaller (74)
[2019.05.29-23.10.19:508][ 96]LogModuleManager: Shutting down and abandoning module OnlineBlueprintSupport (72)
[2019.05.29-23.10.19:508][ 96]LogModuleManager: Shutting down and abandoning module OnlineSubsystem (68)
[2019.05.29-23.10.21:101][ 96]LogModuleManager: Shutting down and abandoning module XMPP (63)
[2019.05.29-23.10.21:245][ 96]LogModuleManager: Shutting down and abandoning module WebSockets (62)
[2019.05.29-23.10.22:349][ 96]LogModuleManager: Shutting down and abandoning module HTTP (59)
[2019.05.29-23.10.22:349][ 96]LogHttp: Display: Http module shutting down, but needs to wait on 1 outstanding Http requests:
[2019.05.29-23.10.22:349][ 96]LogHttp: Display: 	verb=[POST] url=[https://datarouter.ol.epicgames.com/datarouter/api/v1/public/data?SessionID=%7B3C523964-4F0E-19FA-B3F0-8DB3FE3FB420%7D&AppID=UEEditor.Rocket.Release&AppVersion=4.21.2-4753647%2B%2B%2BUE4%2BRelease-4.21&UserID=1c8de5cd42842546381f6093fd9efc3b%7C05f95b97b78442a5bbd52d197c3abf12%7C0b71aad0-c5f8-473e-a806-40ca650c51b4&AppEnvironment=datacollector-binary&UploadType=eteventstream] status=Processing
[2019.05.29-23.10.22:822][ 96]LogModuleManager: Shutting down and abandoning module SSL (58)
[2019.05.29-23.10.23:267][ 96]LogModuleManager: Shutting down and abandoning module MagicLeapIdentity (54)
[2019.05.29-23.10.23:277][ 96]LogModuleManager: Shutting down and abandoning module MagicLeapHelperVulkan (52)
[2019.05.29-23.10.23:314][ 96]LogModuleManager: Shutting down and abandoning module MagicLeapHelperOpenGL (50)
[2019.05.29-23.10.23:318][ 96]LogModuleManager: Shutting down and abandoning module MagicLeapSecureStorage (48)
[2019.05.29-23.10.23:318][ 96]LogModuleManager: Shutting down and abandoning module MagicLeapHandTracking (46)
[2019.05.29-23.10.23:536][ 96]LogModuleManager: Shutting down and abandoning module MagicLeapEyeTracker (44)
[2019.05.29-23.10.23:536][ 96]LogModuleManager: Shutting down and abandoning module MagicLeapController (42)
[2019.05.29-23.10.23:810][ 96]LogSlate: Slate User Destroyed.  User Index 0, Is Virtual User: 0
[2019.05.29-23.10.23:827][ 96]LogModuleManager: Shutting down and abandoning module MagicLeap (40)
[2019.05.29-23.10.24:875][ 96]LogModuleManager: Shutting down and abandoning module DatasmithContent (38)
[2019.05.29-23.10.24:921][ 96]LogModuleManager: Shutting down and abandoning module AnimationModifiers (36)
[2019.05.29-23.10.25:250][ 96]LogModuleManager: Shutting down and abandoning module PropertyEditor (35)
[2019.05.29-23.10.25:735][ 96]LogModuleManager: Shutting down and abandoning module AudioEditor (32)
[2019.05.29-23.10.26:217][ 96]LogModuleManager: Shutting down and abandoning module TextureCompressor (30)
[2019.05.29-23.10.26:473][ 96]LogModuleManager: Shutting down and abandoning module ShaderCore (28)
[2019.05.29-23.10.26:473][ 96]LogModuleManager: Shutting down and abandoning module Landscape (26)
[2019.05.29-23.10.26:473][ 96]LogModuleManager: Shutting down and abandoning module SlateRHIRenderer (24)
[2019.05.29-23.10.28:140][ 96]LogModuleManager: Shutting down and abandoning module OpenGLDrv (22)
[2019.05.29-23.10.28:321][ 96]LogModuleManager: Shutting down and abandoning module D3D11RHI (20)
[2019.05.29-23.10.28:321][ 96]LogModuleManager: Shutting down and abandoning module AnimGraphRuntime (18)
[2019.05.29-23.10.28:436][ 96]LogModuleManager: Shutting down and abandoning module Renderer (16)
[2019.05.29-23.10.28:436][ 96]LogModuleManager: Shutting down and abandoning module Engine (14)
[2019.05.29-23.10.28:478][ 96]LogModuleManager: Shutting down and abandoning module CoreUObject (12)
[2019.05.29-23.10.28:507][ 96]LogModuleManager: Shutting down and abandoning module NetworkFile (10)
[2019.05.29-23.10.28:655][ 96]LogModuleManager: Shutting down and abandoning module CookedIterativeFile (8)
[2019.05.29-23.10.28:757][ 96]LogModuleManager: Shutting down and abandoning module StreamingFile (6)
[2019.05.29-23.10.28:879][ 96]LogModuleManager: Shutting down and abandoning module SandboxFile (4)
[2019.05.29-23.10.28:991][ 96]LogModuleManager: Shutting down and abandoning module PakFile (2)
[2019.05.29-23.10.30:135][ 96]LogExit: Exiting.
[2019.05.29-23.10.32:598][ 96]Log file closed, 05/29/19 19:10:32
