Log file open, 06/15/19 11:07:25
LogWindows: Failed to load 'aqProf.dll' (GetLastError=126)
LogWindows: File 'aqProf.dll' does not exist
LogWindows: Failed to load 'VtuneApi.dll' (GetLastError=126)
LogWindows: File 'VtuneApi.dll' does not exist
LogWindows: Failed to load 'VtuneApi32e.dll' (GetLastError=126)
LogWindows: File 'VtuneApi32e.dll' does not exist
LogConsoleResponse: Display: Failed to find resolution value strings in scalability ini. Falling back to default.
LogInit: Display: Running engine for game: BattleGrounds
LogPakFile: Registered encryption key '00000000000000000000000000000000': 0 pak files mounted, 0 remain pending
LogPlatformFile: Not using cached read wrapper
LogTaskGraph: Started task graph with 5 named threads and 20 total threads with 3 sets of task threads.
LogStats: Stats thread started at 0.243005
LogD3D11RHI: Loaded GFSDK_Aftermath_Lib.x64.dll
LogICUInternationalization: ICU TimeZone Detection - Raw Offset: -5:00, Platform Override: ''
LogPluginManager: Mounting plugin Paper2D
LogPluginManager: Mounting plugin AISupport
LogPluginManager: Mounting plugin LightPropagationVolume
LogPluginManager: Mounting plugin ActorLayerUtilities
LogPluginManager: Mounting plugin CLionSourceCodeAccess
LogPluginManager: Mounting plugin CodeLiteSourceCodeAccess
LogPluginManager: Mounting plugin GitSourceControl
LogPluginManager: Mounting plugin KDevelopSourceCodeAccess
LogPluginManager: Mounting plugin NullSourceCodeAccess
LogPluginManager: Mounting plugin PerforceSourceControl
LogPluginManager: Mounting plugin SubversionSourceControl
LogPluginManager: Mounting plugin UObjectPlugin
LogPluginManager: Mounting plugin VisualStudioCodeSourceCodeAccess
LogPluginManager: Mounting plugin VisualStudioSourceCodeAccess
LogPluginManager: Mounting plugin XCodeSourceCodeAccess
LogPluginManager: Mounting plugin AssetManagerEditor
LogPluginManager: Mounting plugin CryptoKeys
LogPluginManager: Mounting plugin DataValidation
LogPluginManager: Mounting plugin FacialAnimation
LogPluginManager: Mounting plugin GameplayTagsEditor
LogPluginManager: Mounting plugin MacGraphicsSwitching
LogPluginManager: Mounting plugin MeshEditor
LogPluginManager: Mounting plugin MobileLauncherProfileWizard
LogPluginManager: Mounting plugin PluginBrowser
LogPluginManager: Mounting plugin SpeedTreeImporter
LogPluginManager: Mounting plugin DatasmithContent
LogPluginManager: Mounting plugin VariantManagerContent
LogPluginManager: Mounting plugin AlembicImporter
LogPluginManager: Mounting plugin AppleImageUtils
LogPluginManager: Mounting plugin AppleVision
LogPluginManager: Mounting plugin BackChannel
LogPluginManager: Mounting plugin CharacterAI
LogPluginManager: Mounting plugin GeometryCache
LogPluginManager: Mounting plugin HTML5Networking
LogPluginManager: Mounting plugin ProxyLODPlugin
LogPluginManager: Mounting plugin MagicLeap
LogPluginManager: Mounting plugin MagicLeapMedia
LogPluginManager: Mounting plugin AndroidMedia
LogPluginManager: Mounting plugin AvfMedia
LogPluginManager: Mounting plugin ImgMedia
LogPluginManager: Mounting plugin LinearTimecode
LogPluginManager: Mounting plugin MediaCompositing
LogPluginManager: Mounting plugin MediaPlayerEditor
LogPluginManager: Mounting plugin WebMMedia
LogPluginManager: Mounting plugin WmfMedia
LogPluginManager: Mounting plugin TcpMessaging
LogPluginManager: Mounting plugin UdpMessaging
LogPluginManager: Mounting plugin ActorSequence
LogPluginManager: Mounting plugin LevelSequenceEditor
LogPluginManager: Mounting plugin MatineeToLevelSequence
LogPluginManager: Mounting plugin NetcodeUnitTest
LogPluginManager: Mounting plugin NUTUnrealEngine4
LogPluginManager: Mounting plugin OnlineSubsystemGooglePlay
LogPluginManager: Mounting plugin OnlineSubsystemIOS
LogPluginManager: Mounting plugin OnlineSubsystem
LogPluginManager: Mounting plugin OnlineSubsystemNull
LogPluginManager: Mounting plugin OnlineSubsystemUtils
LogPluginManager: Mounting plugin LauncherChunkInstaller
LogPluginManager: Mounting plugin AndroidDeviceProfileSelector
LogPluginManager: Mounting plugin AndroidMoviePlayer
LogPluginManager: Mounting plugin AndroidPermission
LogPluginManager: Mounting plugin AppleMoviePlayer
LogPluginManager: Mounting plugin ArchVisCharacter
LogPluginManager: Mounting plugin AudioCapture
LogPluginManager: Mounting plugin CableComponent
LogPluginManager: Mounting plugin CustomMeshComponent
LogPluginManager: Mounting plugin EditableMesh
LogPluginManager: Mounting plugin ExampleDeviceProfileSelector
LogPluginManager: Mounting plugin Firebase
LogPluginManager: Mounting plugin GoogleCloudMessaging
LogPluginManager: Mounting plugin IOSDeviceProfileSelector
LogPluginManager: Mounting plugin LinuxDeviceProfileSelector
LogPluginManager: Mounting plugin LocationServicesBPLibrary
LogPluginManager: Mounting plugin MobilePatchingUtils
LogPluginManager: Mounting plugin OculusVR
LogPluginManager: Mounting plugin PhysXVehicles
LogPluginManager: Mounting plugin ProceduralMeshComponent
LogPluginManager: Mounting plugin RuntimePhysXCooking
LogPluginManager: Mounting plugin SteamVR
LogPluginManager: Mounting plugin WebMMoviePlayer
LogPluginManager: Mounting plugin WindowsMoviePlayer
LogStreaming: Display: Took  0.217s to configure plugins.
LogInit: Using libcurl 7.55.1-DEV
LogInit:  - built for x86_64-pc-win32
LogInit:  - supports SSL with OpenSSL/1.0.2h
LogInit:  - supports HTTP deflate (compression) using libz 1.2.8
LogInit:  - other features:
LogInit:      CURL_VERSION_SSL
LogInit:      CURL_VERSION_LIBZ
LogInit:      CURL_VERSION_IPV6
LogInit:      CURL_VERSION_ASYNCHDNS
LogInit:      CURL_VERSION_LARGEFILE
LogInit:      CURL_VERSION_IDN
LogInit:  CurlRequestOptions (configurable via config and command line):
LogInit:  - bVerifyPeer = true  - Libcurl will verify peer certificate
LogInit:  - bUseHttpProxy = false  - Libcurl will NOT use HTTP proxy
LogInit:  - bDontReuseConnections = false  - Libcurl will reuse connections
LogInit:  - MaxHostConnections = 16  - Libcurl will limit the number of connections to a host
LogInit:  - LocalHostAddr = Default
LogInit:  - BufferSize = 65536
LogInit: WinSock: version 1.1 (2.2), MaxSocks=32767, MaxUdp=65467
LogInit: Build: ++UE4+Release-4.21-CL-4753647
LogInit: Engine Version: 4.21.2-4753647+++UE4+Release-4.21
LogInit: Compatible Engine Version: 4.21.0-4541578+++UE4+Release-4.21
LogInit: Net CL: 4541578
LogInit: OS: Windows 10 (), CPU: Intel(R) Core(TM) i5-8400 CPU @ 2.80GHz, GPU: Intel(R) UHD Graphics 630
LogInit: Compiled (64-bit): Jan 19 2019 02:07:31
LogInit: Compiled with Visual C++: 19.13.26129.00
LogInit: Build Configuration: Development
LogInit: Branch Name: ++UE4+Release-4.21
LogInit: Command Line: 
LogInit: Base Directory: C:/Program Files/Epic Games/UE_4.21/Engine/Binaries/Win64/
LogInit: Installed Engine Build: 1
LogDevObjectVersion: Number of dev versions registered: 22
LogDevObjectVersion:   Dev-Blueprints (B0D832E4-1F89-4F0D-ACCF-7EB736FD4AA2): 10
LogDevObjectVersion:   Dev-Build (E1C64328-A22C-4D53-A36C-8E866417BD8C): 0
LogDevObjectVersion:   Dev-Core (375EC13C-06E4-48FB-B500-84F0262A717E): 2
LogDevObjectVersion:   Dev-Editor (E4B068ED-F494-42E9-A231-DA0B2E46BB41): 26
LogDevObjectVersion:   Dev-Framework (CFFC743F-43B0-4480-9391-14DF171D2073): 34
LogDevObjectVersion:   Dev-Mobile (B02B49B5-BB20-44E9-A304-32B752E40360): 2
LogDevObjectVersion:   Dev-Networking (A4E4105C-59A1-49B5-A7C5-40C4547EDFEE): 0
LogDevObjectVersion:   Dev-Online (39C831C9-5AE6-47DC-9A44-9C173E1C8E7C): 0
LogDevObjectVersion:   Dev-Physics (78F01B33-EBEA-4F98-B9B4-84EACCB95AA2): 0
LogDevObjectVersion:   Dev-Platform (6631380F-2D4D-43E0-8009-CF276956A95A): 0
LogDevObjectVersion:   Dev-Rendering (12F88B9F-8875-4AFC-A67C-D90C383ABD29): 27
LogDevObjectVersion:   Dev-Sequencer (7B5AE74C-D270-4C10-A958-57980B212A5A): 9
LogDevObjectVersion:   Dev-VR (D7296918-1DD6-4BDD-9DE2-64A83CC13884): 2
LogDevObjectVersion:   Dev-LoadTimes (C2A15278-BFE7-4AFE-6C17-90FF531DF755): 1
LogDevObjectVersion:   Private-Geometry (6EACA3D4-40EC-4CC1-B786-8BED09428FC5): 3
LogDevObjectVersion:   Dev-AnimPhys (29E575DD-E0A3-4627-9D10-D276232CDCEA): 17
LogDevObjectVersion:   Dev-Anim (AF43A65D-7FD3-4947-9873-3E8ED9C1BB05): 2
LogDevObjectVersion:   Dev-ReflectionCapture (6B266CEC-1EC7-4B8F-A30B-E4D90942FC07): 1
LogDevObjectVersion:   Dev-Automation (0DF73D61-A23F-47EA-B727-89E90C41499A): 1
LogDevObjectVersion:   FortniteMain (601D1886-AC64-4F84-AA16-D3DE0DEAC7D6): 17
LogDevObjectVersion:   Dev-Enterprise (9DFFBCD6-494F-0158-E221-12823C92A888): 4
LogDevObjectVersion:   Dev-Niagara (F2AED0AC-9AFE-416F-8664-AA7FFA26D6FC): 1
LogStreaming: Display: Took  0.016s to delete old logs.
LogInit: Presizing for max 8388607 objects, including 0 objects not considered by GC, pre-allocating 0 bytes for permanent pool.
LogInit: Object subsystem initialized
LogConfig: Setting CVar [[con.DebugEarlyDefault:1]]
LogConfig: Setting CVar [[r.setres:1280x720]]
[2019.06.15-15.07.25:887][  0]LogConfig: Setting CVar [[r.VSync:0]]
[2019.06.15-15.07.25:887][  0]LogConfig: Setting CVar [[r.RHICmdBypass:0]]
[2019.06.15-15.07.25:887][  0]LogConfig: Applying CVar settings from Section [/Script/Engine.RendererSettings] File [C:/Users/alexr/OneDrive/Documents/Unreal Projects/BattleGrounds/Saved/Config/Windows/Engine.ini]
[2019.06.15-15.07.25:887][  0]LogConfig: Setting CVar [[r.GPUCrashDebugging:0]]
[2019.06.15-15.07.25:887][  0]LogConfig: Applying CVar settings from Section [/Script/Engine.RendererOverrideSettings] File [C:/Users/alexr/OneDrive/Documents/Unreal Projects/BattleGrounds/Saved/Config/Windows/Engine.ini]
[2019.06.15-15.07.25:887][  0]LogConfig: Applying CVar settings from Section [/Script/Engine.StreamingSettings] File [C:/Users/alexr/OneDrive/Documents/Unreal Projects/BattleGrounds/Saved/Config/Windows/Engine.ini]
[2019.06.15-15.07.25:887][  0]LogConfig: Setting CVar [[s.MinBulkDataSizeForAsyncLoading:131072]]
[2019.06.15-15.07.25:887][  0]LogConfig: Setting CVar [[s.AsyncLoadingThreadEnabled:0]]
[2019.06.15-15.07.25:887][  0]LogConfig: Setting CVar [[s.EventDrivenLoaderEnabled:1]]
[2019.06.15-15.07.25:887][  0]LogConfig: Setting CVar [[s.WarnIfTimeLimitExceeded:0]]
[2019.06.15-15.07.25:887][  0]LogConfig: Setting CVar [[s.TimeLimitExceededMultiplier:1.5]]
[2019.06.15-15.07.25:887][  0]LogConfig: Setting CVar [[s.TimeLimitExceededMinTime:0.005]]
[2019.06.15-15.07.25:887][  0]LogConfig: Setting CVar [[s.UseBackgroundLevelStreaming:1]]
[2019.06.15-15.07.25:887][  0]LogConfig: Setting CVar [[s.PriorityAsyncLoadingExtraTime:15.0]]
[2019.06.15-15.07.25:887][  0]LogConfig: Setting CVar [[s.LevelStreamingActorsUpdateTimeLimit:5.0]]
[2019.06.15-15.07.25:887][  0]LogConfig: Setting CVar [[s.PriorityLevelStreamingActorsUpdateExtraTime:5.0]]
[2019.06.15-15.07.25:887][  0]LogConfig: Setting CVar [[s.LevelStreamingComponentsRegistrationGranularity:10]]
[2019.06.15-15.07.25:887][  0]LogConfig: Setting CVar [[s.UnregisterComponentsTimeLimit:1.0]]
[2019.06.15-15.07.25:887][  0]LogConfig: Setting CVar [[s.LevelStreamingComponentsUnregistrationGranularity:5]]
[2019.06.15-15.07.25:887][  0]LogConfig: Applying CVar settings from Section [/Script/Engine.GarbageCollectionSettings] File [C:/Users/alexr/OneDrive/Documents/Unreal Projects/BattleGrounds/Saved/Config/Windows/Engine.ini]
[2019.06.15-15.07.25:887][  0]LogConfig: Setting CVar [[gc.MaxObjectsNotConsideredByGC:1]]
[2019.06.15-15.07.25:887][  0]LogConfig: Setting CVar [[gc.SizeOfPermanentObjectPool:0]]
[2019.06.15-15.07.25:887][  0]LogConfig: Setting CVar [[gc.FlushStreamingOnGC:0]]
[2019.06.15-15.07.25:887][  0]LogConfig: Setting CVar [[gc.NumRetriesBeforeForcingGC:10]]
[2019.06.15-15.07.25:887][  0]LogConfig: Setting CVar [[gc.AllowParallelGC:1]]
[2019.06.15-15.07.25:887][  0]LogConfig: Setting CVar [[gc.TimeBetweenPurgingPendingKillObjects:61.1]]
[2019.06.15-15.07.25:887][  0]LogConfig: Setting CVar [[gc.MaxObjectsInEditor:8388607]]
[2019.06.15-15.07.25:888][  0]LogConfig: Setting CVar [[gc.IncrementalBeginDestroyEnabled:1]]
[2019.06.15-15.07.25:888][  0]LogConfig: Setting CVar [[gc.CreateGCClusters:1]]
[2019.06.15-15.07.25:888][  0]LogConfig: Setting CVar [[gc.MergeGCClusters:0]]
[2019.06.15-15.07.25:888][  0]LogConfig: Setting CVar [[gc.MinGCClusterSize:5]]
[2019.06.15-15.07.25:888][  0]LogConfig: Setting CVar [[gc.ActorClusteringEnabled:0]]
[2019.06.15-15.07.25:888][  0]LogConfig: Setting CVar [[gc.BlueprintClusteringEnabled:0]]
[2019.06.15-15.07.25:888][  0]LogConfig: Setting CVar [[gc.UseDisregardForGCOnDedicatedServers:0]]
[2019.06.15-15.07.25:888][  0]LogConfig: Applying CVar settings from Section [/Script/Engine.NetworkSettings] File [C:/Users/alexr/OneDrive/Documents/Unreal Projects/BattleGrounds/Saved/Config/Windows/Engine.ini]
[2019.06.15-15.07.25:888][  0]LogConfig: Applying CVar settings from Section [/Script/UnrealEd.CookerSettings] File [C:/Users/alexr/OneDrive/Documents/Unreal Projects/BattleGrounds/Saved/Config/Windows/Engine.ini]
[2019.06.15-15.07.25:939][  0]LogConfig: Applying CVar settings from Section [ViewDistanceQuality@3] File [C:/Users/alexr/OneDrive/Documents/Unreal Projects/BattleGrounds/Saved/Config/Windows/Scalability.ini]
[2019.06.15-15.07.25:939][  0]LogConfig: Setting CVar [[r.SkeletalMeshLODBias:0]]
[2019.06.15-15.07.25:939][  0]LogConfig: Setting CVar [[r.ViewDistanceScale:1.0]]
[2019.06.15-15.07.25:939][  0]LogConfig: Applying CVar settings from Section [AntiAliasingQuality@3] File [C:/Users/alexr/OneDrive/Documents/Unreal Projects/BattleGrounds/Saved/Config/Windows/Scalability.ini]
[2019.06.15-15.07.25:939][  0]LogConfig: Setting CVar [[r.PostProcessAAQuality:4]]
[2019.06.15-15.07.25:939][  0]LogConfig: Applying CVar settings from Section [ShadowQuality@3] File [C:/Users/alexr/OneDrive/Documents/Unreal Projects/BattleGrounds/Saved/Config/Windows/Scalability.ini]
[2019.06.15-15.07.25:939][  0]LogConfig: Setting CVar [[r.LightFunctionQuality:1]]
[2019.06.15-15.07.25:939][  0]LogConfig: Setting CVar [[r.ShadowQuality:5]]
[2019.06.15-15.07.25:939][  0]LogConfig: Setting CVar [[r.Shadow.CSM.MaxCascades:10]]
[2019.06.15-15.07.25:939][  0]LogConfig: Setting CVar [[r.Shadow.MaxResolution:2048]]
[2019.06.15-15.07.25:939][  0]LogConfig: Setting CVar [[r.Shadow.MaxCSMResolution:2048]]
[2019.06.15-15.07.25:939][  0]LogConfig: Setting CVar [[r.Shadow.RadiusThreshold:0.01]]
[2019.06.15-15.07.25:939][  0]LogConfig: Setting CVar [[r.Shadow.DistanceScale:1.0]]
[2019.06.15-15.07.25:939][  0]LogConfig: Setting CVar [[r.Shadow.CSM.TransitionScale:1.0]]
[2019.06.15-15.07.25:939][  0]LogConfig: Setting CVar [[r.Shadow.PreShadowResolutionFactor:1.0]]
[2019.06.15-15.07.25:939][  0]LogConfig: Setting CVar [[r.DistanceFieldShadowing:1]]
[2019.06.15-15.07.25:939][  0]LogConfig: Setting CVar [[r.DistanceFieldAO:1]]
[2019.06.15-15.07.25:939][  0]LogConfig: Setting CVar [[r.AOQuality:2]]
[2019.06.15-15.07.25:939][  0]LogConfig: Setting CVar [[r.VolumetricFog:1]]
[2019.06.15-15.07.25:939][  0]LogConfig: Setting CVar [[r.VolumetricFog.GridPixelSize:8]]
[2019.06.15-15.07.25:939][  0]LogConfig: Setting CVar [[r.VolumetricFog.GridSizeZ:128]]
[2019.06.15-15.07.25:939][  0]LogConfig: Setting CVar [[r.VolumetricFog.HistoryMissSupersampleCount:4]]
[2019.06.15-15.07.25:939][  0]LogConfig: Setting CVar [[r.LightMaxDrawDistanceScale:1]]
[2019.06.15-15.07.25:939][  0]LogConfig: Setting CVar [[r.CapsuleShadows:1]]
[2019.06.15-15.07.25:939][  0]LogConfig: Applying CVar settings from Section [PostProcessQuality@3] File [C:/Users/alexr/OneDrive/Documents/Unreal Projects/BattleGrounds/Saved/Config/Windows/Scalability.ini]
[2019.06.15-15.07.25:939][  0]LogConfig: Setting CVar [[r.MotionBlurQuality:4]]
[2019.06.15-15.07.25:939][  0]LogConfig: Setting CVar [[r.AmbientOcclusionMipLevelFactor:0.4]]
[2019.06.15-15.07.25:939][  0]LogConfig: Setting CVar [[r.AmbientOcclusionMaxQuality:100]]
[2019.06.15-15.07.25:939][  0]LogConfig: Setting CVar [[r.AmbientOcclusionLevels:-1]]
[2019.06.15-15.07.25:939][  0]LogConfig: Setting CVar [[r.AmbientOcclusionRadiusScale:1.0]]
[2019.06.15-15.07.25:939][  0]LogConfig: Setting CVar [[r.DepthOfFieldQuality:2]]
[2019.06.15-15.07.25:939][  0]LogConfig: Setting CVar [[r.RenderTargetPoolMin:400]]
[2019.06.15-15.07.25:939][  0]LogConfig: Setting CVar [[r.LensFlareQuality:2]]
[2019.06.15-15.07.25:939][  0]LogConfig: Setting CVar [[r.SceneColorFringeQuality:1]]
[2019.06.15-15.07.25:939][  0]LogConfig: Setting CVar [[r.EyeAdaptationQuality:2]]
[2019.06.15-15.07.25:939][  0]LogConfig: Setting CVar [[r.BloomQuality:5]]
[2019.06.15-15.07.25:939][  0]LogConfig: Setting CVar [[r.FastBlurThreshold:100]]
[2019.06.15-15.07.25:939][  0]LogConfig: Setting CVar [[r.Upscale.Quality:3]]
[2019.06.15-15.07.25:939][  0]LogConfig: Setting CVar [[r.Tonemapper.GrainQuantization:1]]
[2019.06.15-15.07.25:939][  0]LogConfig: Setting CVar [[r.LightShaftQuality:1]]
[2019.06.15-15.07.25:939][  0]LogConfig: Setting CVar [[r.Filter.SizeScale:1]]
[2019.06.15-15.07.25:939][  0]LogConfig: Setting CVar [[r.Tonemapper.Quality:5]]
[2019.06.15-15.07.25:939][  0]LogConfig: Setting CVar [[r.DOF.Gather.AccumulatorQuality:1        ; higher gathering accumulator quality]]
[2019.06.15-15.07.25:939][  0]LogConfig: Setting CVar [[r.DOF.Gather.PostfilterMethod:1          ; Median3x3 postfilering method]]
[2019.06.15-15.07.25:939][  0]LogConfig: Setting CVar [[r.DOF.Gather.EnableBokehSettings:0       ; no bokeh simulation when gathering]]
[2019.06.15-15.07.25:939][  0]LogConfig: Setting CVar [[r.DOF.Gather.RingCount:4                 ; medium number of samples when gathering]]
[2019.06.15-15.07.25:939][  0]LogConfig: Setting CVar [[r.DOF.Scatter.ForegroundCompositing:1    ; additive foreground scattering]]
[2019.06.15-15.07.25:939][  0]LogConfig: Setting CVar [[r.DOF.Scatter.BackgroundCompositing:2    ; additive background scattering]]
[2019.06.15-15.07.25:939][  0]LogConfig: Setting CVar [[r.DOF.Scatter.EnableBokehSettings:1      ; bokeh simulation when scattering]]
[2019.06.15-15.07.25:939][  0]LogConfig: Setting CVar [[r.DOF.Scatter.MaxSpriteRatio:0.1         ; only a maximum of 10% of scattered bokeh]]
[2019.06.15-15.07.25:939][  0]LogConfig: Setting CVar [[r.DOF.Recombine.Quality:1                ; cheap slight out of focus]]
[2019.06.15-15.07.25:939][  0]LogConfig: Setting CVar [[r.DOF.Recombine.EnableBokehSettings:0    ; no bokeh simulation on slight out of focus]]
[2019.06.15-15.07.25:939][  0]LogConfig: Setting CVar [[r.DOF.TemporalAAQuality:1                ; more stable temporal accumulation]]
[2019.06.15-15.07.25:939][  0]LogConfig: Setting CVar [[r.DOF.Kernel.MaxForegroundRadius:0.025]]
[2019.06.15-15.07.25:939][  0]LogConfig: Setting CVar [[r.DOF.Kernel.MaxBackgroundRadius:0.025]]
[2019.06.15-15.07.25:939][  0]LogConfig: Applying CVar settings from Section [TextureQuality@3] File [C:/Users/alexr/OneDrive/Documents/Unreal Projects/BattleGrounds/Saved/Config/Windows/Scalability.ini]
[2019.06.15-15.07.25:939][  0]LogConfig: Setting CVar [[r.Streaming.MipBias:0]]
[2019.06.15-15.07.25:939][  0]LogConfig: Setting CVar [[r.Streaming.AmortizeCPUToGPUCopy:0]]
[2019.06.15-15.07.25:939][  0]LogConfig: Setting CVar [[r.Streaming.MaxNumTexturesToStreamPerFrame:0]]
[2019.06.15-15.07.25:939][  0]LogConfig: Setting CVar [[r.Streaming.Boost:1]]
[2019.06.15-15.07.25:939][  0]LogConfig: Setting CVar [[r.MaxAnisotropy:8]]
[2019.06.15-15.07.25:939][  0]LogConfig: Setting CVar [[r.Streaming.LimitPoolSizeToVRAM:0]]
[2019.06.15-15.07.25:939][  0]LogConfig: Setting CVar [[r.Streaming.PoolSize:1000]]
[2019.06.15-15.07.25:939][  0]LogConfig: Setting CVar [[r.Streaming.MaxEffectiveScreenSize:0]]
[2019.06.15-15.07.25:939][  0]LogConfig: Applying CVar settings from Section [EffectsQuality@3] File [C:/Users/alexr/OneDrive/Documents/Unreal Projects/BattleGrounds/Saved/Config/Windows/Scalability.ini]
[2019.06.15-15.07.25:939][  0]LogConfig: Setting CVar [[r.TranslucencyLightingVolumeDim:64]]
[2019.06.15-15.07.25:939][  0]LogConfig: Setting CVar [[r.RefractionQuality:2]]
[2019.06.15-15.07.25:939][  0]LogConfig: Setting CVar [[r.SSR.Quality:3]]
[2019.06.15-15.07.25:939][  0]LogConfig: Setting CVar [[r.SceneColorFormat:4]]
[2019.06.15-15.07.25:939][  0]LogConfig: Setting CVar [[r.DetailMode:2]]
[2019.06.15-15.07.25:939][  0]LogConfig: Setting CVar [[r.TranslucencyVolumeBlur:1]]
[2019.06.15-15.07.25:939][  0]LogConfig: Setting CVar [[r.MaterialQualityLevel:1 ; High quality]]
[2019.06.15-15.07.25:939][  0]LogConfig: Setting CVar [[r.SSS.Scale:1]]
[2019.06.15-15.07.25:940][  0]LogConfig: Setting CVar [[r.SSS.SampleSet:2]]
[2019.06.15-15.07.25:940][  0]LogConfig: Setting CVar [[r.SSS.Quality:1]]
[2019.06.15-15.07.25:940][  0]LogConfig: Setting CVar [[r.SSS.HalfRes:1]]
[2019.06.15-15.07.25:940][  0]LogConfig: Setting CVar [[r.EmitterSpawnRateScale:1.0]]
[2019.06.15-15.07.25:940][  0]LogConfig: Setting CVar [[r.ParticleLightQuality:2]]
[2019.06.15-15.07.25:940][  0]LogConfig: Applying CVar settings from Section [FoliageQuality@3] File [C:/Users/alexr/OneDrive/Documents/Unreal Projects/BattleGrounds/Saved/Config/Windows/Scalability.ini]
[2019.06.15-15.07.25:940][  0]LogConfig: Setting CVar [[foliage.DensityScale:1.0]]
[2019.06.15-15.07.25:940][  0]LogConfig: Setting CVar [[grass.DensityScale:1.0]]
[2019.06.15-15.07.25:940][  0]LogInit: Selected Device Profile: [Windows]
[2019.06.15-15.07.25:940][  0]LogInit: Applying CVar settings loaded from the selected device profile: [Windows]
[2019.06.15-15.07.25:984][  0]LogHAL: Display: Platform has ~ 8 GB [8383889408 / 8589934592 / 8], which maps to Default [LargestMinGB=32, LargerMinGB=12, DefaultMinGB=8, SmallerMinGB=6, SmallestMinGB=0)
[2019.06.15-15.07.25:984][  0]LogConfig: Setting CVar [[r.Vulkan.UseRealUBs:1]]
[2019.06.15-15.07.25:984][  0]LogInit: Going up to parent DeviceProfile []
[2019.06.15-15.07.25:984][  0]LogConfig: Applying CVar settings from Section [ViewDistanceQuality@2] File [C:/Users/alexr/OneDrive/Documents/Unreal Projects/BattleGrounds/Saved/Config/Windows/Scalability.ini]
[2019.06.15-15.07.25:984][  0]LogConfig: Setting CVar [[r.SkeletalMeshLODBias:0]]
[2019.06.15-15.07.25:984][  0]LogConfig: Setting CVar [[r.ViewDistanceScale:0.8]]
[2019.06.15-15.07.25:984][  0]LogConfig: Applying CVar settings from Section [AntiAliasingQuality@2] File [C:/Users/alexr/OneDrive/Documents/Unreal Projects/BattleGrounds/Saved/Config/Windows/Scalability.ini]
[2019.06.15-15.07.25:984][  0]LogConfig: Setting CVar [[r.PostProcessAAQuality:3]]
[2019.06.15-15.07.25:984][  0]LogConfig: Applying CVar settings from Section [ShadowQuality@2] File [C:/Users/alexr/OneDrive/Documents/Unreal Projects/BattleGrounds/Saved/Config/Windows/Scalability.ini]
[2019.06.15-15.07.25:984][  0]LogConfig: Setting CVar [[r.LightFunctionQuality:1]]
[2019.06.15-15.07.25:984][  0]LogConfig: Setting CVar [[r.ShadowQuality:5]]
[2019.06.15-15.07.25:984][  0]LogConfig: Setting CVar [[r.Shadow.CSM.MaxCascades:4]]
[2019.06.15-15.07.25:984][  0]LogConfig: Setting CVar [[r.Shadow.MaxResolution:1024]]
[2019.06.15-15.07.25:984][  0]LogConfig: Setting CVar [[r.Shadow.MaxCSMResolution:2048]]
[2019.06.15-15.07.25:984][  0]LogConfig: Setting CVar [[r.Shadow.RadiusThreshold:0.04]]
[2019.06.15-15.07.25:984][  0]LogConfig: Setting CVar [[r.Shadow.DistanceScale:0.85]]
[2019.06.15-15.07.25:984][  0]LogConfig: Setting CVar [[r.Shadow.CSM.TransitionScale:0.8]]
[2019.06.15-15.07.25:984][  0]LogConfig: Setting CVar [[r.Shadow.PreShadowResolutionFactor:0.5]]
[2019.06.15-15.07.25:984][  0]LogConfig: Setting CVar [[r.DistanceFieldShadowing:1]]
[2019.06.15-15.07.25:984][  0]LogConfig: Setting CVar [[r.DistanceFieldAO:1]]
[2019.06.15-15.07.25:984][  0]LogConfig: Setting CVar [[r.AOQuality:1]]
[2019.06.15-15.07.25:984][  0]LogConfig: Setting CVar [[r.VolumetricFog:1]]
[2019.06.15-15.07.25:984][  0]LogConfig: Setting CVar [[r.VolumetricFog.GridPixelSize:16]]
[2019.06.15-15.07.25:984][  0]LogConfig: Setting CVar [[r.VolumetricFog.GridSizeZ:64]]
[2019.06.15-15.07.25:984][  0]LogConfig: Setting CVar [[r.VolumetricFog.HistoryMissSupersampleCount:4]]
[2019.06.15-15.07.25:984][  0]LogConfig: Setting CVar [[r.LightMaxDrawDistanceScale:1]]
[2019.06.15-15.07.25:984][  0]LogConfig: Setting CVar [[r.CapsuleShadows:1]]
[2019.06.15-15.07.25:984][  0]LogConfig: Applying CVar settings from Section [PostProcessQuality@2] File [C:/Users/alexr/OneDrive/Documents/Unreal Projects/BattleGrounds/Saved/Config/Windows/Scalability.ini]
[2019.06.15-15.07.25:984][  0]LogConfig: Setting CVar [[r.MotionBlurQuality:3]]
[2019.06.15-15.07.25:984][  0]LogConfig: Setting CVar [[r.AmbientOcclusionMipLevelFactor:0.6]]
[2019.06.15-15.07.25:984][  0]LogConfig: Setting CVar [[r.AmbientOcclusionMaxQuality:100]]
[2019.06.15-15.07.25:984][  0]LogConfig: Setting CVar [[r.AmbientOcclusionLevels:-1]]
[2019.06.15-15.07.25:984][  0]LogConfig: Setting CVar [[r.AmbientOcclusionRadiusScale:1.5]]
[2019.06.15-15.07.25:984][  0]LogConfig: Setting CVar [[r.DepthOfFieldQuality:2]]
[2019.06.15-15.07.25:984][  0]LogConfig: Setting CVar [[r.RenderTargetPoolMin:400]]
[2019.06.15-15.07.25:984][  0]LogConfig: Setting CVar [[r.LensFlareQuality:2]]
[2019.06.15-15.07.25:984][  0]LogConfig: Setting CVar [[r.SceneColorFringeQuality:1]]
[2019.06.15-15.07.25:984][  0]LogConfig: Setting CVar [[r.EyeAdaptationQuality:2]]
[2019.06.15-15.07.25:984][  0]LogConfig: Setting CVar [[r.BloomQuality:5]]
[2019.06.15-15.07.25:984][  0]LogConfig: Setting CVar [[r.FastBlurThreshold:3]]
[2019.06.15-15.07.25:984][  0]LogConfig: Setting CVar [[r.Upscale.Quality:2]]
[2019.06.15-15.07.25:984][  0]LogConfig: Setting CVar [[r.Tonemapper.GrainQuantization:1]]
[2019.06.15-15.07.25:984][  0]LogConfig: Setting CVar [[r.LightShaftQuality:1]]
[2019.06.15-15.07.25:984][  0]LogConfig: Setting CVar [[r.Filter.SizeScale:0.8]]
[2019.06.15-15.07.25:984][  0]LogConfig: Setting CVar [[r.Tonemapper.Quality:5]]
[2019.06.15-15.07.25:984][  0]LogConfig: Setting CVar [[r.DOF.Gather.AccumulatorQuality:0        ; lower gathering accumulator quality]]
[2019.06.15-15.07.25:984][  0]LogConfig: Setting CVar [[r.DOF.Gather.PostfilterMethod:2          ; Max3x3 postfilering method]]
[2019.06.15-15.07.25:984][  0]LogConfig: Setting CVar [[r.DOF.Gather.EnableBokehSettings:0       ; no bokeh simulation when gathering]]
[2019.06.15-15.07.25:984][  0]LogConfig: Setting CVar [[r.DOF.Gather.RingCount:4                 ; medium number of samples when gathering]]
[2019.06.15-15.07.25:984][  0]LogConfig: Setting CVar [[r.DOF.Scatter.ForegroundCompositing:1    ; additive foreground scattering]]
[2019.06.15-15.07.25:985][  0]LogConfig: Setting CVar [[r.DOF.Scatter.BackgroundCompositing:1    ; no background occlusion]]
[2019.06.15-15.07.25:985][  0]LogConfig: Setting CVar [[r.DOF.Scatter.EnableBokehSettings:0      ; no bokeh simulation when scattering]]
[2019.06.15-15.07.25:985][  0]LogConfig: Setting CVar [[r.DOF.Scatter.MaxSpriteRatio:0.04        ; only a maximum of 4% of scattered bokeh]]
[2019.06.15-15.07.25:985][  0]LogConfig: Setting CVar [[r.DOF.Recombine.Quality:0                ; no slight out of focus]]
[2019.06.15-15.07.25:985][  0]LogConfig: Setting CVar [[r.DOF.TemporalAAQuality:0                ; faster temporal accumulation]]
[2019.06.15-15.07.25:985][  0]LogConfig: Setting CVar [[r.DOF.Kernel.MaxForegroundRadius:0.012   ; required because of AccumulatorQuality=0]]
[2019.06.15-15.07.25:985][  0]LogConfig: Setting CVar [[r.DOF.Kernel.MaxBackgroundRadius:0.012   ; required because of AccumulatorQuality=0]]
[2019.06.15-15.07.25:985][  0]LogConfig: Applying CVar settings from Section [TextureQuality@2] File [C:/Users/alexr/OneDrive/Documents/Unreal Projects/BattleGrounds/Saved/Config/Windows/Scalability.ini]
[2019.06.15-15.07.25:985][  0]LogConfig: Setting CVar [[r.Streaming.MipBias:0]]
[2019.06.15-15.07.25:985][  0]LogConfig: Setting CVar [[r.Streaming.AmortizeCPUToGPUCopy:0]]
[2019.06.15-15.07.25:985][  0]LogConfig: Setting CVar [[r.Streaming.MaxNumTexturesToStreamPerFrame:0]]
[2019.06.15-15.07.25:985][  0]LogConfig: Setting CVar [[r.Streaming.Boost:1]]
[2019.06.15-15.07.25:985][  0]LogConfig: Setting CVar [[r.MaxAnisotropy:4]]
[2019.06.15-15.07.25:985][  0]LogConfig: Setting CVar [[r.Streaming.LimitPoolSizeToVRAM:1]]
[2019.06.15-15.07.25:985][  0]LogConfig: Setting CVar [[r.Streaming.PoolSize:800]]
[2019.06.15-15.07.25:985][  0]LogConfig: Setting CVar [[r.Streaming.MaxEffectiveScreenSize:0]]
[2019.06.15-15.07.25:985][  0]LogConfig: Applying CVar settings from Section [EffectsQuality@2] File [C:/Users/alexr/OneDrive/Documents/Unreal Projects/BattleGrounds/Saved/Config/Windows/Scalability.ini]
[2019.06.15-15.07.25:985][  0]LogConfig: Setting CVar [[r.TranslucencyLightingVolumeDim:48]]
[2019.06.15-15.07.25:985][  0]LogConfig: Setting CVar [[r.RefractionQuality:2]]
[2019.06.15-15.07.25:985][  0]LogConfig: Setting CVar [[r.SSR.Quality:2]]
[2019.06.15-15.07.25:985][  0]LogConfig: Setting CVar [[r.SceneColorFormat:3]]
[2019.06.15-15.07.25:985][  0]LogConfig: Setting CVar [[r.DetailMode:1]]
[2019.06.15-15.07.25:985][  0]LogConfig: Setting CVar [[r.TranslucencyVolumeBlur:1]]
[2019.06.15-15.07.25:985][  0]LogConfig: Setting CVar [[r.MaterialQualityLevel:1 ; High quality]]
[2019.06.15-15.07.25:985][  0]LogConfig: Setting CVar [[r.SSS.Scale:1]]
[2019.06.15-15.07.25:985][  0]LogConfig: Setting CVar [[r.SSS.SampleSet:1]]
[2019.06.15-15.07.25:985][  0]LogConfig: Setting CVar [[r.SSS.Quality:-1]]
[2019.06.15-15.07.25:985][  0]LogConfig: Setting CVar [[r.SSS.HalfRes:1]]
[2019.06.15-15.07.25:985][  0]LogConfig: Setting CVar [[r.EmitterSpawnRateScale:0.5]]
[2019.06.15-15.07.25:985][  0]LogConfig: Setting CVar [[r.ParticleLightQuality:1]]
[2019.06.15-15.07.25:985][  0]LogConfig: Applying CVar settings from Section [FoliageQuality@2] File [C:/Users/alexr/OneDrive/Documents/Unreal Projects/BattleGrounds/Saved/Config/Windows/Scalability.ini]
[2019.06.15-15.07.25:985][  0]LogConfig: Setting CVar [[foliage.DensityScale:0.8]]
[2019.06.15-15.07.25:985][  0]LogConfig: Setting CVar [[grass.DensityScale:0.8]]
[2019.06.15-15.07.25:985][  0]LogConfig: Applying CVar settings from Section [Startup] File [../../../Engine/Config/ConsoleVariables.ini]
[2019.06.15-15.07.25:998][  0]LogConfig: Setting CVar [[net.UseAdaptiveNetUpdateFrequency:0]]
[2019.06.15-15.07.25:998][  0]LogConfig: Applying CVar settings from Section [ConsoleVariables] File [C:/Users/alexr/OneDrive/Documents/Unreal Projects/BattleGrounds/Saved/Config/Windows/Engine.ini]
[2019.06.15-15.07.25:998][  0]LogInit: Computer: DESKTOP-K3G4BCU
[2019.06.15-15.07.25:998][  0]LogInit: User: alexr
[2019.06.15-15.07.25:998][  0]LogInit: CPU Page size=4096, Cores=6
[2019.06.15-15.07.25:998][  0]LogInit: High frequency timer resolution =10.000000 MHz
[2019.06.15-15.07.25:998][  0]LogMemory: Memory total: Physical=7.8GB (8GB approx)
[2019.06.15-15.07.25:998][  0]LogMemory: Platform Memory Stats for Windows
[2019.06.15-15.07.25:998][  0]LogMemory: Process Physical Memory: 103.06 MB used, 103.07 MB peak
[2019.06.15-15.07.25:998][  0]LogMemory: Process Virtual Memory: 85.37 MB used, 85.37 MB peak
[2019.06.15-15.07.25:998][  0]LogMemory: Physical Memory: 6252.88 MB used,  1742.63 MB free, 7995.50 MB total
[2019.06.15-15.07.25:998][  0]LogMemory: Virtual Memory: 4639.76 MB used,  134213088.00 MB free, 134217728.00 MB total
[2019.06.15-15.07.26:013][  0]LogInit: Using OS detected language (en-US).
[2019.06.15-15.07.26:013][  0]LogInit: Using OS detected locale (en-US).
[2019.06.15-15.07.26:014][  0]LogTextLocalizationManager: No specific localization for 'en-US' exists, so the 'en' localization will be used.
[2019.06.15-15.07.26:384][  0]LogStreaming: Display: Took  0.370s to InitEngineTextLocalization.
[2019.06.15-15.07.26:384][  0]LogInit: Setting process to per monitor DPI aware
[2019.06.15-15.07.26:522][  0]LogSlate: New Slate User Created.  User Index 0, Is Virtual User: 0
[2019.06.15-15.07.26:522][  0]LogSlate: Slate User Registered.  User Index 0, Is Virtual User: 0
[2019.06.15-15.07.31:759][  0]LogHMD: Failed to initialize OpenVR with code 110
[2019.06.15-15.07.31:759][  0]LogD3D11RHI: D3D11 adapters:
[2019.06.15-15.07.31:774][  0]LogD3D11RHI:    0. 'Intel(R) UHD Graphics 630' (Feature Level 11_0)
[2019.06.15-15.07.31:774][  0]LogD3D11RHI:       128/0/3997 MB DedicatedVideo/DedicatedSystem/SharedSystem, Outputs:1, VendorId:0x8086
[2019.06.15-15.07.31:813][  0]LogD3D11RHI:    1. 'AMD Radeon (TM) RX 570' (Feature Level 11_0)
[2019.06.15-15.07.31:813][  0]LogD3D11RHI:       4041/0/3997 MB DedicatedVideo/DedicatedSystem/SharedSystem, Outputs:0, VendorId:0x1002
[2019.06.15-15.07.31:815][  0]LogD3D11RHI:    2. 'Microsoft Basic Render Driver' (Feature Level 11_0)
[2019.06.15-15.07.31:815][  0]LogD3D11RHI:       0/0/3997 MB DedicatedVideo/DedicatedSystem/SharedSystem, Outputs:0, VendorId:0x1414
[2019.06.15-15.07.31:815][  0]LogD3D11RHI: Chosen D3D11 Adapter: 1
[2019.06.15-15.07.31:823][  0]LogD3D11RHI: Creating new Direct3DDevice
[2019.06.15-15.07.31:823][  0]LogD3D11RHI:     GPU DeviceId: 0x67df (for the marketing name, search the web for "GPU Device Id")
[2019.06.15-15.07.31:823][  0]LogWindows: EnumDisplayDevices:
[2019.06.15-15.07.31:823][  0]LogWindows:    0. 'AMD Radeon (TM) RX 570' (P:0 D:0)
[2019.06.15-15.07.31:823][  0]LogWindows:    1. 'AMD Radeon (TM) RX 570' (P:0 D:0)
[2019.06.15-15.07.31:824][  0]LogWindows:    2. 'AMD Radeon (TM) RX 570' (P:0 D:0)
[2019.06.15-15.07.31:824][  0]LogWindows:    3. 'AMD Radeon (TM) RX 570' (P:0 D:0)
[2019.06.15-15.07.31:824][  0]LogWindows:    4. 'AMD Radeon (TM) RX 570' (P:0 D:0)
[2019.06.15-15.07.31:825][  0]LogWindows:    5. 'AMD Radeon (TM) RX 570' (P:0 D:0)
[2019.06.15-15.07.31:825][  0]LogWindows:    6. 'AMD Radeon (TM) RX 570' (P:0 D:0)
[2019.06.15-15.07.31:825][  0]LogWindows:    7. 'AMD Radeon (TM) RX 570' (P:0 D:0)
[2019.06.15-15.07.31:826][  0]LogWindows:    8. 'AMD Radeon (TM) RX 570' (P:0 D:0)
[2019.06.15-15.07.31:826][  0]LogWindows:    9. 'AMD Radeon (TM) RX 570' (P:0 D:0)
[2019.06.15-15.07.31:826][  0]LogWindows:    10. 'AMD Radeon (TM) RX 570' (P:0 D:0)
[2019.06.15-15.07.31:827][  0]LogWindows:    11. 'AMD Radeon (TM) RX 570' (P:0 D:0)
[2019.06.15-15.07.31:827][  0]LogWindows:    12. 'AMD Radeon (TM) RX 570' (P:0 D:0)
[2019.06.15-15.07.31:827][  0]LogWindows:    13. 'AMD Radeon (TM) RX 570' (P:0 D:0)
[2019.06.15-15.07.31:828][  0]LogWindows:    14. 'AMD Radeon (TM) RX 570' (P:0 D:0)
[2019.06.15-15.07.31:828][  0]LogWindows:    15. 'AMD Radeon (TM) RX 570' (P:0 D:0)
[2019.06.15-15.07.31:829][  0]LogWindows:    16. 'Intel(R) UHD Graphics 630' (P:1 D:1)
[2019.06.15-15.07.31:829][  0]LogWindows:    17. 'Intel(R) UHD Graphics 630' (P:0 D:0)
[2019.06.15-15.07.31:829][  0]LogWindows:    18. 'Intel(R) UHD Graphics 630' (P:0 D:0)
[2019.06.15-15.07.31:829][  0]LogWindows: DebugString: PrimaryIsNotTheChoosenAdapter PrimaryIsNotTheChoosenAdapter PrimaryIsNotTheChoosenAdapter FoundDriverCount:16 
[2019.06.15-15.07.31:829][  0]LogD3D11RHI:     Adapter Name: AMD Radeon (TM) RX 570
[2019.06.15-15.07.31:829][  0]LogD3D11RHI:   Driver Version: Crimson ReLive 17.7 (internal:23.20.768.12, unified:23.20.768.12)
[2019.06.15-15.07.31:829][  0]LogD3D11RHI:      Driver Date: 10-26-2017
[2019.06.15-15.07.31:829][  0]LogRHI: Texture pool is 2828 MB (70% of 4041 MB)
[2019.06.15-15.07.31:938][  0]LogD3D11RHI: Async texture creation enabled
[2019.06.15-15.07.31:948][  0]LogD3D11RHI: GPU Timing Frequency: 25.000000 (Debug: 2 1)
[2019.06.15-15.07.32:237][  0]LogTemp: Display: Loaded TP AllDesktopTargetPlatform
[2019.06.15-15.07.32:248][  0]LogTemp: Display: Loaded TP MacClientTargetPlatform
[2019.06.15-15.07.32:260][  0]LogTemp: Display: Loaded TP MacNoEditorTargetPlatform
[2019.06.15-15.07.32:271][  0]LogTemp: Display: Loaded TP MacServerTargetPlatform
[2019.06.15-15.07.32:294][  0]LogTemp: Display: Loaded TP MacTargetPlatform
[2019.06.15-15.07.32:305][  0]LogTemp: Display: Loaded TP WindowsClientTargetPlatform
[2019.06.15-15.07.32:317][  0]LogTemp: Display: Loaded TP WindowsNoEditorTargetPlatform
[2019.06.15-15.07.32:328][  0]LogTemp: Display: Loaded TP WindowsServerTargetPlatform
[2019.06.15-15.07.32:334][  0]LogTemp: Display: Loaded TP WindowsTargetPlatform
[2019.06.15-15.07.32:420][  0]LogTemp: Display: Loaded TP AndroidTargetPlatform
[2019.06.15-15.07.32:420][  0]LogTemp: Display: Loaded TP AndroidTargetPlatform
[2019.06.15-15.07.32:420][  0]LogTemp: Display: Loaded TP AndroidTargetPlatform
[2019.06.15-15.07.32:420][  0]LogTemp: Display: Loaded TP AndroidTargetPlatform
[2019.06.15-15.07.32:420][  0]LogTemp: Display: Loaded TP AndroidTargetPlatform
[2019.06.15-15.07.32:420][  0]LogTemp: Display: Loaded TP AndroidTargetPlatform
[2019.06.15-15.07.32:420][  0]LogTemp: Display: Loaded TP AndroidTargetPlatform
[2019.06.15-15.07.32:420][  0]LogTemp: Display: Loaded TP AndroidTargetPlatform
[2019.06.15-15.07.32:420][  0]LogTemp: Display: Loaded TP AndroidTargetPlatform
[2019.06.15-15.07.32:420][  0]LogTemp: Display: Loaded TP AndroidTargetPlatform
[2019.06.15-15.07.32:420][  0]LogTemp: Display: Loaded TP AndroidTargetPlatform
[2019.06.15-15.07.32:420][  0]LogTemp: Display: Loaded TP AndroidTargetPlatform
[2019.06.15-15.07.32:420][  0]LogTemp: Display: Loaded TP AndroidTargetPlatform
[2019.06.15-15.07.32:420][  0]LogTemp: Display: Loaded TP AndroidTargetPlatform
[2019.06.15-15.07.32:420][  0]LogTemp: Display: Loaded TP AndroidTargetPlatform
[2019.06.15-15.07.32:420][  0]LogTemp: Display: Loaded TP AndroidTargetPlatform
[2019.06.15-15.07.32:420][  0]LogTemp: Display: Loaded TP AndroidTargetPlatform
[2019.06.15-15.07.32:420][  0]LogTemp: Display: Loaded TP AndroidTargetPlatform
[2019.06.15-15.07.32:422][  0]LogTemp: Display: Loaded TP HTML5TargetPlatform
[2019.06.15-15.07.32:482][  0]LogTemp: Display: Loaded TP IOSTargetPlatform
[2019.06.15-15.07.32:482][  0]LogTemp: Display: Loaded TP IOSTargetPlatform
[2019.06.15-15.07.32:502][  0]LogTemp: Display: Loaded TP TVOSTargetPlatform
[2019.06.15-15.07.32:502][  0]LogTemp: Display: Loaded TP TVOSTargetPlatform
[2019.06.15-15.07.32:512][  0]LogTemp: Display: Loaded TP LinuxClientTargetPlatform
[2019.06.15-15.07.32:523][  0]LogTemp: Display: Loaded TP LinuxNoEditorTargetPlatform
[2019.06.15-15.07.32:533][  0]LogTemp: Display: Loaded TP LinuxServerTargetPlatform
[2019.06.15-15.07.32:568][  0]LogTemp: Display: Loaded TP LinuxTargetPlatform
[2019.06.15-15.07.32:611][  0]LogTemp: Display: Loaded TP LuminTargetPlatform
[2019.06.15-15.07.32:611][  0]LogTemp: Display: Loaded TP LuminTargetPlatform
[2019.06.15-15.07.32:611][  0]LogTargetPlatformManager: Display: Building Assets For Windows
[2019.06.15-15.07.32:662][  0]LogShaderCompilers: Guid format shader working directory is -33 characters bigger than the processId version (../../../../../../Users/alexr/OneDrive/Documents/Unreal Projects/BattleGrounds/Intermediate/Shaders/WorkingDirectory/11832/).
[2019.06.15-15.07.32:662][  0]LogShaderCompilers: Cleaned the shader compiler working directory 'C:/Users/alexr/AppData/Local/Temp/UnrealShaderWorkingDir/BEE6717043D5EEDFCE087B823EFB58BC/'.
[2019.06.15-15.07.32:664][  0]LogXGEController: Cannot use XGE Controller as Incredibuild is not installed on this machine.
[2019.06.15-15.07.32:664][  0]LogShaderCompilers: Cannot use XGE Shader Compiler as Incredibuild is not installed on this machine.
[2019.06.15-15.07.32:664][  0]LogShaderCompilers: Display: Using Local Shader Compiler.
[2019.06.15-15.07.35:594][  0]LogDerivedDataCache: Display: Max Cache Size: 512 MB
[2019.06.15-15.07.35:652][  0]LogDerivedDataCache: Loaded boot cache 0.06s 71MB C:/Users/alexr/AppData/Local/UnrealEngine/4.21/DerivedDataCache/Boot.ddc.
[2019.06.15-15.07.35:652][  0]LogDerivedDataCache: Display: Loaded Boot cache: C:/Users/alexr/AppData/Local/UnrealEngine/4.21/DerivedDataCache/Boot.ddc
[2019.06.15-15.07.35:652][  0]LogDerivedDataCache: FDerivedDataBackendGraph:  Pak pak cache file ../../../../../../Users/alexr/OneDrive/Documents/Unreal Projects/BattleGrounds/DerivedDataCache/DDC.ddp not found, will not use a pak cache.
[2019.06.15-15.07.35:652][  0]LogDerivedDataCache: Unable to find inner node Pak for hierarchical cache Hierarchy.
[2019.06.15-15.07.35:652][  0]LogDerivedDataCache: FDerivedDataBackendGraph:  CompressedPak pak cache file ../../../../../../Users/alexr/OneDrive/Documents/Unreal Projects/BattleGrounds/DerivedDataCache/Compressed.ddp not found, will not use a pak cache.
[2019.06.15-15.07.35:652][  0]LogDerivedDataCache: Unable to find inner node CompressedPak for hierarchical cache Hierarchy.
[2019.06.15-15.07.35:666][  0]LogDerivedDataCache: Display: Pak cache opened for reading ../../../Engine/DerivedDataCache/Compressed.ddp.
[2019.06.15-15.07.35:666][  0]LogDerivedDataCache: FDerivedDataBackendGraph:  EnterprisePak pak cache file ../../../Enterprise/DerivedDataCache/Compressed.ddp not found, will not use a pak cache.
[2019.06.15-15.07.35:666][  0]LogDerivedDataCache: Unable to find inner node EnterprisePak for hierarchical cache Hierarchy.
[2019.06.15-15.07.35:678][  0]LogDerivedDataCache: Using Local data cache path C:/Users/alexr/AppData/Local/UnrealEngine/Common/DerivedDataCache: Writable
[2019.06.15-15.07.35:678][  0]LogDerivedDataCache: Shared data cache path not found in *engine.ini, will not use an Shared cache.
[2019.06.15-15.07.35:678][  0]LogDerivedDataCache: Unable to find inner node Shared for hierarchical cache Hierarchy.
[2019.06.15-15.07.35:700][  0]LogMaterial: Verifying Global Shaders for PCD3D_SM5
[2019.06.15-15.07.35:701][  0]LogSlate: Using FreeType 2.6.0
[2019.06.15-15.07.35:722][  0]LogSlate: SlateFontServices - WITH_FREETYPE: 1, WITH_HARFBUZZ: 1
[2019.06.15-15.07.36:972][  0]LogAssetRegistry: FAssetRegistry took 0.0325 seconds to start up
[2019.06.15-15.07.37:254][  0]LogInit: Selected Device Profile: [Windows]
[2019.06.15-15.07.37:410][  0]LogSimplygon: Simplygon DLL not present - disabling.
[2019.06.15-15.07.37:413][  0]LogMeshReduction: Using SimplygonSwarm for distributed automatic mesh merging
[2019.06.15-15.07.37:413][  0]LogMeshReduction: Using ProxyLODMeshReduction for automatic mesh merging
[2019.06.15-15.07.37:413][  0]LogMeshReduction: Using QuadricMeshReduction for automatic static mesh reduction
[2019.06.15-15.07.37:413][  0]LogMeshReduction: No automatic skeletal mesh reduction module available
[2019.06.15-15.07.37:425][  0]LogNetVersion: BattleGrounds 1.0.0, NetCL: 4541578, EngineNetVer: 5, GameNetVer: 0 (Checksum: 3651256072)
[2019.06.15-15.07.38:128][  0]LogPackageLocalizationCache: Processed 11 localized package path(s) for 2 prioritized culture(s) in 0.219381 seconds
[2019.06.15-15.07.38:134][  0]LogUObjectArray: 39775 objects as part of root set at end of initial load.
[2019.06.15-15.07.38:134][  0]LogUObjectAllocator: 6914656 out of 0 bytes used by permanent object pool.
[2019.06.15-15.07.38:134][  0]LogUObjectArray: CloseDisregardForGC: 0/0 objects in disregard for GC pool
[2019.06.15-15.07.53:718][  0]LogTcpMessaging: Initializing TcpMessaging bridge
[2019.06.15-15.07.53:732][  0]LogUdpMessaging: Initializing bridge on interface 0.0.0.0:0 to multicast group 230.0.0.1:6666.
[2019.06.15-15.07.54:626][  0]SourceControl: Source control is disabled
[2019.06.15-15.07.54:626][  0]SourceControl: Source control is disabled
[2019.06.15-15.07.54:627][  0]SourceControl: Source control is disabled
[2019.06.15-15.07.54:628][  0]SourceControl: Source control is disabled
[2019.06.15-15.07.55:163][  0]LogAndroidPermission: UAndroidPermissionCallbackProxy::GetInstance
[2019.06.15-15.07.55:237][  0]LogOcInput: OculusInput pre-init called
[2019.06.15-15.07.55:423][  0]LogEngine: Initializing Engine...
[2019.06.15-15.07.55:424][  0]LogHMD: Failed to initialize OpenVR with code 110
[2019.06.15-15.07.55:425][  0]LogStats: UGameplayTagsManager::ConstructGameplayTagTree: ImportINI prefixes -  0.000 s
[2019.06.15-15.07.55:425][  0]LogStats: UGameplayTagsManager::ConstructGameplayTagTree: Construct from data asset -  0.000 s
[2019.06.15-15.07.55:425][  0]LogStats: UGameplayTagsManager::ConstructGameplayTagTree: ImportINI -  0.000 s
[2019.06.15-15.07.55:425][  0]LogStats: UGameplayTagsManager::ConstructGameplayTagTree: GameplayTagTreeChangedEvent.Broadcast -  0.000 s
[2019.06.15-15.07.55:681][  0]LogInit: Initializing FReadOnlyCVARCache
[2019.06.15-15.07.55:697][  0]LogAIModule: Creating AISystem for world Untitled
[2019.06.15-15.07.55:713][  0]LogInit: XAudio2 using 'Speakers / Headphones (Realtek Audio)' : 2 channels at 48 kHz using 32 bits per sample (channel mask 0x3)
[2019.06.15-15.07.55:953][  0]LogInit: FAudioDevice initialized.
[2019.06.15-15.07.55:953][  0]LogNetVersion: Set ProjectVersion to 1.0.0.0. Version Checksum will be recalculated on next use.
[2019.06.15-15.07.56:394][  0]LogDerivedDataCache: Saved boot cache 0.44s 71MB C:/Users/alexr/AppData/Local/UnrealEngine/4.21/DerivedDataCache/Boot.ddc.
[2019.06.15-15.07.56:399][  0]LogInit: Texture streaming: Enabled
[2019.06.15-15.07.56:416][  0]LogEngineSessionManager: EngineSessionManager initialized
[2019.06.15-15.07.56:429][  0]LogInit: Transaction tracking system initialized
[2019.06.15-15.07.56:452][  0]BlueprintLog: New page: Editor Load
[2019.06.15-15.07.56:686][  0]LocalizationService: Localization service is disabled
[2019.06.15-15.07.57:639][  0]LogCook: Display: Max memory allowance for cook 16384mb min free memory 0mb
[2019.06.15-15.07.57:639][  0]LogCook: Display: Mobile HDR setting 1
[2019.06.15-15.07.57:639][  0]LogGameplayTags: Display: UGameplayTagsManager::DoneAddingNativeTags. DelegateIsBound: 0
[2019.06.15-15.07.57:639][  0]LogStats: UGameplayTagsManager::ConstructGameplayTagTree: ImportINI prefixes -  0.000 s
[2019.06.15-15.07.57:639][  0]LogStats: UGameplayTagsManager::ConstructGameplayTagTree: Construct from data asset -  0.000 s
[2019.06.15-15.07.57:639][  0]LogStats: UGameplayTagsManager::ConstructGameplayTagTree: ImportINI -  0.000 s
[2019.06.15-15.07.57:639][  0]LogStats: UGameplayTagsManager::ConstructGameplayTagTree: GameplayTagTreeChangedEvent.Broadcast -  0.000 s
[2019.06.15-15.07.58:033][  0]LogFileCache: Scanning file cache for directory 'C:/Users/alexr/OneDrive/Documents/Unreal Projects/BattleGrounds/Content/' took 0.03s
[2019.06.15-15.07.58:033][  0]SourceControl: Source control is disabled
[2019.06.15-15.07.58:033][  0]Cmd: MAP LOAD FILE="../../../../../../Users/alexr/OneDrive/Documents/Unreal Projects/BattleGrounds/Content/BattleGround.umap" TEMPLATE=0 SHOWPROGRESS=1 FEATURELEVEL=3
[2019.06.15-15.07.58:033][  0]LightingResults: New page: Lighting Build
[2019.06.15-15.07.58:036][  0]MapCheck: New page: Map Check
[2019.06.15-15.07.58:036][  0]LightingResults: New page: Lighting Build
[2019.06.15-15.08.07:097][  0]LogAIModule: Creating AISystem for world BattleGround
[2019.06.15-15.08.47:440][  0]LogEditorServer: Finished looking for orphan Actors (0.000 secs)
[2019.06.15-15.08.47:464][  0]Cmd: MAP CHECKDEP NOCLEARLOG
[2019.06.15-15.08.47:465][  0]MapCheck: Map check complete: 0 Error(s), 0 Warning(s), took 0.184ms to complete.
[2019.06.15-15.08.47:465][  0]LogFileHelpers: Loading map 'BattleGround' took 49.432
[2019.06.15-15.08.47:760][  0]LogCollectionManager: Loaded 0 collections in 0.001658 seconds
[2019.06.15-15.08.47:835][  0]LogFileCache: Scanning file cache for directory 'C:/Users/alexr/OneDrive/Documents/Unreal Projects/BattleGrounds/Saved/Collections/' took 0.01s
[2019.06.15-15.08.47:835][  0]LogFileCache: Scanning file cache for directory 'C:/Users/alexr/OneDrive/Documents/Unreal Projects/BattleGrounds/Content/Developers/alexr/Collections/' took 0.00s
[2019.06.15-15.08.47:835][  0]LogFileCache: Scanning file cache for directory 'C:/Users/alexr/OneDrive/Documents/Unreal Projects/BattleGrounds/Content/Collections/' took 0.01s
[2019.06.15-15.08.47:835][  0]LogCollectionManager: Rebuilt the GUID cache for 0 collections in 0.000000 seconds
[2019.06.15-15.08.47:846][  0]LogContentBrowser: Native class hierarchy populated in 0.0097 seconds. Added 2653 classes and 624 folders.
[2019.06.15-15.08.47:927][  0]LogContentBrowser: Native class hierarchy updated for 'WidgetCarousel' in 0.0004 seconds. Added 0 classes and 0 folders.
[2019.06.15-15.08.48:014][  0]LogPakFile: Registered encryption key '00000000000000000000000000000000': 0 pak files mounted, 0 remain pending
[2019.06.15-15.08.48:039][  0]LogPakFile: Registered encryption key '00000000000000000000000000000000': 0 pak files mounted, 0 remain pending
[2019.06.15-15.08.48:052][  0]LogPakFile: Registered encryption key '00000000000000000000000000000000': 0 pak files mounted, 0 remain pending
[2019.06.15-15.08.48:058][  0]LogPakFile: Registered encryption key '00000000000000000000000000000000': 0 pak files mounted, 0 remain pending
[2019.06.15-15.08.48:064][  0]LogPakFile: Registered encryption key '00000000000000000000000000000000': 0 pak files mounted, 0 remain pending
[2019.06.15-15.08.48:069][  0]LogPakFile: Registered encryption key '00000000000000000000000000000000': 0 pak files mounted, 0 remain pending
[2019.06.15-15.08.48:079][  0]LogPakFile: Registered encryption key '00000000000000000000000000000000': 0 pak files mounted, 0 remain pending
[2019.06.15-15.08.48:113][  0]LogPakFile: Registered encryption key '00000000000000000000000000000000': 0 pak files mounted, 0 remain pending
[2019.06.15-15.08.48:125][  0]LogPakFile: Registered encryption key '00000000000000000000000000000000': 0 pak files mounted, 0 remain pending
[2019.06.15-15.08.48:132][  0]LogPakFile: Registered encryption key '00000000000000000000000000000000': 0 pak files mounted, 0 remain pending
[2019.06.15-15.08.48:146][  0]LogPakFile: Registered encryption key '00000000000000000000000000000000': 0 pak files mounted, 0 remain pending
[2019.06.15-15.08.48:151][  0]LogPakFile: Registered encryption key '00000000000000000000000000000000': 0 pak files mounted, 0 remain pending
[2019.06.15-15.08.48:162][  0]LogPakFile: Registered encryption key '00000000000000000000000000000000': 0 pak files mounted, 0 remain pending
[2019.06.15-15.08.48:177][  0]LogPakFile: Registered encryption key '00000000000000000000000000000000': 0 pak files mounted, 0 remain pending
[2019.06.15-15.08.48:199][  0]LogPakFile: Registered encryption key '00000000000000000000000000000000': 0 pak files mounted, 0 remain pending
[2019.06.15-15.08.48:213][  0]LogPakFile: Registered encryption key '00000000000000000000000000000000': 0 pak files mounted, 0 remain pending
[2019.06.15-15.08.48:239][  0]LogPakFile: Registered encryption key '00000000000000000000000000000000': 0 pak files mounted, 0 remain pending
[2019.06.15-15.08.48:258][  0]LogPakFile: Registered encryption key '00000000000000000000000000000000': 0 pak files mounted, 0 remain pending
[2019.06.15-15.08.48:271][  0]LogPakFile: Registered encryption key '00000000000000000000000000000000': 0 pak files mounted, 0 remain pending
[2019.06.15-15.08.48:276][  0]LogPakFile: Registered encryption key '00000000000000000000000000000000': 0 pak files mounted, 0 remain pending
[2019.06.15-15.08.48:298][  0]LogPakFile: Registered encryption key '00000000000000000000000000000000': 0 pak files mounted, 0 remain pending
[2019.06.15-15.08.48:315][  0]LogPakFile: Registered encryption key '00000000000000000000000000000000': 0 pak files mounted, 0 remain pending
[2019.06.15-15.08.48:320][  0]LogPakFile: Registered encryption key '00000000000000000000000000000000': 0 pak files mounted, 0 remain pending
[2019.06.15-15.08.48:326][  0]LogPakFile: Registered encryption key '00000000000000000000000000000000': 0 pak files mounted, 0 remain pending
[2019.06.15-15.08.48:338][  0]LogPakFile: Registered encryption key '00000000000000000000000000000000': 0 pak files mounted, 0 remain pending
[2019.06.15-15.08.48:358][  0]LogPakFile: Registered encryption key '00000000000000000000000000000000': 0 pak files mounted, 0 remain pending
[2019.06.15-15.08.49:155][  0]LogContentBrowser: Native class hierarchy updated for 'AddContentDialog' in 0.0004 seconds. Added 0 classes and 0 folders.
[2019.06.15-15.08.49:454][  0]LogSlate: Updating window title bar state: overlay mode, drag disabled, window buttons hidden, title bar hidden
[2019.06.15-15.08.49:461][  0]LogSlate: Updating window title bar state: overlay mode, drag disabled, window buttons hidden, title bar hidden
[2019.06.15-15.08.49:468][  0]LogSlate: Updating window title bar state: overlay mode, drag disabled, window buttons hidden, title bar hidden
[2019.06.15-15.08.49:475][  0]LogSlate: Updating window title bar state: overlay mode, drag disabled, window buttons hidden, title bar hidden
[2019.06.15-15.08.52:639][  0]LogSlate: Only BGRA pngs, bmps or icos are supported in by External Image Picker
[2019.06.15-15.08.52:938][  0]LogSlate: Took 0.052070 seconds to synchronously load lazily loaded font '../../../Engine/Content/Slate/Fonts/Roboto-Regular.ttf' (155K)
[2019.06.15-15.08.52:963][  0]LogTemp: Executing iPhonePackager certificates Engine -bundlename com.YourCompany.BattleGrounds
[2019.06.15-15.08.52:963][  0]LogTemp: CWD: C:\Program Files\Epic Games\UE_4.21\Engine\Binaries\DotNET\IOS
[2019.06.15-15.08.52:964][  0]LogTemp: Initial Dir: C:\Program Files\Epic Games\UE_4.21
[2019.06.15-15.08.52:964][  0]LogTemp: Env CWD: C:\Program Files\Epic Games\UE_4.21\Engine\Binaries\DotNET\IOS
[2019.06.15-15.08.52:964][  0]LogTemp: BranchPath = DESKTOP-K3G4BCU/C/Program Files/Epic Games/UE_4.21/Engine/Binaries --- GameBranchPath = DESKTOP-K3G4BCU/C/Program Files/Epic Games/UE_4.21/Engine/Binaries
[2019.06.15-15.08.52:964][  0]LogTemp: IPP ERROR: Could not find provision directory 'C:\Users\alexr\AppData\Local/Apple Computer/MobileDevice/Provisioning Profiles/'.
[2019.06.15-15.08.52:964][  0]LogSlate: Took 0.023475 seconds to synchronously load lazily loaded font '../../../Engine/Content/Slate/Fonts/Roboto-Bold.ttf' (160K)
[2019.06.15-15.08.53:031][  0]LogSlate: Took 0.025994 seconds to synchronously load lazily loaded font '../../../Engine/Content/Editor/Slate/Fonts/FontAwesome.ttf' (139K)
[2019.06.15-15.08.53:078][  0]LogSlate: Took 0.046599 seconds to synchronously load lazily loaded font '../../../Engine/Content/Slate/Fonts/DroidSansMono.ttf' (77K)
[2019.06.15-15.08.54:579][  0]LogRenderer: Reallocating scene render targets to support 1480x472 Format 9 NumSamples 1 (Frame:1).
[2019.06.15-15.08.55:958][  0]LogContentBrowser: Native class hierarchy updated for 'HierarchicalLODOutliner' in 0.0004 seconds. Added 0 classes and 0 folders.
[2019.06.15-15.08.55:958][  0]LogLoad: (Engine Initialization) Total time: 94.33 seconds
[2019.06.15-15.08.55:958][  0]LogLoad: (Engine Initialization) Total Blueprint compile time: 0.00 seconds
[2019.06.15-15.08.56:458][  0]LogD3D11RHI: Error: agsDriverExtensionsDX11_SetDepthBounds(1,0.000000, 1.000000) returned error code 2. **********PLEASE UPDATE YOUR VIDEO DRIVERS*********
[2019.06.15-15.08.56:458][  0]LogContentStreaming: Texture pool size now 800 MB
[2019.06.15-15.08.56:976][  2]LogAssetRegistry: Asset discovery search completed in 80.0274 seconds
[2019.06.15-15.08.56:979][  2]LogCollectionManager: Rebuilt the object cache for 0 collections in 0.000001 seconds (found 0 objects)
[2019.06.15-15.08.56:979][  2]LogCollectionManager: Fixed up redirectors for 0 collections in 0.000262 seconds (updated 0 objects)
[2019.06.15-15.08.57:679][  4]LogSlate: Took 0.051864 seconds to synchronously load lazily loaded font '../../../Engine/Content/Slate/Fonts/Roboto-Light.ttf' (167K)
[2019.06.15-15.09.08:014][ 35]LogSlate: FSceneViewport::OnFocusLost() reason 0
[2019.06.15-15.09.08:091][ 44]LogSlate: Window 'Project Settings' being destroyed
[2019.06.15-15.09.08:101][ 44]LogSlate: Window 'Project Settings' being destroyed
[2019.06.15-15.09.09:538][179]LogSlate: FSceneViewport::OnFocusLost() reason 0
[2019.06.15-15.09.09:726][195]LogAssetEditorManager: Opening Asset editor for Blueprint /Engine/EngineSky/BP_Sky_Sphere.BP_Sky_Sphere
[2019.06.15-15.09.10:740][195]LogContentBrowser: Native class hierarchy updated for 'BlueprintGraph' in 0.0007 seconds. Added 117 classes and 0 folders.
[2019.06.15-15.09.14:544][195]LogAssetEditorManager: Opening Asset editor for WidgetBlueprint /Game/menuwidget.menuwidget
[2019.06.15-15.09.15:216][195]LogAssetEditorManager: Opening Asset editor for Blueprint /Game/tankparts/tank_bp.tank_bp
[2019.06.15-15.09.15:551][195]LogAssetEditorManager: Opening Asset editor for WidgetBlueprint /Game/ui.ui
[2019.06.15-15.09.16:171][195]LogSlate: Took 0.019820 seconds to synchronously load lazily loaded font '../../../Engine/Content/Slate/Fonts/Roboto-BoldCondensed.ttf' (158K)
[2019.06.15-15.09.29:509][193]LogSlate: FSceneViewport::OnFocusLost() reason 0
[2019.06.15-15.09.57:642][433]LogEditorViewport: Clicking on Actor (LMB): Landscape (Landscape2)
[2019.06.15-15.09.59:668][581]LogSlate: FSceneViewport::OnFocusLost() reason 0
[2019.06.15-15.10.07:253][ 90]LogTexture: Display: Building textures: Texture2D_2 (G8, 128X128)
[2019.06.15-15.10.32:488][789]LogSlate: FSceneViewport::OnFocusLost() reason 0
[2019.06.15-15.10.47:710][534]LogSlate: FSceneViewport::OnFocusLost() reason 0
[2019.06.15-15.10.49:466][742]Cmd: TRANSACTION UNDO
[2019.06.15-15.10.49:466][742]LogEditorTransaction: Undo Landscape Editing: Add ramp
[2019.06.15-15.10.57:728][695]LogSlate: FSceneViewport::OnFocusLost() reason 0
[2019.06.15-15.11.54:464][866]LogSlate: FSceneViewport::OnFocusLost() reason 2
[2019.06.15-15.11.58:109][297]LogSlate: FSceneViewport::OnFocusLost() reason 2
[2019.06.15-15.12.12:465][710]LogEditorViewport: Clicking on Actor (double click): Landscape (Landscape2)
[2019.06.15-15.12.37:079][539]LogSlate: FSceneViewport::OnFocusLost() reason 0
[2019.06.15-15.13.34:916][968]LogSlate: FSceneViewport::OnFocusLost() reason 2
[2019.06.15-15.14.24:301][720]LogSlate: FSceneViewport::OnFocusLost() reason 0
[2019.06.15-15.15.06:727][689]LogSlate: FSceneViewport::OnFocusLost() reason 0
[2019.06.15-15.15.09:738][ 23]LogSlate: FSceneViewport::OnFocusLost() reason 2
[2019.06.15-15.15.21:599][369]LogSlate: FSceneViewport::OnFocusLost() reason 0
[2019.06.15-15.15.31:280][198]LogSlate: FSceneViewport::OnFocusLost() reason 2
[2019.06.15-15.15.36:120][669]LogEditorViewport: Clicking on Actor (double click): Landscape (Landscape2)
[2019.06.15-15.15.45:688][655]LogEditorViewport: Clicking on Actor (double click): Landscape (Landscape2)
[2019.06.15-15.16.02:398][391]LogSlate: FSceneViewport::OnFocusLost() reason 2
[2019.06.15-15.16.12:481][423]LogSlate: FSceneViewport::OnFocusLost() reason 2
[2019.06.15-15.16.17:815][  2]LogEditorViewport: Clicking on Actor (double click): Landscape (Landscape2)
[2019.06.15-15.16.21:288][249]LogEditorViewport: Clicking on Actor (double click): Landscape (Landscape2)
[2019.06.15-15.16.24:234][452]LogEditorViewport: Clicking on Actor (double click): Landscape (Landscape2)
[2019.06.15-15.17.04:135][767]LogSlate: FSceneViewport::OnFocusLost() reason 2
[2019.06.15-15.17.13:571][608]LogSlate: FSceneViewport::OnFocusLost() reason 0
[2019.06.15-15.17.27:200][852]LogSlate: FSceneViewport::OnFocusLost() reason 2
[2019.06.15-15.18.25:816][461]LogEditorViewport: Clicking on Actor (double click): Landscape (Landscape2)
[2019.06.15-15.18.58:177][367]LogEditorViewport: Clicking on Actor (context menu): Landscape (Landscape2)
[2019.06.15-15.18.58:314][367]LogSlate: FSceneViewport::OnFocusLost() reason 2
[2019.06.15-15.19.23:039][ 18]LogSlate: FSceneViewport::OnFocusLost() reason 2
[2019.06.15-15.19.32:390][454]LogSlate: Took 0.015939 seconds to synchronously load lazily loaded font '../../../Engine/Content/Slate/Fonts/Roboto-Italic.ttf' (157K)
[2019.06.15-15.20.01:261][ 31]LogSlate: FSceneViewport::OnFocusLost() reason 0
[2019.06.15-15.20.01:399][ 31]LogSlate: Took 0.016207 seconds to synchronously load lazily loaded font '../../../Engine/Content/Slate/Fonts/Roboto-Light.ttf' (167K)
[2019.06.15-15.20.20:129][109]LogSlate: FSceneViewport::OnFocusLost() reason 0
[2019.06.15-15.20.20:399][128]LogAIModule: Creating AISystem for world MainMenu
[2019.06.15-15.20.20:404][128]LogAssetEditorManager: Opening Asset editor for World /Game/MainMenu.MainMenu
[2019.06.15-15.20.23:372][128]LogSlate: Window 'Save Content' being destroyed
[2019.06.15-15.20.24:388][128]LogTexture: Display: Building textures: Texture2D_105 (BGRA8, 64X64)
[2019.06.15-15.20.24:406][128]LogTexture: Display: Building textures: Texture2D_106 (BGRA8, 64X64)
[2019.06.15-15.20.24:407][128]LogTexture: Display: Building textures: Texture2D_107 (BGRA8, 64X64)
[2019.06.15-15.20.24:410][128]LogTexture: Display: Building textures: Texture2D_111 (BGRA8, 64X64)
[2019.06.15-15.20.24:427][128]LogTexture: Display: Building textures: Texture2D_112 (BGRA8, 64X64)
[2019.06.15-15.20.24:428][128]LogTexture: Display: Building textures: Texture2D_113 (BGRA8, 64X64)
[2019.06.15-15.20.24:429][128]LogTexture: Display: Building textures: Texture2D_114 (BGRA8, 64X64)
[2019.06.15-15.20.24:430][128]LogTexture: Display: Building textures: Texture2D_115 (BGRA8, 64X64)
[2019.06.15-15.20.24:446][128]LogTexture: Display: Building textures: Texture2D_123 (BGRA8, 64X64)
[2019.06.15-15.20.24:447][128]LogTexture: Display: Building textures: Texture2D_124 (BGRA8, 64X64)
[2019.06.15-15.20.24:447][128]LogTexture: Display: Building textures: Texture2D_125 (BGRA8, 64X64)
[2019.06.15-15.20.24:450][128]LogTexture: Display: Building textures: Texture2D_131 (BGRA8, 64X64)
[2019.06.15-15.20.24:451][128]LogTexture: Display: Building textures: Texture2D_132 (BGRA8, 64X64)
[2019.06.15-15.20.24:451][128]LogTexture: Display: Building textures: Texture2D_134 (BGRA8, 64X64)
[2019.06.15-15.20.24:455][128]LogTexture: Display: Building textures: Texture2D_142 (BGRA8, 64X64)
[2019.06.15-15.20.24:463][128]LogTexture: Display: Building textures: Texture2D_151 (BGRA8, 64X64)
[2019.06.15-15.20.24:498][128]LogTexture: Display: Building textures: Texture2D_152 (BGRA8, 64X64)
[2019.06.15-15.20.24:522][128]LogTexture: Display: Building textures: Texture2D_157 (BGRA8, 64X64)
[2019.06.15-15.20.24:530][128]LogTexture: Display: Building textures: Texture2D_158 (BGRA8, 64X64)
[2019.06.15-15.20.24:546][128]LogTexture: Display: Building textures: Texture2D_159 (BGRA8, 64X64)
[2019.06.15-15.20.24:578][128]LogTexture: Display: Building textures: Texture2D_160 (BGRA8, 64X64)
[2019.06.15-15.20.24:589][128]LogTexture: Display: Building textures: Texture2D_167 (BGRA8, 64X64)
[2019.06.15-15.20.24:605][128]LogTexture: Display: Building textures: Texture2D_168 (BGRA8, 64X64)
[2019.06.15-15.20.24:613][128]LogTexture: Display: Building textures: Texture2D_170 (BGRA8, 64X64)
[2019.06.15-15.20.24:636][128]LogTexture: Display: Building textures: Texture2D_178 (BGRA8, 64X64)
[2019.06.15-15.20.24:638][128]LogTexture: Display: Building textures: Texture2D_184 (BGRA8, 64X64)
[2019.06.15-15.20.24:639][128]LogTexture: Display: Building textures: Texture2D_186 (BGRA8, 64X64)
[2019.06.15-15.20.24:640][128]LogTexture: Display: Building textures: Texture2D_187 (BGRA8, 64X64)
[2019.06.15-15.20.24:663][128]LogTexture: Display: Building textures: Texture2D_194 (BGRA8, 64X64)
[2019.06.15-15.20.24:687][128]LogTexture: Display: Building textures: Texture2D_204 (BGRA8, 64X64)
[2019.06.15-15.20.24:688][128]LogTexture: Display: Building textures: Texture2D_205 (BGRA8, 64X64)
[2019.06.15-15.20.24:699][128]LogTexture: Display: Building textures: Texture2D_241 (BGRA8, 64X64)
[2019.06.15-15.20.24:707][128]LogTexture: Display: Building textures: Texture2D_277 (BGRA8, 64X64)
[2019.06.15-15.20.24:721][128]LogTexture: Display: Building textures: Texture2D_281 (BGRA8, 64X64)
[2019.06.15-15.20.24:746][128]LogTexture: Display: Building textures: Texture2D_282 (BGRA8, 64X64)
[2019.06.15-15.20.24:747][128]LogTexture: Display: Building textures: Texture2D_283 (BGRA8, 64X64)
[2019.06.15-15.20.24:748][128]LogTexture: Display: Building textures: Texture2D_284 (BGRA8, 64X64)
[2019.06.15-15.20.24:749][128]LogTexture: Display: Building textures: Texture2D_286 (BGRA8, 64X64)
[2019.06.15-15.20.24:749][128]LogTexture: Display: Building textures: Texture2D_287 (BGRA8, 64X64)
[2019.06.15-15.20.24:751][128]LogTexture: Display: Building textures: Texture2D_290 (BGRA8, 64X64)
[2019.06.15-15.20.24:764][128]LogTexture: Display: Building textures: Texture2D_291 (BGRA8, 64X64)
[2019.06.15-15.20.24:774][128]LogTexture: Display: Building textures: Texture2D_293 (BGRA8, 64X64)
[2019.06.15-15.20.24:800][128]LogTexture: Display: Building textures: Texture2D_294 (BGRA8, 64X64)
[2019.06.15-15.20.24:803][128]LogTexture: Display: Building textures: Texture2D_295 (BGRA8, 64X64)
[2019.06.15-15.20.24:818][128]LogTexture: Display: Building textures: Texture2D_298 (BGRA8, 64X64)
[2019.06.15-15.20.24:819][128]LogTexture: Display: Building textures: Texture2D_301 (BGRA8, 64X64)
[2019.06.15-15.20.24:823][128]LogTexture: Display: Building textures: Texture2D_314 (BGRA8, 64X64)
[2019.06.15-15.20.24:853][128]LogTexture: Display: Building textures: Texture2D_33 (BGRA8, 512X512)
[2019.06.15-15.20.24:862][128]LogTexture: Display: Building textures: Texture2D_338 (BGRA8, 64X64)
[2019.06.15-15.20.24:871][128]LogTexture: Display: Building textures: Texture2D_34 (BGRA8, 512X512)
[2019.06.15-15.20.24:878][128]LogTexture: Display: Building textures: Texture2D_347 (BGRA8, 64X64)
[2019.06.15-15.20.24:893][128]LogTexture: Display: Building textures: Texture2D_35 (BGRA8, 512X512)
[2019.06.15-15.20.24:898][128]LogTexture: Display: Building textures: Texture2D_350 (BGRA8, 64X64)
[2019.06.15-15.20.24:903][128]LogTexture: Display: Building textures: Texture2D_367 (BGRA8, 64X64)
[2019.06.15-15.20.24:932][128]LogTexture: Display: Building textures: Texture2D_369 (BGRA8, 64X64)
[2019.06.15-15.20.24:933][128]LogTexture: Display: Building textures: Texture2D_37 (BGRA8, 512X512)
[2019.06.15-15.20.24:979][128]LogTexture: Display: Building textures: Texture2D_373 (BGRA8, 64X64)
[2019.06.15-15.20.24:980][128]LogTexture: Display: Building textures: Texture2D_374 (BGRA8, 64X64)
[2019.06.15-15.20.24:982][128]LogTexture: Display: Building textures: Texture2D_379 (BGRA8, 64X64)
[2019.06.15-15.20.24:998][128]LogTexture: Display: Building textures: Texture2D_38 (BGRA8, 512X512)
[2019.06.15-15.20.25:007][128]LogTexture: Display: Building textures: Texture2D_380 (BGRA8, 64X64)
[2019.06.15-15.20.25:008][128]LogTexture: Display: Building textures: Texture2D_381 (BGRA8, 64X64)
[2019.06.15-15.20.25:008][128]LogTexture: Display: Building textures: Texture2D_382 (BGRA8, 64X64)
[2019.06.15-15.20.25:018][128]LogTexture: Display: Building textures: Texture2D_383 (BGRA8, 64X64)
[2019.06.15-15.20.25:019][128]LogTexture: Display: Building textures: Texture2D_384 (BGRA8, 64X64)
[2019.06.15-15.20.25:020][128]LogTexture: Display: Building textures: Texture2D_387 (BGRA8, 64X64)
[2019.06.15-15.20.25:021][128]LogTexture: Display: Building textures: Texture2D_39 (BGRA8, 512X512)
[2019.06.15-15.20.25:031][128]LogTexture: Display: Building textures: Texture2D_409 (BGRA8, 64X64)
[2019.06.15-15.20.25:083][128]LogTexture: Display: Building textures: Texture2D_41 (BGRA8, 512X512)
[2019.06.15-15.20.25:098][128]LogTexture: Display: Building textures: Texture2D_42 (BGRA8, 512X512)
[2019.06.15-15.20.25:131][128]LogTexture: Display: Building textures: Texture2D_424 (BGRA8, 64X64)
[2019.06.15-15.20.25:156][128]LogTexture: Display: Building textures: Texture2D_429 (BGRA8, 64X64)
[2019.06.15-15.20.25:157][128]LogTexture: Display: Building textures: Texture2D_43 (BGRA8, 512X512)
[2019.06.15-15.20.25:163][128]LogTexture: Display: Building textures: Texture2D_431 (BGRA8, 64X64)
[2019.06.15-15.20.25:176][128]LogTexture: Display: Building textures: Texture2D_435 (BGRA8, 64X64)
[2019.06.15-15.20.25:187][128]LogTexture: Display: Building textures: Texture2D_60 (BGRA8, 64X64)
[2019.06.15-15.20.25:225][128]LogTexture: Display: Building textures: Texture2D_69 (BGRA8, 64X64)
[2019.06.15-15.20.25:228][128]LogTexture: Display: Building textures: Texture2D_70 (BGRA8, 64X64)
[2019.06.15-15.20.25:230][128]LogTexture: Display: Building textures: Texture2D_77 (BGRA8, 64X64)
[2019.06.15-15.20.25:230][128]LogTexture: Display: Building textures: Texture2D_78 (BGRA8, 64X64)
[2019.06.15-15.20.25:231][128]LogTexture: Display: Building textures: Texture2D_79 (BGRA8, 64X64)
[2019.06.15-15.20.25:259][128]LogTexture: Display: Building textures: Texture2D_86 (BGRA8, 64X64)
[2019.06.15-15.20.25:259][128]LogTexture: Display: Building textures: Texture2D_87 (BGRA8, 64X64)
[2019.06.15-15.20.25:260][128]LogTexture: Display: Building textures: Texture2D_88 (BGRA8, 64X64)
[2019.06.15-15.20.25:274][128]LogTexture: Display: Building textures: Texture2D_95 (BGRA8, 64X64)
[2019.06.15-15.20.25:303][128]LogTexture: Display: Building textures: Texture2D_98 (BGRA8, 64X64)
[2019.06.15-15.20.30:240][128]LogSavePackage: Moving '../../../../../../Users/alexr/OneDrive/Documents/Unreal Projects/BattleGrounds/Saved/BattleGroundC3486A0C4982E35CE06B2A8288337D06.tmp' to '../../../../../../Users/alexr/OneDrive/Documents/Unreal Projects/BattleGrounds/Content/BattleGround.umap'
[2019.06.15-15.20.31:572][128]LogFileHelpers: Saving map 'BattleGround' took 8.164
[2019.06.15-15.20.31:695][128]Cmd: MAP LOAD FILE="../../../../../../Users/alexr/OneDrive/Documents/Unreal Projects/BattleGrounds/Content/MainMenu.umap" TEMPLATE=0 SHOWPROGRESS=1 FEATURELEVEL=3
[2019.06.15-15.20.31:696][128]LightingResults: New page: Lighting Build
[2019.06.15-15.20.31:696][128]LoadErrors: New page: Loading map: MainMenu.umap
[2019.06.15-15.20.32:313][128]MapCheck: New page: Map Check
[2019.06.15-15.20.32:313][128]LightingResults: New page: Lighting Build
[2019.06.15-15.20.35:766][128]LogEditorServer: Finished looking for orphan Actors (0.000 secs)
[2019.06.15-15.20.35:898][128]Cmd: MAP CHECKDEP NOCLEARLOG
[2019.06.15-15.20.35:898][128]MapCheck: Map check complete: 0 Error(s), 0 Warning(s), took 0.142ms to complete.
[2019.06.15-15.20.35:898][128]LogFileHelpers: Loading map 'MainMenu' took 4.327
[2019.06.15-15.20.50:986][128]LogAIModule: Creating AISystem for world BattleGround
[2019.06.15-15.20.58:860][996]LogSlate: FSceneViewport::OnFocusLost() reason 2
[2019.06.15-15.21.01:037][208]LogSlate: FSceneViewport::OnFocusLost() reason 2
[2019.06.15-15.21.01:044][208]LogAssetEditorManager: Opening Asset editor for LevelScriptBlueprint /Game/MainMenu.MainMenu:PersistentLevel.MainMenu
[2019.06.15-15.21.29:147][412]LogEditorTransaction: Undo Add Node
[2019.06.15-15.21.52:133][287]BlueprintLog: New page: Compile MainMenu
[2019.06.15-15.21.55:627][570]Cmd: OBJ SAVEPACKAGE PACKAGE="/Game/MainMenu" FILE="../../../../../../Users/alexr/OneDrive/Documents/Unreal Projects/BattleGrounds/Content/MainMenu.umap" SILENT=true AUTOSAVING=false KEEPDIRTY=false
[2019.06.15-15.21.55:840][570]LogSavePackage: Moving '../../../../../../Users/alexr/OneDrive/Documents/Unreal Projects/BattleGrounds/Saved/MainMenuFFA36A304E6CC90C7B4DC6A27D29CEB4.tmp' to '../../../../../../Users/alexr/OneDrive/Documents/Unreal Projects/BattleGrounds/Content/MainMenu.umap'
[2019.06.15-15.21.55:879][570]LogFileHelpers: Saving map 'MainMenu' took 0.253
[2019.06.15-15.21.57:633][716]LogSlate: FSceneViewport::OnFocusLost() reason 0
[2019.06.15-15.21.59:092][886]LogSlate: FSceneViewport::OnFocusLost() reason 0
[2019.06.15-15.21.59:200][899]LogTemp: Repeating last play command: Selected Viewport
[2019.06.15-15.21.59:333][899]LogBlueprintUserMessages: Early PlayInEditor Detection: Level '/Game/MainMenu.MainMenu:PersistentLevel' has LevelScriptBlueprint '/Game/MainMenu.MainMenu:PersistentLevel.MainMenu' with GeneratedClass '/Game/MainMenu.MainMenu_C' with ClassGeneratedBy '/Game/MainMenu.MainMenu:PersistentLevel.MainMenu'
[2019.06.15-15.21.59:356][899]LogPlayLevel: PlayLevel: No blueprints needed recompiling
[2019.06.15-15.21.59:380][899]PIE: New page: PIE session: MainMenu (Jun 15, 2019, 7:21:59 AM)
[2019.06.15-15.21.59:645][899]LogPlayLevel: Creating play world package: /Game/UEDPIE_0_MainMenu
[2019.06.15-15.21.59:672][899]LogPlayLevel: PIE: StaticDuplicateObject took: (0.026890s)
[2019.06.15-15.21.59:673][899]LogAIModule: Creating AISystem for world MainMenu
[2019.06.15-15.21.59:696][899]LogPlayLevel: PIE: World Init took: (0.023295s)
[2019.06.15-15.21.59:711][899]LogPlayLevel: PIE: Created PIE world by copying editor world from /Game/MainMenu.MainMenu to /Game/UEDPIE_0_MainMenu.MainMenu (0.066118s)
[2019.06.15-15.21.59:889][899]LogInit: XAudio2 using 'Speakers / Headphones (Realtek Audio)' : 2 channels at 48 kHz using 32 bits per sample (channel mask 0x3)
[2019.06.15-15.22.00:034][899]LogInit: FAudioDevice initialized.
[2019.06.15-15.22.00:173][899]LogLoad: Game class is 'BattleTanks_BP_C'
[2019.06.15-15.22.00:175][899]LogWorld: Bringing World /Game/UEDPIE_0_MainMenu.MainMenu up for play (max tick rate 0) at 2019.06.15-11.22.00
[2019.06.15-15.22.00:203][899]LogWorld: Bringing up level for play took: 0.028549
[2019.06.15-15.22.00:449][899]LogContentBrowser: Native class hierarchy updated for 'MovieSceneCapture' in 0.0084 seconds. Added 20 classes and 0 folders.
[2019.06.15-15.22.00:587][899]PIE: Play in editor start time for /Game/UEDPIE_0_MainMenu 0.488
[2019.06.15-15.22.00:588][899]LogBlueprintUserMessages: Late PlayInEditor Detection: Level '/Game/MainMenu.MainMenu:PersistentLevel' has LevelScriptBlueprint '/Game/MainMenu.MainMenu:PersistentLevel.MainMenu' with GeneratedClass '/Game/MainMenu.MainMenu_C' with ClassGeneratedBy '/Game/MainMenu.MainMenu:PersistentLevel.MainMenu'
[2019.06.15-15.22.04:214][294]Cmd: LevelEditor.ToggleImmersive
[2019.06.15-15.22.04:679][295]LogRenderer: Reallocating scene render targets to support 1672x908 Format 9 NumSamples 1 (Frame:397).
[2019.06.15-15.22.04:683][295]LogSlate: FSceneViewport::OnFocusLost() reason 2
[2019.06.15-15.22.20:011][123]LogBlueprintUserMessages: Early EndPlayMap Detection: Level '/Game/MainMenu.MainMenu:PersistentLevel' has LevelScriptBlueprint '/Game/MainMenu.MainMenu:PersistentLevel.MainMenu' with GeneratedClass '/Game/MainMenu.MainMenu_C' with ClassGeneratedBy '/Game/MainMenu.MainMenu:PersistentLevel.MainMenu'
[2019.06.15-15.22.20:036][123]LogSlate: Updating window title bar state: overlay mode, drag disabled, window buttons hidden, title bar hidden
[2019.06.15-15.22.20:168][123]LogPlayLevel: Display: Shutting down PIE online subsystems
[2019.06.15-15.22.20:182][123]LogBlueprintUserMessages: Late EndPlayMap Detection: Level '/Game/MainMenu.MainMenu:PersistentLevel' has LevelScriptBlueprint '/Game/MainMenu.MainMenu:PersistentLevel.MainMenu' with GeneratedClass '/Game/MainMenu.MainMenu_C' with ClassGeneratedBy '/Game/MainMenu.MainMenu:PersistentLevel.MainMenu'
[2019.06.15-15.22.20:254][123]LogSlate: Updating window title bar state: overlay mode, drag disabled, window buttons hidden, title bar hidden
[2019.06.15-15.22.20:305][124]LogPlayLevel: Display: Destroying online subsystem :Context_10
[2019.06.15-15.22.20:307][124]LogRenderer: Reallocating scene render targets to support 1920x1040 Format 9 NumSamples 1 (Frame:3127).
[2019.06.15-15.22.22:198][313]LogSlate: FSceneViewport::OnFocusLost() reason 2
[2019.06.15-15.23.09:606][340]LogSlate: FSceneViewport::OnFocusLost() reason 2
[2019.06.15-15.23.25:170][631]BlueprintLog: New page: Compile MainMenu
[2019.06.15-15.23.32:922][265]Cmd: OBJ SAVEPACKAGE PACKAGE="/Game/MainMenu" FILE="../../../../../../Users/alexr/OneDrive/Documents/Unreal Projects/BattleGrounds/Content/MainMenu.umap" SILENT=true AUTOSAVING=false KEEPDIRTY=false
[2019.06.15-15.23.33:099][265]LogSavePackage: Moving '../../../../../../Users/alexr/OneDrive/Documents/Unreal Projects/BattleGrounds/Saved/MainMenuB8234F1A40F46BBE8921B697021EBFBF.tmp' to '../../../../../../Users/alexr/OneDrive/Documents/Unreal Projects/BattleGrounds/Content/MainMenu.umap'
[2019.06.15-15.23.33:138][265]LogFileHelpers: Saving map 'MainMenu' took 0.217
[2019.06.15-15.23.34:823][402]LogSlate: FSceneViewport::OnFocusLost() reason 0
[2019.06.15-15.23.37:392][704]LogSlate: FSceneViewport::OnFocusLost() reason 0
[2019.06.15-15.23.37:491][716]LogTemp: Repeating last play command: Selected Viewport
[2019.06.15-15.23.37:515][716]LogBlueprintUserMessages: Early PlayInEditor Detection: Level '/Game/MainMenu.MainMenu:PersistentLevel' has LevelScriptBlueprint '/Game/MainMenu.MainMenu:PersistentLevel.MainMenu' with GeneratedClass '/Game/MainMenu.MainMenu_C' with ClassGeneratedBy '/Game/MainMenu.MainMenu:PersistentLevel.MainMenu'
[2019.06.15-15.23.37:530][716]LogPlayLevel: PlayLevel: No blueprints needed recompiling
[2019.06.15-15.23.37:530][716]PIE: New page: PIE session: MainMenu (Jun 15, 2019, 7:23:37 AM)
[2019.06.15-15.23.37:530][716]LogPlayLevel: Creating play world package: /Game/UEDPIE_0_MainMenu
[2019.06.15-15.23.37:531][716]LogPlayLevel: PIE: StaticDuplicateObject took: (0.001112s)
[2019.06.15-15.23.37:532][716]LogAIModule: Creating AISystem for world MainMenu
[2019.06.15-15.23.37:532][716]LogPlayLevel: PIE: World Init took: (0.000762s)
[2019.06.15-15.23.37:532][716]LogPlayLevel: PIE: Created PIE world by copying editor world from /Game/MainMenu.MainMenu to /Game/UEDPIE_0_MainMenu.MainMenu (0.002294s)
[2019.06.15-15.23.37:570][716]LogInit: XAudio2 using 'Speakers / Headphones (Realtek Audio)' : 2 channels at 48 kHz using 32 bits per sample (channel mask 0x3)
[2019.06.15-15.23.37:656][716]LogInit: FAudioDevice initialized.
[2019.06.15-15.23.37:688][716]LogLoad: Game class is 'BattleTanks_BP_C'
[2019.06.15-15.23.37:689][716]LogWorld: Bringing World /Game/UEDPIE_0_MainMenu.MainMenu up for play (max tick rate 0) at 2019.06.15-11.23.37
[2019.06.15-15.23.37:689][716]LogWorld: Bringing up level for play took: 0.000616
[2019.06.15-15.23.37:704][716]PIE: Play in editor start time for /Game/UEDPIE_0_MainMenu -0.396
[2019.06.15-15.23.37:704][716]LogBlueprintUserMessages: Late PlayInEditor Detection: Level '/Game/MainMenu.MainMenu:PersistentLevel' has LevelScriptBlueprint '/Game/MainMenu.MainMenu:PersistentLevel.MainMenu' with GeneratedClass '/Game/MainMenu.MainMenu_C' with ClassGeneratedBy '/Game/MainMenu.MainMenu:PersistentLevel.MainMenu'
[2019.06.15-15.23.39:905][980]Cmd: LevelEditor.ToggleImmersive
[2019.06.15-15.23.40:108][985]LogSlate: FSceneViewport::OnFocusLost() reason 2
[2019.06.15-15.24.16:243][321]Cmd: LevelEditor.ToggleImmersive
[2019.06.15-15.24.16:478][328]LogSlate: FSceneViewport::OnFocusLost() reason 2
[2019.06.15-15.24.19:211][651]LogBlueprintUserMessages: Early EndPlayMap Detection: Level '/Game/MainMenu.MainMenu:PersistentLevel' has LevelScriptBlueprint '/Game/MainMenu.MainMenu:PersistentLevel.MainMenu' with GeneratedClass '/Game/MainMenu.MainMenu_C' with ClassGeneratedBy '/Game/MainMenu.MainMenu:PersistentLevel.MainMenu'
[2019.06.15-15.24.19:211][651]LogSlate: Updating window title bar state: overlay mode, drag disabled, window buttons hidden, title bar hidden
[2019.06.15-15.24.19:249][651]LogPlayLevel: Display: Shutting down PIE online subsystems
[2019.06.15-15.24.19:250][651]LogBlueprintUserMessages: Late EndPlayMap Detection: Level '/Game/MainMenu.MainMenu:PersistentLevel' has LevelScriptBlueprint '/Game/MainMenu.MainMenu:PersistentLevel.MainMenu' with GeneratedClass '/Game/MainMenu.MainMenu_C' with ClassGeneratedBy '/Game/MainMenu.MainMenu:PersistentLevel.MainMenu'
[2019.06.15-15.24.19:292][651]LogSlate: Updating window title bar state: overlay mode, drag disabled, window buttons hidden, title bar hidden
[2019.06.15-15.24.19:317][653]LogPlayLevel: Display: Destroying online subsystem :Context_11
[2019.06.15-15.24.26:923][488]LogSlate: FSceneViewport::OnFocusLost() reason 2
[2019.06.15-15.26.52:149][981]LogEditorTransaction: Undo Edit Y
[2019.06.15-15.27.08:413][910]BlueprintLog: New page: Compile menuwidget
