Log file open, 06/23/19 11:09:20
LogWindows: Failed to load 'aqProf.dll' (GetLastError=126)
LogWindows: File 'aqProf.dll' does not exist
LogWindows: Failed to load 'VtuneApi.dll' (GetLastError=126)
LogWindows: File 'VtuneApi.dll' does not exist
LogWindows: Failed to load 'VtuneApi32e.dll' (GetLastError=126)
LogWindows: File 'VtuneApi32e.dll' does not exist
LogConsoleResponse: Display: Failed to find resolution value strings in scalability ini. Falling back to default.
LogInit: Display: Running engine for game: BattleGrounds
LogPakFile: Registered encryption key '00000000000000000000000000000000': 0 pak files mounted, 0 remain pending
LogPlatformFile: Not using cached read wrapper
LogTaskGraph: Started task graph with 5 named threads and 20 total threads with 3 sets of task threads.
LogStats: Stats thread started at 0.297587
LogD3D11RHI: Loaded GFSDK_Aftermath_Lib.x64.dll
LogICUInternationalization: ICU TimeZone Detection - Raw Offset: -5:00, Platform Override: ''
LogPluginManager: Mounting plugin Paper2D
LogPluginManager: Mounting plugin AISupport
LogPluginManager: Mounting plugin LightPropagationVolume
LogPluginManager: Mounting plugin ActorLayerUtilities
LogPluginManager: Mounting plugin CLionSourceCodeAccess
LogPluginManager: Mounting plugin CodeLiteSourceCodeAccess
LogPluginManager: Mounting plugin GitSourceControl
LogPluginManager: Mounting plugin KDevelopSourceCodeAccess
LogPluginManager: Mounting plugin NullSourceCodeAccess
LogPluginManager: Mounting plugin PerforceSourceControl
LogPluginManager: Mounting plugin SubversionSourceControl
LogPluginManager: Mounting plugin UObjectPlugin
LogPluginManager: Mounting plugin VisualStudioCodeSourceCodeAccess
LogPluginManager: Mounting plugin VisualStudioSourceCodeAccess
LogPluginManager: Mounting plugin XCodeSourceCodeAccess
LogPluginManager: Mounting plugin AssetManagerEditor
LogPluginManager: Mounting plugin CryptoKeys
LogPluginManager: Mounting plugin DataValidation
LogPluginManager: Mounting plugin FacialAnimation
LogPluginManager: Mounting plugin GameplayTagsEditor
LogPluginManager: Mounting plugin MacGraphicsSwitching
LogPluginManager: Mounting plugin MeshEditor
LogPluginManager: Mounting plugin MobileLauncherProfileWizard
LogPluginManager: Mounting plugin PluginBrowser
LogPluginManager: Mounting plugin SpeedTreeImporter
LogPluginManager: Mounting plugin DatasmithContent
LogPluginManager: Mounting plugin VariantManagerContent
LogPluginManager: Mounting plugin AlembicImporter
LogPluginManager: Mounting plugin AppleImageUtils
LogPluginManager: Mounting plugin AppleVision
LogPluginManager: Mounting plugin BackChannel
LogPluginManager: Mounting plugin CharacterAI
LogPluginManager: Mounting plugin GeometryCache
LogPluginManager: Mounting plugin HTML5Networking
LogPluginManager: Mounting plugin ProxyLODPlugin
LogPluginManager: Mounting plugin MagicLeap
LogPluginManager: Mounting plugin MagicLeapMedia
LogPluginManager: Mounting plugin AndroidMedia
LogPluginManager: Mounting plugin AvfMedia
LogPluginManager: Mounting plugin ImgMedia
LogPluginManager: Mounting plugin LinearTimecode
LogPluginManager: Mounting plugin MediaCompositing
LogPluginManager: Mounting plugin MediaPlayerEditor
LogPluginManager: Mounting plugin WebMMedia
LogPluginManager: Mounting plugin WmfMedia
LogPluginManager: Mounting plugin TcpMessaging
LogPluginManager: Mounting plugin UdpMessaging
LogPluginManager: Mounting plugin ActorSequence
LogPluginManager: Mounting plugin LevelSequenceEditor
LogPluginManager: Mounting plugin MatineeToLevelSequence
LogPluginManager: Mounting plugin NetcodeUnitTest
LogPluginManager: Mounting plugin NUTUnrealEngine4
LogPluginManager: Mounting plugin OnlineSubsystemGooglePlay
LogPluginManager: Mounting plugin OnlineSubsystemIOS
LogPluginManager: Mounting plugin OnlineSubsystem
LogPluginManager: Mounting plugin OnlineSubsystemNull
LogPluginManager: Mounting plugin OnlineSubsystemUtils
LogPluginManager: Mounting plugin LauncherChunkInstaller
LogPluginManager: Mounting plugin AndroidDeviceProfileSelector
LogPluginManager: Mounting plugin AndroidMoviePlayer
LogPluginManager: Mounting plugin AndroidPermission
LogPluginManager: Mounting plugin AppleMoviePlayer
LogPluginManager: Mounting plugin ArchVisCharacter
LogPluginManager: Mounting plugin AudioCapture
LogPluginManager: Mounting plugin CableComponent
LogPluginManager: Mounting plugin CustomMeshComponent
LogPluginManager: Mounting plugin EditableMesh
LogPluginManager: Mounting plugin ExampleDeviceProfileSelector
LogPluginManager: Mounting plugin Firebase
LogPluginManager: Mounting plugin GoogleCloudMessaging
LogPluginManager: Mounting plugin IOSDeviceProfileSelector
LogPluginManager: Mounting plugin LinuxDeviceProfileSelector
LogPluginManager: Mounting plugin LocationServicesBPLibrary
LogPluginManager: Mounting plugin MobilePatchingUtils
LogPluginManager: Mounting plugin OculusVR
LogPluginManager: Mounting plugin PhysXVehicles
LogPluginManager: Mounting plugin ProceduralMeshComponent
LogPluginManager: Mounting plugin RuntimePhysXCooking
LogPluginManager: Mounting plugin SteamVR
LogPluginManager: Mounting plugin WebMMoviePlayer
LogPluginManager: Mounting plugin WindowsMoviePlayer
LogStreaming: Display: Took  0.250s to configure plugins.
LogInit: Using libcurl 7.55.1-DEV
LogInit:  - built for x86_64-pc-win32
LogInit:  - supports SSL with OpenSSL/1.0.2h
LogInit:  - supports HTTP deflate (compression) using libz 1.2.8
LogInit:  - other features:
LogInit:      CURL_VERSION_SSL
LogInit:      CURL_VERSION_LIBZ
LogInit:      CURL_VERSION_IPV6
LogInit:      CURL_VERSION_ASYNCHDNS
LogInit:      CURL_VERSION_LARGEFILE
LogInit:      CURL_VERSION_IDN
LogInit:  CurlRequestOptions (configurable via config and command line):
LogInit:  - bVerifyPeer = true  - Libcurl will verify peer certificate
LogInit:  - bUseHttpProxy = false  - Libcurl will NOT use HTTP proxy
LogInit:  - bDontReuseConnections = false  - Libcurl will reuse connections
LogInit:  - MaxHostConnections = 16  - Libcurl will limit the number of connections to a host
LogInit:  - LocalHostAddr = Default
LogInit:  - BufferSize = 65536
LogInit: WinSock: version 1.1 (2.2), MaxSocks=32767, MaxUdp=65467
LogInit: Build: ++UE4+Release-4.21-CL-4753647
LogInit: Engine Version: 4.21.2-4753647+++UE4+Release-4.21
LogInit: Compatible Engine Version: 4.21.0-4541578+++UE4+Release-4.21
LogInit: Net CL: 4541578
LogInit: OS: Windows 10 (), CPU: Intel(R) Core(TM) i5-8400 CPU @ 2.80GHz, GPU: Intel(R) UHD Graphics 630
LogInit: Compiled (64-bit): Jan 19 2019 02:07:31
LogInit: Compiled with Visual C++: 19.13.26129.00
LogInit: Build Configuration: Development
LogInit: Branch Name: ++UE4+Release-4.21
LogInit: Command Line: 
LogInit: Base Directory: C:/Program Files/Epic Games/UE_4.21/Engine/Binaries/Win64/
LogInit: Installed Engine Build: 1
LogDevObjectVersion: Number of dev versions registered: 22
LogDevObjectVersion:   Dev-Blueprints (B0D832E4-1F89-4F0D-ACCF-7EB736FD4AA2): 10
LogDevObjectVersion:   Dev-Build (E1C64328-A22C-4D53-A36C-8E866417BD8C): 0
LogDevObjectVersion:   Dev-Core (375EC13C-06E4-48FB-B500-84F0262A717E): 2
LogDevObjectVersion:   Dev-Editor (E4B068ED-F494-42E9-A231-DA0B2E46BB41): 26
LogDevObjectVersion:   Dev-Framework (CFFC743F-43B0-4480-9391-14DF171D2073): 34
LogDevObjectVersion:   Dev-Mobile (B02B49B5-BB20-44E9-A304-32B752E40360): 2
LogDevObjectVersion:   Dev-Networking (A4E4105C-59A1-49B5-A7C5-40C4547EDFEE): 0
LogDevObjectVersion:   Dev-Online (39C831C9-5AE6-47DC-9A44-9C173E1C8E7C): 0
LogDevObjectVersion:   Dev-Physics (78F01B33-EBEA-4F98-B9B4-84EACCB95AA2): 0
LogDevObjectVersion:   Dev-Platform (6631380F-2D4D-43E0-8009-CF276956A95A): 0
LogDevObjectVersion:   Dev-Rendering (12F88B9F-8875-4AFC-A67C-D90C383ABD29): 27
LogDevObjectVersion:   Dev-Sequencer (7B5AE74C-D270-4C10-A958-57980B212A5A): 9
LogDevObjectVersion:   Dev-VR (D7296918-1DD6-4BDD-9DE2-64A83CC13884): 2
LogDevObjectVersion:   Dev-LoadTimes (C2A15278-BFE7-4AFE-6C17-90FF531DF755): 1
LogDevObjectVersion:   Private-Geometry (6EACA3D4-40EC-4CC1-B786-8BED09428FC5): 3
LogDevObjectVersion:   Dev-AnimPhys (29E575DD-E0A3-4627-9D10-D276232CDCEA): 17
LogDevObjectVersion:   Dev-Anim (AF43A65D-7FD3-4947-9873-3E8ED9C1BB05): 2
LogDevObjectVersion:   Dev-ReflectionCapture (6B266CEC-1EC7-4B8F-A30B-E4D90942FC07): 1
LogDevObjectVersion:   Dev-Automation (0DF73D61-A23F-47EA-B727-89E90C41499A): 1
LogDevObjectVersion:   FortniteMain (601D1886-AC64-4F84-AA16-D3DE0DEAC7D6): 17
LogDevObjectVersion:   Dev-Enterprise (9DFFBCD6-494F-0158-E221-12823C92A888): 4
LogDevObjectVersion:   Dev-Niagara (F2AED0AC-9AFE-416F-8664-AA7FFA26D6FC): 1
LogStreaming: Display: Took  0.027s to delete old logs.
LogInit: Presizing for max 8388607 objects, including 0 objects not considered by GC, pre-allocating 0 bytes for permanent pool.
LogInit: Object subsystem initialized
LogConfig: Setting CVar [[con.DebugEarlyDefault:1]]
LogConfig: Setting CVar [[r.setres:1280x720]]
[2019.06.23-15.09.21:171][  0]LogConfig: Setting CVar [[r.VSync:0]]
[2019.06.23-15.09.21:171][  0]LogConfig: Setting CVar [[r.RHICmdBypass:0]]
[2019.06.23-15.09.21:171][  0]LogConfig: Applying CVar settings from Section [/Script/Engine.RendererSettings] File [C:/Users/alexr/OneDrive/Documents/Unreal Projects/BattleGrounds/Saved/Config/Windows/Engine.ini]
[2019.06.23-15.09.21:171][  0]LogConfig: Setting CVar [[r.GPUCrashDebugging:0]]
[2019.06.23-15.09.21:171][  0]LogConfig: Applying CVar settings from Section [/Script/Engine.RendererOverrideSettings] File [C:/Users/alexr/OneDrive/Documents/Unreal Projects/BattleGrounds/Saved/Config/Windows/Engine.ini]
[2019.06.23-15.09.21:171][  0]LogConfig: Applying CVar settings from Section [/Script/Engine.StreamingSettings] File [C:/Users/alexr/OneDrive/Documents/Unreal Projects/BattleGrounds/Saved/Config/Windows/Engine.ini]
[2019.06.23-15.09.21:171][  0]LogConfig: Setting CVar [[s.MinBulkDataSizeForAsyncLoading:131072]]
[2019.06.23-15.09.21:171][  0]LogConfig: Setting CVar [[s.AsyncLoadingThreadEnabled:0]]
[2019.06.23-15.09.21:171][  0]LogConfig: Setting CVar [[s.EventDrivenLoaderEnabled:1]]
[2019.06.23-15.09.21:171][  0]LogConfig: Setting CVar [[s.WarnIfTimeLimitExceeded:0]]
[2019.06.23-15.09.21:171][  0]LogConfig: Setting CVar [[s.TimeLimitExceededMultiplier:1.5]]
[2019.06.23-15.09.21:171][  0]LogConfig: Setting CVar [[s.TimeLimitExceededMinTime:0.005]]
[2019.06.23-15.09.21:171][  0]LogConfig: Setting CVar [[s.UseBackgroundLevelStreaming:1]]
[2019.06.23-15.09.21:171][  0]LogConfig: Setting CVar [[s.PriorityAsyncLoadingExtraTime:15.0]]
[2019.06.23-15.09.21:171][  0]LogConfig: Setting CVar [[s.LevelStreamingActorsUpdateTimeLimit:5.0]]
[2019.06.23-15.09.21:171][  0]LogConfig: Setting CVar [[s.PriorityLevelStreamingActorsUpdateExtraTime:5.0]]
[2019.06.23-15.09.21:171][  0]LogConfig: Setting CVar [[s.LevelStreamingComponentsRegistrationGranularity:10]]
[2019.06.23-15.09.21:171][  0]LogConfig: Setting CVar [[s.UnregisterComponentsTimeLimit:1.0]]
[2019.06.23-15.09.21:171][  0]LogConfig: Setting CVar [[s.LevelStreamingComponentsUnregistrationGranularity:5]]
[2019.06.23-15.09.21:171][  0]LogConfig: Applying CVar settings from Section [/Script/Engine.GarbageCollectionSettings] File [C:/Users/alexr/OneDrive/Documents/Unreal Projects/BattleGrounds/Saved/Config/Windows/Engine.ini]
[2019.06.23-15.09.21:171][  0]LogConfig: Setting CVar [[gc.MaxObjectsNotConsideredByGC:1]]
[2019.06.23-15.09.21:171][  0]LogConfig: Setting CVar [[gc.SizeOfPermanentObjectPool:0]]
[2019.06.23-15.09.21:172][  0]LogConfig: Setting CVar [[gc.FlushStreamingOnGC:0]]
[2019.06.23-15.09.21:172][  0]LogConfig: Setting CVar [[gc.NumRetriesBeforeForcingGC:10]]
[2019.06.23-15.09.21:172][  0]LogConfig: Setting CVar [[gc.AllowParallelGC:1]]
[2019.06.23-15.09.21:172][  0]LogConfig: Setting CVar [[gc.TimeBetweenPurgingPendingKillObjects:61.1]]
[2019.06.23-15.09.21:172][  0]LogConfig: Setting CVar [[gc.MaxObjectsInEditor:8388607]]
[2019.06.23-15.09.21:172][  0]LogConfig: Setting CVar [[gc.IncrementalBeginDestroyEnabled:1]]
[2019.06.23-15.09.21:172][  0]LogConfig: Setting CVar [[gc.CreateGCClusters:1]]
[2019.06.23-15.09.21:172][  0]LogConfig: Setting CVar [[gc.MergeGCClusters:0]]
[2019.06.23-15.09.21:172][  0]LogConfig: Setting CVar [[gc.MinGCClusterSize:5]]
[2019.06.23-15.09.21:172][  0]LogConfig: Setting CVar [[gc.ActorClusteringEnabled:0]]
[2019.06.23-15.09.21:172][  0]LogConfig: Setting CVar [[gc.BlueprintClusteringEnabled:0]]
[2019.06.23-15.09.21:172][  0]LogConfig: Setting CVar [[gc.UseDisregardForGCOnDedicatedServers:0]]
[2019.06.23-15.09.21:172][  0]LogConfig: Applying CVar settings from Section [/Script/Engine.NetworkSettings] File [C:/Users/alexr/OneDrive/Documents/Unreal Projects/BattleGrounds/Saved/Config/Windows/Engine.ini]
[2019.06.23-15.09.21:172][  0]LogConfig: Applying CVar settings from Section [/Script/UnrealEd.CookerSettings] File [C:/Users/alexr/OneDrive/Documents/Unreal Projects/BattleGrounds/Saved/Config/Windows/Engine.ini]
[2019.06.23-15.09.21:175][  0]LogConfig: Applying CVar settings from Section [ViewDistanceQuality@3] File [C:/Users/alexr/OneDrive/Documents/Unreal Projects/BattleGrounds/Saved/Config/Windows/Scalability.ini]
[2019.06.23-15.09.21:175][  0]LogConfig: Setting CVar [[r.SkeletalMeshLODBias:0]]
[2019.06.23-15.09.21:175][  0]LogConfig: Setting CVar [[r.ViewDistanceScale:1.0]]
[2019.06.23-15.09.21:175][  0]LogConfig: Applying CVar settings from Section [AntiAliasingQuality@3] File [C:/Users/alexr/OneDrive/Documents/Unreal Projects/BattleGrounds/Saved/Config/Windows/Scalability.ini]
[2019.06.23-15.09.21:175][  0]LogConfig: Setting CVar [[r.PostProcessAAQuality:4]]
[2019.06.23-15.09.21:175][  0]LogConfig: Applying CVar settings from Section [ShadowQuality@3] File [C:/Users/alexr/OneDrive/Documents/Unreal Projects/BattleGrounds/Saved/Config/Windows/Scalability.ini]
[2019.06.23-15.09.21:175][  0]LogConfig: Setting CVar [[r.LightFunctionQuality:1]]
[2019.06.23-15.09.21:175][  0]LogConfig: Setting CVar [[r.ShadowQuality:5]]
[2019.06.23-15.09.21:175][  0]LogConfig: Setting CVar [[r.Shadow.CSM.MaxCascades:10]]
[2019.06.23-15.09.21:175][  0]LogConfig: Setting CVar [[r.Shadow.MaxResolution:2048]]
[2019.06.23-15.09.21:175][  0]LogConfig: Setting CVar [[r.Shadow.MaxCSMResolution:2048]]
[2019.06.23-15.09.21:175][  0]LogConfig: Setting CVar [[r.Shadow.RadiusThreshold:0.01]]
[2019.06.23-15.09.21:175][  0]LogConfig: Setting CVar [[r.Shadow.DistanceScale:1.0]]
[2019.06.23-15.09.21:175][  0]LogConfig: Setting CVar [[r.Shadow.CSM.TransitionScale:1.0]]
[2019.06.23-15.09.21:175][  0]LogConfig: Setting CVar [[r.Shadow.PreShadowResolutionFactor:1.0]]
[2019.06.23-15.09.21:175][  0]LogConfig: Setting CVar [[r.DistanceFieldShadowing:1]]
[2019.06.23-15.09.21:175][  0]LogConfig: Setting CVar [[r.DistanceFieldAO:1]]
[2019.06.23-15.09.21:175][  0]LogConfig: Setting CVar [[r.AOQuality:2]]
[2019.06.23-15.09.21:175][  0]LogConfig: Setting CVar [[r.VolumetricFog:1]]
[2019.06.23-15.09.21:175][  0]LogConfig: Setting CVar [[r.VolumetricFog.GridPixelSize:8]]
[2019.06.23-15.09.21:175][  0]LogConfig: Setting CVar [[r.VolumetricFog.GridSizeZ:128]]
[2019.06.23-15.09.21:175][  0]LogConfig: Setting CVar [[r.VolumetricFog.HistoryMissSupersampleCount:4]]
[2019.06.23-15.09.21:175][  0]LogConfig: Setting CVar [[r.LightMaxDrawDistanceScale:1]]
[2019.06.23-15.09.21:175][  0]LogConfig: Setting CVar [[r.CapsuleShadows:1]]
[2019.06.23-15.09.21:175][  0]LogConfig: Applying CVar settings from Section [PostProcessQuality@3] File [C:/Users/alexr/OneDrive/Documents/Unreal Projects/BattleGrounds/Saved/Config/Windows/Scalability.ini]
[2019.06.23-15.09.21:175][  0]LogConfig: Setting CVar [[r.MotionBlurQuality:4]]
[2019.06.23-15.09.21:175][  0]LogConfig: Setting CVar [[r.AmbientOcclusionMipLevelFactor:0.4]]
[2019.06.23-15.09.21:175][  0]LogConfig: Setting CVar [[r.AmbientOcclusionMaxQuality:100]]
[2019.06.23-15.09.21:175][  0]LogConfig: Setting CVar [[r.AmbientOcclusionLevels:-1]]
[2019.06.23-15.09.21:175][  0]LogConfig: Setting CVar [[r.AmbientOcclusionRadiusScale:1.0]]
[2019.06.23-15.09.21:175][  0]LogConfig: Setting CVar [[r.DepthOfFieldQuality:2]]
[2019.06.23-15.09.21:175][  0]LogConfig: Setting CVar [[r.RenderTargetPoolMin:400]]
[2019.06.23-15.09.21:175][  0]LogConfig: Setting CVar [[r.LensFlareQuality:2]]
[2019.06.23-15.09.21:175][  0]LogConfig: Setting CVar [[r.SceneColorFringeQuality:1]]
[2019.06.23-15.09.21:175][  0]LogConfig: Setting CVar [[r.EyeAdaptationQuality:2]]
[2019.06.23-15.09.21:175][  0]LogConfig: Setting CVar [[r.BloomQuality:5]]
[2019.06.23-15.09.21:175][  0]LogConfig: Setting CVar [[r.FastBlurThreshold:100]]
[2019.06.23-15.09.21:175][  0]LogConfig: Setting CVar [[r.Upscale.Quality:3]]
[2019.06.23-15.09.21:175][  0]LogConfig: Setting CVar [[r.Tonemapper.GrainQuantization:1]]
[2019.06.23-15.09.21:175][  0]LogConfig: Setting CVar [[r.LightShaftQuality:1]]
[2019.06.23-15.09.21:175][  0]LogConfig: Setting CVar [[r.Filter.SizeScale:1]]
[2019.06.23-15.09.21:176][  0]LogConfig: Setting CVar [[r.Tonemapper.Quality:5]]
[2019.06.23-15.09.21:176][  0]LogConfig: Setting CVar [[r.DOF.Gather.AccumulatorQuality:1        ; higher gathering accumulator quality]]
[2019.06.23-15.09.21:176][  0]LogConfig: Setting CVar [[r.DOF.Gather.PostfilterMethod:1          ; Median3x3 postfilering method]]
[2019.06.23-15.09.21:176][  0]LogConfig: Setting CVar [[r.DOF.Gather.EnableBokehSettings:0       ; no bokeh simulation when gathering]]
[2019.06.23-15.09.21:176][  0]LogConfig: Setting CVar [[r.DOF.Gather.RingCount:4                 ; medium number of samples when gathering]]
[2019.06.23-15.09.21:176][  0]LogConfig: Setting CVar [[r.DOF.Scatter.ForegroundCompositing:1    ; additive foreground scattering]]
[2019.06.23-15.09.21:176][  0]LogConfig: Setting CVar [[r.DOF.Scatter.BackgroundCompositing:2    ; additive background scattering]]
[2019.06.23-15.09.21:176][  0]LogConfig: Setting CVar [[r.DOF.Scatter.EnableBokehSettings:1      ; bokeh simulation when scattering]]
[2019.06.23-15.09.21:176][  0]LogConfig: Setting CVar [[r.DOF.Scatter.MaxSpriteRatio:0.1         ; only a maximum of 10% of scattered bokeh]]
[2019.06.23-15.09.21:176][  0]LogConfig: Setting CVar [[r.DOF.Recombine.Quality:1                ; cheap slight out of focus]]
[2019.06.23-15.09.21:176][  0]LogConfig: Setting CVar [[r.DOF.Recombine.EnableBokehSettings:0    ; no bokeh simulation on slight out of focus]]
[2019.06.23-15.09.21:176][  0]LogConfig: Setting CVar [[r.DOF.TemporalAAQuality:1                ; more stable temporal accumulation]]
[2019.06.23-15.09.21:176][  0]LogConfig: Setting CVar [[r.DOF.Kernel.MaxForegroundRadius:0.025]]
[2019.06.23-15.09.21:176][  0]LogConfig: Setting CVar [[r.DOF.Kernel.MaxBackgroundRadius:0.025]]
[2019.06.23-15.09.21:176][  0]LogConfig: Applying CVar settings from Section [TextureQuality@3] File [C:/Users/alexr/OneDrive/Documents/Unreal Projects/BattleGrounds/Saved/Config/Windows/Scalability.ini]
[2019.06.23-15.09.21:176][  0]LogConfig: Setting CVar [[r.Streaming.MipBias:0]]
[2019.06.23-15.09.21:176][  0]LogConfig: Setting CVar [[r.Streaming.AmortizeCPUToGPUCopy:0]]
[2019.06.23-15.09.21:176][  0]LogConfig: Setting CVar [[r.Streaming.MaxNumTexturesToStreamPerFrame:0]]
[2019.06.23-15.09.21:176][  0]LogConfig: Setting CVar [[r.Streaming.Boost:1]]
[2019.06.23-15.09.21:176][  0]LogConfig: Setting CVar [[r.MaxAnisotropy:8]]
[2019.06.23-15.09.21:176][  0]LogConfig: Setting CVar [[r.Streaming.LimitPoolSizeToVRAM:0]]
[2019.06.23-15.09.21:176][  0]LogConfig: Setting CVar [[r.Streaming.PoolSize:1000]]
[2019.06.23-15.09.21:176][  0]LogConfig: Setting CVar [[r.Streaming.MaxEffectiveScreenSize:0]]
[2019.06.23-15.09.21:176][  0]LogConfig: Applying CVar settings from Section [EffectsQuality@3] File [C:/Users/alexr/OneDrive/Documents/Unreal Projects/BattleGrounds/Saved/Config/Windows/Scalability.ini]
[2019.06.23-15.09.21:176][  0]LogConfig: Setting CVar [[r.TranslucencyLightingVolumeDim:64]]
[2019.06.23-15.09.21:176][  0]LogConfig: Setting CVar [[r.RefractionQuality:2]]
[2019.06.23-15.09.21:176][  0]LogConfig: Setting CVar [[r.SSR.Quality:3]]
[2019.06.23-15.09.21:176][  0]LogConfig: Setting CVar [[r.SceneColorFormat:4]]
[2019.06.23-15.09.21:176][  0]LogConfig: Setting CVar [[r.DetailMode:2]]
[2019.06.23-15.09.21:176][  0]LogConfig: Setting CVar [[r.TranslucencyVolumeBlur:1]]
[2019.06.23-15.09.21:176][  0]LogConfig: Setting CVar [[r.MaterialQualityLevel:1 ; High quality]]
[2019.06.23-15.09.21:176][  0]LogConfig: Setting CVar [[r.SSS.Scale:1]]
[2019.06.23-15.09.21:176][  0]LogConfig: Setting CVar [[r.SSS.SampleSet:2]]
[2019.06.23-15.09.21:176][  0]LogConfig: Setting CVar [[r.SSS.Quality:1]]
[2019.06.23-15.09.21:176][  0]LogConfig: Setting CVar [[r.SSS.HalfRes:1]]
[2019.06.23-15.09.21:176][  0]LogConfig: Setting CVar [[r.EmitterSpawnRateScale:1.0]]
[2019.06.23-15.09.21:176][  0]LogConfig: Setting CVar [[r.ParticleLightQuality:2]]
[2019.06.23-15.09.21:176][  0]LogConfig: Applying CVar settings from Section [FoliageQuality@3] File [C:/Users/alexr/OneDrive/Documents/Unreal Projects/BattleGrounds/Saved/Config/Windows/Scalability.ini]
[2019.06.23-15.09.21:176][  0]LogConfig: Setting CVar [[foliage.DensityScale:1.0]]
[2019.06.23-15.09.21:176][  0]LogConfig: Setting CVar [[grass.DensityScale:1.0]]
[2019.06.23-15.09.21:176][  0]LogInit: Selected Device Profile: [Windows]
[2019.06.23-15.09.21:176][  0]LogInit: Applying CVar settings loaded from the selected device profile: [Windows]
[2019.06.23-15.09.21:211][  0]LogHAL: Display: Platform has ~ 8 GB [8383889408 / 8589934592 / 8], which maps to Default [LargestMinGB=32, LargerMinGB=12, DefaultMinGB=8, SmallerMinGB=6, SmallestMinGB=0)
[2019.06.23-15.09.21:211][  0]LogConfig: Setting CVar [[r.Vulkan.UseRealUBs:1]]
[2019.06.23-15.09.21:211][  0]LogInit: Going up to parent DeviceProfile []
[2019.06.23-15.09.21:211][  0]LogConfig: Applying CVar settings from Section [ViewDistanceQuality@2] File [C:/Users/alexr/OneDrive/Documents/Unreal Projects/BattleGrounds/Saved/Config/Windows/Scalability.ini]
[2019.06.23-15.09.21:211][  0]LogConfig: Setting CVar [[r.SkeletalMeshLODBias:0]]
[2019.06.23-15.09.21:211][  0]LogConfig: Setting CVar [[r.ViewDistanceScale:0.8]]
[2019.06.23-15.09.21:211][  0]LogConfig: Applying CVar settings from Section [AntiAliasingQuality@2] File [C:/Users/alexr/OneDrive/Documents/Unreal Projects/BattleGrounds/Saved/Config/Windows/Scalability.ini]
[2019.06.23-15.09.21:211][  0]LogConfig: Setting CVar [[r.PostProcessAAQuality:3]]
[2019.06.23-15.09.21:211][  0]LogConfig: Applying CVar settings from Section [ShadowQuality@2] File [C:/Users/alexr/OneDrive/Documents/Unreal Projects/BattleGrounds/Saved/Config/Windows/Scalability.ini]
[2019.06.23-15.09.21:211][  0]LogConfig: Setting CVar [[r.LightFunctionQuality:1]]
[2019.06.23-15.09.21:211][  0]LogConfig: Setting CVar [[r.ShadowQuality:5]]
[2019.06.23-15.09.21:211][  0]LogConfig: Setting CVar [[r.Shadow.CSM.MaxCascades:4]]
[2019.06.23-15.09.21:211][  0]LogConfig: Setting CVar [[r.Shadow.MaxResolution:1024]]
[2019.06.23-15.09.21:211][  0]LogConfig: Setting CVar [[r.Shadow.MaxCSMResolution:2048]]
[2019.06.23-15.09.21:211][  0]LogConfig: Setting CVar [[r.Shadow.RadiusThreshold:0.04]]
[2019.06.23-15.09.21:211][  0]LogConfig: Setting CVar [[r.Shadow.DistanceScale:0.85]]
[2019.06.23-15.09.21:211][  0]LogConfig: Setting CVar [[r.Shadow.CSM.TransitionScale:0.8]]
[2019.06.23-15.09.21:211][  0]LogConfig: Setting CVar [[r.Shadow.PreShadowResolutionFactor:0.5]]
[2019.06.23-15.09.21:211][  0]LogConfig: Setting CVar [[r.DistanceFieldShadowing:1]]
[2019.06.23-15.09.21:211][  0]LogConfig: Setting CVar [[r.DistanceFieldAO:1]]
[2019.06.23-15.09.21:211][  0]LogConfig: Setting CVar [[r.AOQuality:1]]
[2019.06.23-15.09.21:211][  0]LogConfig: Setting CVar [[r.VolumetricFog:1]]
[2019.06.23-15.09.21:211][  0]LogConfig: Setting CVar [[r.VolumetricFog.GridPixelSize:16]]
[2019.06.23-15.09.21:211][  0]LogConfig: Setting CVar [[r.VolumetricFog.GridSizeZ:64]]
[2019.06.23-15.09.21:211][  0]LogConfig: Setting CVar [[r.VolumetricFog.HistoryMissSupersampleCount:4]]
[2019.06.23-15.09.21:211][  0]LogConfig: Setting CVar [[r.LightMaxDrawDistanceScale:1]]
[2019.06.23-15.09.21:211][  0]LogConfig: Setting CVar [[r.CapsuleShadows:1]]
[2019.06.23-15.09.21:211][  0]LogConfig: Applying CVar settings from Section [PostProcessQuality@2] File [C:/Users/alexr/OneDrive/Documents/Unreal Projects/BattleGrounds/Saved/Config/Windows/Scalability.ini]
[2019.06.23-15.09.21:211][  0]LogConfig: Setting CVar [[r.MotionBlurQuality:3]]
[2019.06.23-15.09.21:211][  0]LogConfig: Setting CVar [[r.AmbientOcclusionMipLevelFactor:0.6]]
[2019.06.23-15.09.21:211][  0]LogConfig: Setting CVar [[r.AmbientOcclusionMaxQuality:100]]
[2019.06.23-15.09.21:211][  0]LogConfig: Setting CVar [[r.AmbientOcclusionLevels:-1]]
[2019.06.23-15.09.21:211][  0]LogConfig: Setting CVar [[r.AmbientOcclusionRadiusScale:1.5]]
[2019.06.23-15.09.21:211][  0]LogConfig: Setting CVar [[r.DepthOfFieldQuality:2]]
[2019.06.23-15.09.21:211][  0]LogConfig: Setting CVar [[r.RenderTargetPoolMin:400]]
[2019.06.23-15.09.21:211][  0]LogConfig: Setting CVar [[r.LensFlareQuality:2]]
[2019.06.23-15.09.21:211][  0]LogConfig: Setting CVar [[r.SceneColorFringeQuality:1]]
[2019.06.23-15.09.21:211][  0]LogConfig: Setting CVar [[r.EyeAdaptationQuality:2]]
[2019.06.23-15.09.21:211][  0]LogConfig: Setting CVar [[r.BloomQuality:5]]
[2019.06.23-15.09.21:211][  0]LogConfig: Setting CVar [[r.FastBlurThreshold:3]]
[2019.06.23-15.09.21:211][  0]LogConfig: Setting CVar [[r.Upscale.Quality:2]]
[2019.06.23-15.09.21:211][  0]LogConfig: Setting CVar [[r.Tonemapper.GrainQuantization:1]]
[2019.06.23-15.09.21:211][  0]LogConfig: Setting CVar [[r.LightShaftQuality:1]]
[2019.06.23-15.09.21:211][  0]LogConfig: Setting CVar [[r.Filter.SizeScale:0.8]]
[2019.06.23-15.09.21:211][  0]LogConfig: Setting CVar [[r.Tonemapper.Quality:5]]
[2019.06.23-15.09.21:211][  0]LogConfig: Setting CVar [[r.DOF.Gather.AccumulatorQuality:0        ; lower gathering accumulator quality]]
[2019.06.23-15.09.21:211][  0]LogConfig: Setting CVar [[r.DOF.Gather.PostfilterMethod:2          ; Max3x3 postfilering method]]
[2019.06.23-15.09.21:211][  0]LogConfig: Setting CVar [[r.DOF.Gather.EnableBokehSettings:0       ; no bokeh simulation when gathering]]
[2019.06.23-15.09.21:211][  0]LogConfig: Setting CVar [[r.DOF.Gather.RingCount:4                 ; medium number of samples when gathering]]
[2019.06.23-15.09.21:211][  0]LogConfig: Setting CVar [[r.DOF.Scatter.ForegroundCompositing:1    ; additive foreground scattering]]
[2019.06.23-15.09.21:211][  0]LogConfig: Setting CVar [[r.DOF.Scatter.BackgroundCompositing:1    ; no background occlusion]]
[2019.06.23-15.09.21:211][  0]LogConfig: Setting CVar [[r.DOF.Scatter.EnableBokehSettings:0      ; no bokeh simulation when scattering]]
[2019.06.23-15.09.21:211][  0]LogConfig: Setting CVar [[r.DOF.Scatter.MaxSpriteRatio:0.04        ; only a maximum of 4% of scattered bokeh]]
[2019.06.23-15.09.21:212][  0]LogConfig: Setting CVar [[r.DOF.Recombine.Quality:0                ; no slight out of focus]]
[2019.06.23-15.09.21:212][  0]LogConfig: Setting CVar [[r.DOF.TemporalAAQuality:0                ; faster temporal accumulation]]
[2019.06.23-15.09.21:212][  0]LogConfig: Setting CVar [[r.DOF.Kernel.MaxForegroundRadius:0.012   ; required because of AccumulatorQuality=0]]
[2019.06.23-15.09.21:212][  0]LogConfig: Setting CVar [[r.DOF.Kernel.MaxBackgroundRadius:0.012   ; required because of AccumulatorQuality=0]]
[2019.06.23-15.09.21:212][  0]LogConfig: Applying CVar settings from Section [TextureQuality@2] File [C:/Users/alexr/OneDrive/Documents/Unreal Projects/BattleGrounds/Saved/Config/Windows/Scalability.ini]
[2019.06.23-15.09.21:212][  0]LogConfig: Setting CVar [[r.Streaming.MipBias:0]]
[2019.06.23-15.09.21:212][  0]LogConfig: Setting CVar [[r.Streaming.AmortizeCPUToGPUCopy:0]]
[2019.06.23-15.09.21:212][  0]LogConfig: Setting CVar [[r.Streaming.MaxNumTexturesToStreamPerFrame:0]]
[2019.06.23-15.09.21:212][  0]LogConfig: Setting CVar [[r.Streaming.Boost:1]]
[2019.06.23-15.09.21:212][  0]LogConfig: Setting CVar [[r.MaxAnisotropy:4]]
[2019.06.23-15.09.21:212][  0]LogConfig: Setting CVar [[r.Streaming.LimitPoolSizeToVRAM:1]]
[2019.06.23-15.09.21:212][  0]LogConfig: Setting CVar [[r.Streaming.PoolSize:800]]
[2019.06.23-15.09.21:212][  0]LogConfig: Setting CVar [[r.Streaming.MaxEffectiveScreenSize:0]]
[2019.06.23-15.09.21:212][  0]LogConfig: Applying CVar settings from Section [EffectsQuality@2] File [C:/Users/alexr/OneDrive/Documents/Unreal Projects/BattleGrounds/Saved/Config/Windows/Scalability.ini]
[2019.06.23-15.09.21:212][  0]LogConfig: Setting CVar [[r.TranslucencyLightingVolumeDim:48]]
[2019.06.23-15.09.21:212][  0]LogConfig: Setting CVar [[r.RefractionQuality:2]]
[2019.06.23-15.09.21:212][  0]LogConfig: Setting CVar [[r.SSR.Quality:2]]
[2019.06.23-15.09.21:212][  0]LogConfig: Setting CVar [[r.SceneColorFormat:3]]
[2019.06.23-15.09.21:212][  0]LogConfig: Setting CVar [[r.DetailMode:1]]
[2019.06.23-15.09.21:212][  0]LogConfig: Setting CVar [[r.TranslucencyVolumeBlur:1]]
[2019.06.23-15.09.21:212][  0]LogConfig: Setting CVar [[r.MaterialQualityLevel:1 ; High quality]]
[2019.06.23-15.09.21:212][  0]LogConfig: Setting CVar [[r.SSS.Scale:1]]
[2019.06.23-15.09.21:212][  0]LogConfig: Setting CVar [[r.SSS.SampleSet:1]]
[2019.06.23-15.09.21:212][  0]LogConfig: Setting CVar [[r.SSS.Quality:-1]]
[2019.06.23-15.09.21:212][  0]LogConfig: Setting CVar [[r.SSS.HalfRes:1]]
[2019.06.23-15.09.21:212][  0]LogConfig: Setting CVar [[r.EmitterSpawnRateScale:0.5]]
[2019.06.23-15.09.21:212][  0]LogConfig: Setting CVar [[r.ParticleLightQuality:1]]
[2019.06.23-15.09.21:212][  0]LogConfig: Applying CVar settings from Section [FoliageQuality@2] File [C:/Users/alexr/OneDrive/Documents/Unreal Projects/BattleGrounds/Saved/Config/Windows/Scalability.ini]
[2019.06.23-15.09.21:212][  0]LogConfig: Setting CVar [[foliage.DensityScale:0.8]]
[2019.06.23-15.09.21:212][  0]LogConfig: Setting CVar [[grass.DensityScale:0.8]]
[2019.06.23-15.09.21:212][  0]LogConfig: Applying CVar settings from Section [Startup] File [../../../Engine/Config/ConsoleVariables.ini]
[2019.06.23-15.09.21:249][  0]LogConfig: Setting CVar [[net.UseAdaptiveNetUpdateFrequency:0]]
[2019.06.23-15.09.21:249][  0]LogConfig: Applying CVar settings from Section [ConsoleVariables] File [C:/Users/alexr/OneDrive/Documents/Unreal Projects/BattleGrounds/Saved/Config/Windows/Engine.ini]
[2019.06.23-15.09.21:250][  0]LogInit: Computer: DESKTOP-K3G4BCU
[2019.06.23-15.09.21:250][  0]LogInit: User: alexr
[2019.06.23-15.09.21:250][  0]LogInit: CPU Page size=4096, Cores=6
[2019.06.23-15.09.21:250][  0]LogInit: High frequency timer resolution =10.000000 MHz
[2019.06.23-15.09.21:250][  0]LogMemory: Memory total: Physical=7.8GB (8GB approx)
[2019.06.23-15.09.21:250][  0]LogMemory: Platform Memory Stats for Windows
[2019.06.23-15.09.21:250][  0]LogMemory: Process Physical Memory: 103.20 MB used, 103.21 MB peak
[2019.06.23-15.09.21:250][  0]LogMemory: Process Virtual Memory: 85.30 MB used, 85.30 MB peak
[2019.06.23-15.09.21:250][  0]LogMemory: Physical Memory: 6853.04 MB used,  1142.46 MB free, 7995.50 MB total
[2019.06.23-15.09.21:250][  0]LogMemory: Virtual Memory: 4639.76 MB used,  134213088.00 MB free, 134217728.00 MB total
[2019.06.23-15.09.21:262][  0]LogInit: Using OS detected language (en-US).
[2019.06.23-15.09.21:263][  0]LogInit: Using OS detected locale (en-US).
[2019.06.23-15.09.21:263][  0]LogTextLocalizationManager: No specific localization for 'en-US' exists, so the 'en' localization will be used.
[2019.06.23-15.09.21:667][  0]LogStreaming: Display: Took  0.404s to InitEngineTextLocalization.
[2019.06.23-15.09.21:667][  0]LogInit: Setting process to per monitor DPI aware
[2019.06.23-15.09.21:831][  0]LogSlate: New Slate User Created.  User Index 0, Is Virtual User: 0
[2019.06.23-15.09.21:831][  0]LogSlate: Slate User Registered.  User Index 0, Is Virtual User: 0
[2019.06.23-15.09.30:753][  0]LogHMD: Failed to initialize OpenVR with code 110
[2019.06.23-15.09.30:753][  0]LogD3D11RHI: D3D11 adapters:
[2019.06.23-15.09.30:767][  0]LogD3D11RHI:    0. 'Intel(R) UHD Graphics 630' (Feature Level 11_0)
[2019.06.23-15.09.30:767][  0]LogD3D11RHI:       128/0/3997 MB DedicatedVideo/DedicatedSystem/SharedSystem, Outputs:1, VendorId:0x8086
[2019.06.23-15.09.30:793][  0]LogD3D11RHI:    1. 'AMD Radeon (TM) RX 570' (Feature Level 11_0)
[2019.06.23-15.09.30:793][  0]LogD3D11RHI:       4041/0/3997 MB DedicatedVideo/DedicatedSystem/SharedSystem, Outputs:0, VendorId:0x1002
[2019.06.23-15.09.30:795][  0]LogD3D11RHI:    2. 'Microsoft Basic Render Driver' (Feature Level 11_0)
[2019.06.23-15.09.30:795][  0]LogD3D11RHI:       0/0/3997 MB DedicatedVideo/DedicatedSystem/SharedSystem, Outputs:0, VendorId:0x1414
[2019.06.23-15.09.30:795][  0]LogD3D11RHI: Chosen D3D11 Adapter: 1
[2019.06.23-15.09.30:804][  0]LogD3D11RHI: Creating new Direct3DDevice
[2019.06.23-15.09.30:804][  0]LogD3D11RHI:     GPU DeviceId: 0x67df (for the marketing name, search the web for "GPU Device Id")
[2019.06.23-15.09.30:804][  0]LogWindows: EnumDisplayDevices:
[2019.06.23-15.09.30:805][  0]LogWindows:    0. 'AMD Radeon (TM) RX 570' (P:0 D:0)
[2019.06.23-15.09.30:805][  0]LogWindows:    1. 'AMD Radeon (TM) RX 570' (P:0 D:0)
[2019.06.23-15.09.30:805][  0]LogWindows:    2. 'AMD Radeon (TM) RX 570' (P:0 D:0)
[2019.06.23-15.09.30:806][  0]LogWindows:    3. 'AMD Radeon (TM) RX 570' (P:0 D:0)
[2019.06.23-15.09.30:806][  0]LogWindows:    4. 'AMD Radeon (TM) RX 570' (P:0 D:0)
[2019.06.23-15.09.30:806][  0]LogWindows:    5. 'AMD Radeon (TM) RX 570' (P:0 D:0)
[2019.06.23-15.09.30:807][  0]LogWindows:    6. 'AMD Radeon (TM) RX 570' (P:0 D:0)
[2019.06.23-15.09.30:807][  0]LogWindows:    7. 'AMD Radeon (TM) RX 570' (P:0 D:0)
[2019.06.23-15.09.30:808][  0]LogWindows:    8. 'AMD Radeon (TM) RX 570' (P:0 D:0)
[2019.06.23-15.09.30:808][  0]LogWindows:    9. 'AMD Radeon (TM) RX 570' (P:0 D:0)
[2019.06.23-15.09.30:808][  0]LogWindows:    10. 'AMD Radeon (TM) RX 570' (P:0 D:0)
[2019.06.23-15.09.30:809][  0]LogWindows:    11. 'AMD Radeon (TM) RX 570' (P:0 D:0)
[2019.06.23-15.09.30:809][  0]LogWindows:    12. 'AMD Radeon (TM) RX 570' (P:0 D:0)
[2019.06.23-15.09.30:810][  0]LogWindows:    13. 'AMD Radeon (TM) RX 570' (P:0 D:0)
[2019.06.23-15.09.30:810][  0]LogWindows:    14. 'AMD Radeon (TM) RX 570' (P:0 D:0)
[2019.06.23-15.09.30:810][  0]LogWindows:    15. 'AMD Radeon (TM) RX 570' (P:0 D:0)
[2019.06.23-15.09.30:811][  0]LogWindows:    16. 'Intel(R) UHD Graphics 630' (P:1 D:1)
[2019.06.23-15.09.30:811][  0]LogWindows:    17. 'Intel(R) UHD Graphics 630' (P:0 D:0)
[2019.06.23-15.09.30:811][  0]LogWindows:    18. 'Intel(R) UHD Graphics 630' (P:0 D:0)
[2019.06.23-15.09.30:811][  0]LogWindows: DebugString: PrimaryIsNotTheChoosenAdapter PrimaryIsNotTheChoosenAdapter PrimaryIsNotTheChoosenAdapter FoundDriverCount:16 
[2019.06.23-15.09.30:811][  0]LogD3D11RHI:     Adapter Name: AMD Radeon (TM) RX 570
[2019.06.23-15.09.30:811][  0]LogD3D11RHI:   Driver Version: Crimson ReLive 17.7 (internal:23.20.768.12, unified:23.20.768.12)
[2019.06.23-15.09.30:811][  0]LogD3D11RHI:      Driver Date: 10-26-2017
[2019.06.23-15.09.30:811][  0]LogRHI: Texture pool is 2828 MB (70% of 4041 MB)
[2019.06.23-15.09.30:908][  0]LogD3D11RHI: Async texture creation enabled
[2019.06.23-15.09.30:918][  0]LogD3D11RHI: GPU Timing Frequency: 25.000000 (Debug: 2 1)
[2019.06.23-15.09.31:976][  0]LogTemp: Display: Loaded TP AllDesktopTargetPlatform
[2019.06.23-15.09.31:988][  0]LogTemp: Display: Loaded TP MacClientTargetPlatform
[2019.06.23-15.09.32:001][  0]LogTemp: Display: Loaded TP MacNoEditorTargetPlatform
[2019.06.23-15.09.32:013][  0]LogTemp: Display: Loaded TP MacServerTargetPlatform
[2019.06.23-15.09.32:096][  0]LogTemp: Display: Loaded TP MacTargetPlatform
[2019.06.23-15.09.32:108][  0]LogTemp: Display: Loaded TP WindowsClientTargetPlatform
[2019.06.23-15.09.32:120][  0]LogTemp: Display: Loaded TP WindowsNoEditorTargetPlatform
[2019.06.23-15.09.32:132][  0]LogTemp: Display: Loaded TP WindowsServerTargetPlatform
[2019.06.23-15.09.32:138][  0]LogTemp: Display: Loaded TP WindowsTargetPlatform
[2019.06.23-15.09.32:249][  0]LogTemp: Display: Loaded TP AndroidTargetPlatform
[2019.06.23-15.09.32:249][  0]LogTemp: Display: Loaded TP AndroidTargetPlatform
[2019.06.23-15.09.32:249][  0]LogTemp: Display: Loaded TP AndroidTargetPlatform
[2019.06.23-15.09.32:249][  0]LogTemp: Display: Loaded TP AndroidTargetPlatform
[2019.06.23-15.09.32:249][  0]LogTemp: Display: Loaded TP AndroidTargetPlatform
[2019.06.23-15.09.32:249][  0]LogTemp: Display: Loaded TP AndroidTargetPlatform
[2019.06.23-15.09.32:249][  0]LogTemp: Display: Loaded TP AndroidTargetPlatform
[2019.06.23-15.09.32:249][  0]LogTemp: Display: Loaded TP AndroidTargetPlatform
[2019.06.23-15.09.32:249][  0]LogTemp: Display: Loaded TP AndroidTargetPlatform
[2019.06.23-15.09.32:249][  0]LogTemp: Display: Loaded TP AndroidTargetPlatform
[2019.06.23-15.09.32:250][  0]LogTemp: Display: Loaded TP AndroidTargetPlatform
[2019.06.23-15.09.32:250][  0]LogTemp: Display: Loaded TP AndroidTargetPlatform
[2019.06.23-15.09.32:250][  0]LogTemp: Display: Loaded TP AndroidTargetPlatform
[2019.06.23-15.09.32:250][  0]LogTemp: Display: Loaded TP AndroidTargetPlatform
[2019.06.23-15.09.32:250][  0]LogTemp: Display: Loaded TP AndroidTargetPlatform
[2019.06.23-15.09.32:250][  0]LogTemp: Display: Loaded TP AndroidTargetPlatform
[2019.06.23-15.09.32:250][  0]LogTemp: Display: Loaded TP AndroidTargetPlatform
[2019.06.23-15.09.32:250][  0]LogTemp: Display: Loaded TP AndroidTargetPlatform
[2019.06.23-15.09.32:251][  0]LogTemp: Display: Loaded TP HTML5TargetPlatform
[2019.06.23-15.09.32:312][  0]LogTemp: Display: Loaded TP IOSTargetPlatform
[2019.06.23-15.09.32:312][  0]LogTemp: Display: Loaded TP IOSTargetPlatform
[2019.06.23-15.09.32:334][  0]LogTemp: Display: Loaded TP TVOSTargetPlatform
[2019.06.23-15.09.32:334][  0]LogTemp: Display: Loaded TP TVOSTargetPlatform
[2019.06.23-15.09.32:345][  0]LogTemp: Display: Loaded TP LinuxClientTargetPlatform
[2019.06.23-15.09.32:355][  0]LogTemp: Display: Loaded TP LinuxNoEditorTargetPlatform
[2019.06.23-15.09.32:366][  0]LogTemp: Display: Loaded TP LinuxServerTargetPlatform
[2019.06.23-15.09.32:395][  0]LogTemp: Display: Loaded TP LinuxTargetPlatform
[2019.06.23-15.09.32:436][  0]LogTemp: Display: Loaded TP LuminTargetPlatform
[2019.06.23-15.09.32:436][  0]LogTemp: Display: Loaded TP LuminTargetPlatform
[2019.06.23-15.09.32:436][  0]LogTargetPlatformManager: Display: Building Assets For Windows
[2019.06.23-15.09.32:487][  0]LogShaderCompilers: Guid format shader working directory is -33 characters bigger than the processId version (../../../../../../Users/alexr/OneDrive/Documents/Unreal Projects/BattleGrounds/Intermediate/Shaders/WorkingDirectory/25332/).
[2019.06.23-15.09.32:487][  0]LogShaderCompilers: Cleaned the shader compiler working directory 'C:/Users/alexr/AppData/Local/Temp/UnrealShaderWorkingDir/9F43DA8647270228DBB2A2BBF347C923/'.
[2019.06.23-15.09.32:489][  0]LogXGEController: Cannot use XGE Controller as Incredibuild is not installed on this machine.
[2019.06.23-15.09.32:489][  0]LogShaderCompilers: Cannot use XGE Shader Compiler as Incredibuild is not installed on this machine.
[2019.06.23-15.09.32:489][  0]LogShaderCompilers: Display: Using Local Shader Compiler.
[2019.06.23-15.09.36:915][  0]LogDerivedDataCache: Display: Max Cache Size: 512 MB
[2019.06.23-15.09.36:981][  0]LogDerivedDataCache: Loaded boot cache 0.07s 71MB C:/Users/alexr/AppData/Local/UnrealEngine/4.21/DerivedDataCache/Boot.ddc.
[2019.06.23-15.09.36:981][  0]LogDerivedDataCache: Display: Loaded Boot cache: C:/Users/alexr/AppData/Local/UnrealEngine/4.21/DerivedDataCache/Boot.ddc
[2019.06.23-15.09.36:981][  0]LogDerivedDataCache: FDerivedDataBackendGraph:  Pak pak cache file ../../../../../../Users/alexr/OneDrive/Documents/Unreal Projects/BattleGrounds/DerivedDataCache/DDC.ddp not found, will not use a pak cache.
[2019.06.23-15.09.36:981][  0]LogDerivedDataCache: Unable to find inner node Pak for hierarchical cache Hierarchy.
[2019.06.23-15.09.36:981][  0]LogDerivedDataCache: FDerivedDataBackendGraph:  CompressedPak pak cache file ../../../../../../Users/alexr/OneDrive/Documents/Unreal Projects/BattleGrounds/DerivedDataCache/Compressed.ddp not found, will not use a pak cache.
[2019.06.23-15.09.36:981][  0]LogDerivedDataCache: Unable to find inner node CompressedPak for hierarchical cache Hierarchy.
[2019.06.23-15.09.36:994][  0]LogDerivedDataCache: Display: Pak cache opened for reading ../../../Engine/DerivedDataCache/Compressed.ddp.
[2019.06.23-15.09.36:995][  0]LogDerivedDataCache: FDerivedDataBackendGraph:  EnterprisePak pak cache file ../../../Enterprise/DerivedDataCache/Compressed.ddp not found, will not use a pak cache.
[2019.06.23-15.09.36:995][  0]LogDerivedDataCache: Unable to find inner node EnterprisePak for hierarchical cache Hierarchy.
[2019.06.23-15.09.37:007][  0]LogDerivedDataCache: Using Local data cache path C:/Users/alexr/AppData/Local/UnrealEngine/Common/DerivedDataCache: Writable
[2019.06.23-15.09.37:007][  0]LogDerivedDataCache: Shared data cache path not found in *engine.ini, will not use an Shared cache.
[2019.06.23-15.09.37:007][  0]LogDerivedDataCache: Unable to find inner node Shared for hierarchical cache Hierarchy.
[2019.06.23-15.09.37:027][  0]LogMaterial: Verifying Global Shaders for PCD3D_SM5
[2019.06.23-15.09.37:028][  0]LogSlate: Using FreeType 2.6.0
[2019.06.23-15.09.37:091][  0]LogSlate: SlateFontServices - WITH_FREETYPE: 1, WITH_HARFBUZZ: 1
[2019.06.23-15.09.39:008][  0]LogAssetRegistry: FAssetRegistry took 0.0320 seconds to start up
[2019.06.23-15.09.39:336][  0]LogInit: Selected Device Profile: [Windows]
[2019.06.23-15.09.39:411][  0]LogSimplygon: Simplygon DLL not present - disabling.
[2019.06.23-15.09.39:414][  0]LogMeshReduction: Using SimplygonSwarm for distributed automatic mesh merging
[2019.06.23-15.09.39:414][  0]LogMeshReduction: Using ProxyLODMeshReduction for automatic mesh merging
[2019.06.23-15.09.39:414][  0]LogMeshReduction: Using QuadricMeshReduction for automatic static mesh reduction
[2019.06.23-15.09.39:414][  0]LogMeshReduction: No automatic skeletal mesh reduction module available
[2019.06.23-15.09.39:498][  0]LogNetVersion: BattleGrounds 1.0.0, NetCL: 4541578, EngineNetVer: 5, GameNetVer: 0 (Checksum: 3651256072)
[2019.06.23-15.09.40:431][  0]LogPackageLocalizationCache: Processed 11 localized package path(s) for 2 prioritized culture(s) in 0.209583 seconds
[2019.06.23-15.09.40:438][  0]LogUObjectArray: 39775 objects as part of root set at end of initial load.
[2019.06.23-15.09.40:438][  0]LogUObjectAllocator: 6914664 out of 0 bytes used by permanent object pool.
[2019.06.23-15.09.40:438][  0]LogUObjectArray: CloseDisregardForGC: 0/0 objects in disregard for GC pool
[2019.06.23-15.09.58:206][  0]LogTcpMessaging: Initializing TcpMessaging bridge
[2019.06.23-15.09.58:220][  0]LogUdpMessaging: Initializing bridge on interface 0.0.0.0:0 to multicast group 230.0.0.1:6666.
[2019.06.23-15.10.22:961][  0]SourceControl: Source control is disabled
[2019.06.23-15.10.22:961][  0]SourceControl: Source control is disabled
[2019.06.23-15.10.22:990][  0]SourceControl: Source control is disabled
[2019.06.23-15.10.23:006][  0]SourceControl: Source control is disabled
[2019.06.23-15.10.24:393][  0]LogAndroidPermission: UAndroidPermissionCallbackProxy::GetInstance
[2019.06.23-15.10.24:843][  0]LogOcInput: OculusInput pre-init called
[2019.06.23-15.10.25:188][  0]LogEngine: Initializing Engine...
[2019.06.23-15.10.25:189][  0]LogHMD: Failed to initialize OpenVR with code 110
[2019.06.23-15.10.25:204][  0]LogStats: UGameplayTagsManager::ConstructGameplayTagTree: ImportINI prefixes -  0.000 s
[2019.06.23-15.10.25:204][  0]LogStats: UGameplayTagsManager::ConstructGameplayTagTree: Construct from data asset -  0.000 s
[2019.06.23-15.10.25:205][  0]LogStats: UGameplayTagsManager::ConstructGameplayTagTree: ImportINI -  0.000 s
[2019.06.23-15.10.25:205][  0]LogStats: UGameplayTagsManager::ConstructGameplayTagTree: GameplayTagTreeChangedEvent.Broadcast -  0.000 s
[2019.06.23-15.10.26:176][  0]LogInit: Initializing FReadOnlyCVARCache
[2019.06.23-15.10.26:679][  0]LogAIModule: Creating AISystem for world Untitled
[2019.06.23-15.10.26:768][  0]LogInit: XAudio2 using 'Speakers / Headphones (Realtek Audio)' : 2 channels at 48 kHz using 32 bits per sample (channel mask 0x3)
[2019.06.23-15.10.27:455][  0]LogInit: FAudioDevice initialized.
[2019.06.23-15.10.27:469][  0]LogNetVersion: Set ProjectVersion to 1.0.0.0. Version Checksum will be recalculated on next use.
[2019.06.23-15.10.27:730][  0]LogDerivedDataCache: Saved boot cache 0.26s 71MB C:/Users/alexr/AppData/Local/UnrealEngine/4.21/DerivedDataCache/Boot.ddc.
[2019.06.23-15.10.27:956][  0]LogInit: Texture streaming: Enabled
[2019.06.23-15.10.28:319][  0]LogEngineSessionManager: EngineSessionManager initialized
[2019.06.23-15.10.28:654][  0]LogInit: Transaction tracking system initialized
[2019.06.23-15.10.28:971][  0]BlueprintLog: New page: Editor Load
[2019.06.23-15.10.30:278][  0]LocalizationService: Localization service is disabled
[2019.06.23-15.10.32:278][  0]LogCook: Display: Max memory allowance for cook 16384mb min free memory 0mb
[2019.06.23-15.10.32:279][  0]LogCook: Display: Mobile HDR setting 1
[2019.06.23-15.10.32:279][  0]LogGameplayTags: Display: UGameplayTagsManager::DoneAddingNativeTags. DelegateIsBound: 0
[2019.06.23-15.10.32:279][  0]LogStats: UGameplayTagsManager::ConstructGameplayTagTree: ImportINI prefixes -  0.000 s
[2019.06.23-15.10.32:279][  0]LogStats: UGameplayTagsManager::ConstructGameplayTagTree: Construct from data asset -  0.000 s
[2019.06.23-15.10.32:279][  0]LogStats: UGameplayTagsManager::ConstructGameplayTagTree: ImportINI -  0.000 s
[2019.06.23-15.10.32:279][  0]LogStats: UGameplayTagsManager::ConstructGameplayTagTree: GameplayTagTreeChangedEvent.Broadcast -  0.000 s
[2019.06.23-15.10.33:400][  0]LogFileCache: Scanning file cache for directory 'C:/Users/alexr/OneDrive/Documents/Unreal Projects/BattleGrounds/Content/' took 0.35s
[2019.06.23-15.10.35:604][  0]SourceControl: Source control is disabled
[2019.06.23-15.10.35:604][  0]Cmd: MAP LOAD FILE="../../../../../../Users/alexr/OneDrive/Documents/Unreal Projects/BattleGrounds/Content/BattleGround.umap" TEMPLATE=0 SHOWPROGRESS=1 FEATURELEVEL=3
[2019.06.23-15.10.35:604][  0]LightingResults: New page: Lighting Build
[2019.06.23-15.10.35:654][  0]MapCheck: New page: Map Check
[2019.06.23-15.10.35:654][  0]LightingResults: New page: Lighting Build
[2019.06.23-15.10.57:794][  0]LogAIModule: Creating AISystem for world BattleGround
[2019.06.23-15.12.32:579][  0]LogEditorServer: Finished looking for orphan Actors (0.005 secs)
[2019.06.23-15.12.42:514][  0]Cmd: MAP CHECKDEP NOCLEARLOG
[2019.06.23-15.12.43:156][  0]MapCheck: Map check complete: 0 Error(s), 0 Warning(s), took 480.324ms to complete.
[2019.06.23-15.12.43:156][  0]LogFileHelpers: Loading map 'BattleGround' took 127.552
[2019.06.23-15.13.15:260][  0]LogCollectionManager: Loaded 0 collections in 0.021542 seconds
[2019.06.23-15.13.19:820][  0]LogFileCache: Scanning file cache for directory 'C:/Users/alexr/OneDrive/Documents/Unreal Projects/BattleGrounds/Saved/Collections/' took 0.12s
[2019.06.23-15.13.19:820][  0]LogFileCache: Scanning file cache for directory 'C:/Users/alexr/OneDrive/Documents/Unreal Projects/BattleGrounds/Content/Developers/alexr/Collections/' took 0.06s
[2019.06.23-15.13.19:820][  0]LogFileCache: Scanning file cache for directory 'C:/Users/alexr/OneDrive/Documents/Unreal Projects/BattleGrounds/Content/Collections/' took 0.01s
[2019.06.23-15.13.19:820][  0]LogCollectionManager: Rebuilt the GUID cache for 0 collections in 0.000002 seconds
[2019.06.23-15.13.27:432][  0]LogContentBrowser: Native class hierarchy populated in 7.5460 seconds. Added 2655 classes and 625 folders.
[2019.06.23-15.13.28:339][  0]LogContentBrowser: Native class hierarchy updated for 'WidgetCarousel' in 0.0007 seconds. Added 0 classes and 0 folders.
[2019.06.23-15.13.29:944][  0]LogPakFile: Registered encryption key '00000000000000000000000000000000': 0 pak files mounted, 0 remain pending
[2019.06.23-15.13.30:510][  0]LogPakFile: Registered encryption key '00000000000000000000000000000000': 0 pak files mounted, 0 remain pending
[2019.06.23-15.13.30:617][  0]LogPakFile: Registered encryption key '00000000000000000000000000000000': 0 pak files mounted, 0 remain pending
[2019.06.23-15.13.30:821][  0]LogPakFile: Registered encryption key '00000000000000000000000000000000': 0 pak files mounted, 0 remain pending
[2019.06.23-15.13.30:925][  0]LogPakFile: Registered encryption key '00000000000000000000000000000000': 0 pak files mounted, 0 remain pending
[2019.06.23-15.13.31:007][  0]LogPakFile: Registered encryption key '00000000000000000000000000000000': 0 pak files mounted, 0 remain pending
[2019.06.23-15.13.31:072][  0]LogPakFile: Registered encryption key '00000000000000000000000000000000': 0 pak files mounted, 0 remain pending
[2019.06.23-15.13.31:089][  0]LogPakFile: Registered encryption key '00000000000000000000000000000000': 0 pak files mounted, 0 remain pending
[2019.06.23-15.13.31:236][  0]LogPakFile: Registered encryption key '00000000000000000000000000000000': 0 pak files mounted, 0 remain pending
[2019.06.23-15.13.31:565][  0]LogPakFile: Registered encryption key '00000000000000000000000000000000': 0 pak files mounted, 0 remain pending
[2019.06.23-15.13.31:607][  0]LogPakFile: Registered encryption key '00000000000000000000000000000000': 0 pak files mounted, 0 remain pending
[2019.06.23-15.13.31:897][  0]LogPakFile: Registered encryption key '00000000000000000000000000000000': 0 pak files mounted, 0 remain pending
[2019.06.23-15.13.32:036][  0]LogPakFile: Registered encryption key '00000000000000000000000000000000': 0 pak files mounted, 0 remain pending
[2019.06.23-15.13.32:201][  0]LogPakFile: Registered encryption key '00000000000000000000000000000000': 0 pak files mounted, 0 remain pending
[2019.06.23-15.13.32:349][  0]LogPakFile: Registered encryption key '00000000000000000000000000000000': 0 pak files mounted, 0 remain pending
[2019.06.23-15.13.32:467][  0]LogPakFile: Registered encryption key '00000000000000000000000000000000': 0 pak files mounted, 0 remain pending
[2019.06.23-15.13.32:651][  0]LogPakFile: Registered encryption key '00000000000000000000000000000000': 0 pak files mounted, 0 remain pending
[2019.06.23-15.13.32:798][  0]LogPakFile: Registered encryption key '00000000000000000000000000000000': 0 pak files mounted, 0 remain pending
[2019.06.23-15.13.32:980][  0]LogPakFile: Registered encryption key '00000000000000000000000000000000': 0 pak files mounted, 0 remain pending
[2019.06.23-15.13.33:143][  0]LogPakFile: Registered encryption key '00000000000000000000000000000000': 0 pak files mounted, 0 remain pending
[2019.06.23-15.13.33:231][  0]LogPakFile: Registered encryption key '00000000000000000000000000000000': 0 pak files mounted, 0 remain pending
[2019.06.23-15.13.33:252][  0]LogPakFile: Registered encryption key '00000000000000000000000000000000': 0 pak files mounted, 0 remain pending
[2019.06.23-15.13.33:269][  0]LogPakFile: Registered encryption key '00000000000000000000000000000000': 0 pak files mounted, 0 remain pending
[2019.06.23-15.13.33:327][  0]LogPakFile: Registered encryption key '00000000000000000000000000000000': 0 pak files mounted, 0 remain pending
[2019.06.23-15.13.33:346][  0]LogPakFile: Registered encryption key '00000000000000000000000000000000': 0 pak files mounted, 0 remain pending
[2019.06.23-15.13.33:492][  0]LogPakFile: Registered encryption key '00000000000000000000000000000000': 0 pak files mounted, 0 remain pending
[2019.06.23-15.13.45:599][  0]LogContentBrowser: Native class hierarchy updated for 'AddContentDialog' in 0.0084 seconds. Added 0 classes and 0 folders.
[2019.06.23-15.13.50:238][  0]LogSlate: Updating window title bar state: overlay mode, drag disabled, window buttons hidden, title bar hidden
[2019.06.23-15.13.50:325][  0]LogSlate: Updating window title bar state: overlay mode, drag disabled, window buttons hidden, title bar hidden
[2019.06.23-15.13.50:356][  0]LogSlate: Updating window title bar state: overlay mode, drag disabled, window buttons hidden, title bar hidden
[2019.06.23-15.13.50:363][  0]LogSlate: Updating window title bar state: overlay mode, drag disabled, window buttons hidden, title bar hidden
[2019.06.23-15.14.13:702][  0]LogSlate: Only BGRA pngs, bmps or icos are supported in by External Image Picker
[2019.06.23-15.14.15:572][  0]LogSlate: Took 0.071617 seconds to synchronously load lazily loaded font '../../../Engine/Content/Slate/Fonts/Roboto-Regular.ttf' (155K)
[2019.06.23-15.14.16:195][  0]LogSlate: Took 0.621867 seconds to synchronously load lazily loaded font '../../../Engine/Content/Editor/Slate/Fonts/FontAwesome.ttf' (139K)
[2019.06.23-15.14.16:314][  0]LogSlate: Took 0.118194 seconds to synchronously load lazily loaded font '../../../Engine/Content/Slate/Fonts/Roboto-Bold.ttf' (160K)
[2019.06.23-15.14.17:342][  0]LogSlate: Took 0.740901 seconds to synchronously load lazily loaded font '../../../Engine/Content/Slate/Fonts/DroidSansMono.ttf' (77K)
[2019.06.23-15.14.24:548][  0]LogTemp: Executing iPhonePackager certificates Engine -bundlename com.YourCompany.BattleGrounds
[2019.06.23-15.14.24:548][  0]LogSlate: Took 0.024519 seconds to synchronously load lazily loaded font '../../../Engine/Content/Slate/Fonts/Roboto-Light.ttf' (167K)
[2019.06.23-15.14.27:030][  0]LogRenderer: Reallocating scene render targets to support 1480x472 Format 9 NumSamples 1 (Frame:1).
[2019.06.23-15.14.33:791][  0]LogContentBrowser: Native class hierarchy updated for 'HierarchicalLODOutliner' in 0.0004 seconds. Added 0 classes and 0 folders.
[2019.06.23-15.14.33:792][  0]LogLoad: (Engine Initialization) Total time: 319.37 seconds
[2019.06.23-15.14.33:792][  0]LogLoad: (Engine Initialization) Total Blueprint compile time: 0.00 seconds
[2019.06.23-15.14.36:180][  0]LogD3D11RHI: Error: agsDriverExtensionsDX11_SetDepthBounds(1,0.000000, 1.000000) returned error code 2. **********PLEASE UPDATE YOUR VIDEO DRIVERS*********
[2019.06.23-15.14.36:180][  0]LogContentStreaming: Texture pool size now 800 MB
[2019.06.23-15.14.41:979][  2]LogSlate: Took 0.000194 seconds to synchronously load lazily loaded font '../../../Engine/Content/Slate/Fonts/Roboto-Light.ttf' (167K)
[2019.06.23-15.14.53:766][ 17]LogSlate: Window 'Project Settings' being destroyed
[2019.06.23-15.14.55:001][ 17]LogSlate: Window 'BattleGrounds - Unreal Editor' being destroyed
[2019.06.23-15.14.55:020][ 17]LogWindowsTextInputMethodSystem: Display: IME system now deactivated.
[2019.06.23-15.14.58:203][ 18]Cmd: QUIT_EDITOR
[2019.06.23-15.15.01:208][ 18]LogExit: Preparing to exit.
[2019.06.23-15.15.15:374][ 18]LogExit: Editor shut down
[2019.06.23-15.15.15:494][ 18]LogExit: Transaction tracking system shut down
[2019.06.23-15.15.39:356][ 18]LogExit: Object subsystem successfully closed.
[2019.06.23-15.15.43:090][ 18]LogShaderCompilers: Display: Shaders left to compile 0
[2019.06.23-15.15.43:497][ 18]LogD3D11RHI: Shutdown
[2019.06.23-15.15.43:509][ 18]LogD3D11RHI: CleanupD3DDevice
[2019.06.23-15.15.44:271][ 18]LogD3D11RHI: ~FD3D11DynamicRHI
[2019.06.23-15.15.48:975][ 18]LogModuleManager: Shutting down and abandoning module HierarchicalLODOutliner (626)
[2019.06.23-15.15.48:975][ 18]LogModuleManager: Shutting down and abandoning module ExternalImagePicker (624)
[2019.06.23-15.15.48:975][ 18]LogModuleManager: Shutting down and abandoning module AddContentDialog (622)
[2019.06.23-15.15.48:983][ 18]LogModuleManager: Shutting down and abandoning module WidgetCarousel (621)
[2019.06.23-15.15.48:983][ 18]LogModuleManager: Shutting down and abandoning module EditorWidgets (618)
[2019.06.23-15.15.48:983][ 18]LogModuleManager: Shutting down and abandoning module CollectionManager (616)
[2019.06.23-15.15.48:993][ 18]LogModuleManager: Shutting down and abandoning module SceneOutliner (614)
[2019.06.23-15.15.49:006][ 18]LogModuleManager: Shutting down and abandoning module StatsViewer (612)
[2019.06.23-15.15.49:036][ 18]LogModuleManager: Shutting down and abandoning module FoliageEdit (610)
[2019.06.23-15.15.49:045][ 18]LogModuleManager: Shutting down and abandoning module LandscapeEditor (608)
[2019.06.23-15.15.49:194][ 18]LogModuleManager: Shutting down and abandoning module MeshPaintMode (606)
[2019.06.23-15.15.49:229][ 18]LogModuleManager: Shutting down and abandoning module SceneDepthPickerMode (604)
[2019.06.23-15.15.49:229][ 18]LogModuleManager: Shutting down and abandoning module ActorPickerMode (602)
[2019.06.23-15.15.49:229][ 18]LogModuleManager: Shutting down and abandoning module GeometryMode (600)
[2019.06.23-15.15.49:239][ 18]LogModuleManager: Shutting down and abandoning module TextureAlignMode (598)
[2019.06.23-15.15.49:239][ 18]LogModuleManager: Shutting down and abandoning module BspMode (596)
[2019.06.23-15.15.49:253][ 18]LogModuleManager: Shutting down and abandoning module PIEPreviewDeviceProfileSelector (594)
[2019.06.23-15.15.49:276][ 18]LogModuleManager: Shutting down and abandoning module SequenceRecorderSections (592)
[2019.06.23-15.15.49:295][ 18]LogModuleManager: Shutting down and abandoning module AutomationWorker (590)
[2019.06.23-15.15.49:302][ 18]LogModuleManager: Shutting down and abandoning module AudioCaptureEditor (588)
[2019.06.23-15.15.49:321][ 18]LogModuleManager: Shutting down and abandoning module MatineeToLevelSequence (586)
[2019.06.23-15.15.49:387][ 18]LogModuleManager: Shutting down and abandoning module LevelSequenceEditor (584)
[2019.06.23-15.15.49:478][ 18]LogModuleManager: Shutting down and abandoning module PlacementMode (583)
[2019.06.23-15.15.49:479][ 18]LogModuleManager: Shutting down and abandoning module MaterialEditor (582)
[2019.06.23-15.15.49:548][ 18]LogModuleManager: Shutting down and abandoning module WmfMediaFactory (578)
[2019.06.23-15.15.49:555][ 18]LogModuleManager: Shutting down and abandoning module WmfMediaEditor (576)
[2019.06.23-15.15.49:556][ 18]LogModuleManager: Shutting down and abandoning module WebMMediaFactory (574)
[2019.06.23-15.15.49:579][ 18]LogModuleManager: Shutting down and abandoning module WebMMediaEditor (572)
[2019.06.23-15.15.49:579][ 18]LogModuleManager: Shutting down and abandoning module WebMMedia (570)
[2019.06.23-15.15.49:579][ 18]LogModuleManager: Shutting down and abandoning module MediaPlayerEditor (568)
[2019.06.23-15.15.49:617][ 18]LogModuleManager: Shutting down and abandoning module MediaCompositingEditor (566)
[2019.06.23-15.15.49:738][ 18]LogModuleManager: Shutting down and abandoning module SequenceRecorder (565)
[2019.06.23-15.15.49:755][ 18]LogModuleManager: Shutting down and abandoning module OpenExrWrapper (562)
[2019.06.23-15.15.49:755][ 18]LogModuleManager: Shutting down and abandoning module ImgMediaFactory (560)
[2019.06.23-15.15.49:755][ 18]LogModuleManager: Shutting down and abandoning module ImgMediaEditor (558)
[2019.06.23-15.15.49:755][ 18]LogModuleManager: Shutting down and abandoning module AvfMediaFactory (556)
[2019.06.23-15.15.49:755][ 18]LogModuleManager: Shutting down and abandoning module AvfMediaEditor (554)
[2019.06.23-15.15.49:755][ 18]LogModuleManager: Shutting down and abandoning module AndroidMediaFactory (552)
[2019.06.23-15.15.49:755][ 18]LogModuleManager: Shutting down and abandoning module AndroidMediaEditor (550)
[2019.06.23-15.15.49:755][ 18]LogModuleManager: Shutting down and abandoning module MagicLeapCameraPreviewFactory (548)
[2019.06.23-15.15.49:755][ 18]LogModuleManager: Shutting down and abandoning module MagicLeapMediaFactory (546)
[2019.06.23-15.15.49:772][ 18]LogModuleManager: Shutting down and abandoning module MagicLeapMediaEditor (544)
[2019.06.23-15.15.49:773][ 18]LogModuleManager: Shutting down and abandoning module CharacterAI (542)
[2019.06.23-15.15.49:773][ 18]LogModuleManager: Shutting down and abandoning module SmartSnapping (540)
[2019.06.23-15.15.49:785][ 18]LogModuleManager: Shutting down and abandoning module SessionServices (538)
[2019.06.23-15.15.49:785][ 18]LogModuleManager: Shutting down and abandoning module ViewportSnapping (536)
[2019.06.23-15.15.49:785][ 18]LogModuleManager: Shutting down and abandoning module ViewportInteraction (534)
[2019.06.23-15.15.49:786][ 18]LogModuleManager: Shutting down and abandoning module ClothPainter (532)
[2019.06.23-15.15.49:885][ 18]LogModuleManager: Shutting down and abandoning module SkeletalMeshEditor (531)
[2019.06.23-15.15.49:909][ 18]LogModuleManager: Shutting down and abandoning module LogVisualizer (528)
[2019.06.23-15.15.49:966][ 18]LogModuleManager: Shutting down and abandoning module IntroTutorials (526)
[2019.06.23-15.15.50:030][ 18]LogModuleManager: Shutting down and abandoning module GameProjectGeneration (525)
[2019.06.23-15.15.50:050][ 18]LogModuleManager: Shutting down and abandoning module LuminPlatformEditor (522)
[2019.06.23-15.15.50:050][ 18]LogModuleManager: Shutting down and abandoning module IOSPlatformEditor (520)
[2019.06.23-15.15.50:050][ 18]LogModuleManager: Shutting down and abandoning module HTML5PlatformEditor (518)
[2019.06.23-15.15.50:050][ 18]LogModuleManager: Shutting down and abandoning module AndroidPlatformEditor (516)
[2019.06.23-15.15.50:050][ 18]LogModuleManager: Shutting down and abandoning module AndroidDeviceDetection (515)
[2019.06.23-15.15.50:325][ 18]LogModuleManager: Shutting down and abandoning module WindowsPlatformEditor (512)
[2019.06.23-15.15.50:325][ 18]LogModuleManager: Shutting down and abandoning module LuminRuntimeSettings (510)
[2019.06.23-15.15.50:325][ 18]LogModuleManager: Shutting down and abandoning module IOSRuntimeSettings (508)
[2019.06.23-15.15.50:325][ 18]LogModuleManager: Shutting down and abandoning module AndroidRuntimeSettings (506)
[2019.06.23-15.15.50:325][ 18]LogModuleManager: Shutting down and abandoning module TimeManagementEditor (504)
[2019.06.23-15.15.50:356][ 18]LogModuleManager: Shutting down and abandoning module InputBindingEditor (502)
[2019.06.23-15.15.50:380][ 18]LogModuleManager: Shutting down and abandoning module MergeActors (500)
[2019.06.23-15.15.50:416][ 18]LogModuleManager: Shutting down and abandoning module LocalizationDashboard (498)
[2019.06.23-15.15.50:457][ 18]LogModuleManager: Shutting down and abandoning module LocalizationService (497)
[2019.06.23-15.15.50:494][ 18]LogModuleManager: Shutting down and abandoning module HardwareTargeting (494)
[2019.06.23-15.15.50:494][ 18]LogModuleManager: Shutting down and abandoning module DeviceProfileEditor (492)
[2019.06.23-15.15.50:510][ 18]LogModuleManager: Shutting down and abandoning module UndoHistory (490)
[2019.06.23-15.15.50:529][ 18]LogModuleManager: Shutting down and abandoning module XmlParser (488)
[2019.06.23-15.15.50:555][ 18]LogModuleManager: Shutting down and abandoning module Blutility (486)
[2019.06.23-15.15.50:571][ 18]LogModuleManager: Shutting down and abandoning module ProjectSettingsViewer (484)
[2019.06.23-15.15.50:591][ 18]LogModuleManager: Shutting down and abandoning module ProjectTargetPlatformEditor (483)
[2019.06.23-15.15.50:645][ 18]LogModuleManager: Shutting down and abandoning module EditorSettingsViewer (480)
[2019.06.23-15.15.50:652][ 18]LogModuleManager: Shutting down and abandoning module SettingsEditor (478)
[2019.06.23-15.15.50:674][ 18]LogModuleManager: Shutting down and abandoning module ProjectLauncher (476)
[2019.06.23-15.15.50:779][ 18]LogModuleManager: Shutting down and abandoning module SessionFrontend (474)
[2019.06.23-15.15.50:804][ 18]LogModuleManager: Shutting down and abandoning module ProfilerClient (472)
[2019.06.23-15.15.50:829][ 18]LogModuleManager: Shutting down and abandoning module DeviceManager (470)
[2019.06.23-15.15.50:846][ 18]LogModuleManager: Shutting down and abandoning module TargetDeviceServices (469)
[2019.06.23-15.15.50:932][ 18]LogModuleManager: Shutting down and abandoning module AutomationController (466)
[2019.06.23-15.15.50:957][ 18]LogModuleManager: Shutting down and abandoning module AutomationWindow (464)
[2019.06.23-15.15.51:014][ 18]LogModuleManager: Shutting down and abandoning module Layers (462)
[2019.06.23-15.15.51:109][ 18]LogModuleManager: Shutting down and abandoning module ComponentVisualizers (460)
[2019.06.23-15.15.51:110][ 18]LogModuleManager: Shutting down and abandoning module DetailCustomizations (458)
[2019.06.23-15.15.51:124][ 18]LogModuleManager: Shutting down and abandoning module PackagesDialog (456)
[2019.06.23-15.15.51:152][ 18]LogModuleManager: Shutting down and abandoning module Persona (454)
[2019.06.23-15.15.51:239][ 18]LogModuleManager: Shutting down and abandoning module AdvancedPreviewScene (453)
[2019.06.23-15.15.51:239][ 18]LogModuleManager: Shutting down and abandoning module AnimGraph (451)
[2019.06.23-15.15.51:312][ 18]LogModuleManager: Shutting down and abandoning module Kismet (448)
[2019.06.23-15.15.51:352][ 18]LogModuleManager: Shutting down and abandoning module GraphEditor (446)
[2019.06.23-15.15.51:383][ 18]LogModuleManager: Shutting down and abandoning module ClassViewer (444)
[2019.06.23-15.15.51:422][ 18]LogModuleManager: Shutting down and abandoning module Toolbox (442)
[2019.06.23-15.15.51:422][ 18]LogModuleManager: Shutting down and abandoning module DesktopPlatform (441)
[2019.06.23-15.15.51:429][ 18]LogModuleManager: Shutting down and abandoning module ModuleUI (438)
[2019.06.23-15.15.51:448][ 18]LogModuleManager: Shutting down and abandoning module MovieSceneTools (436)
[2019.06.23-15.15.51:511][ 18]LogModuleManager: Shutting down and abandoning module OutputLog (434)
[2019.06.23-15.15.51:511][ 18]LogModuleManager: Shutting down and abandoning module GammaUI (432)
[2019.06.23-15.15.51:520][ 18]LogModuleManager: Shutting down and abandoning module Documentation (430)
[2019.06.23-15.15.51:520][ 18]LogModuleManager: Shutting down and abandoning module MovieSceneTracks (428)
[2019.06.23-15.15.51:542][ 18]LogModuleManager: Shutting down and abandoning module MovieScene (426)
[2019.06.23-15.15.51:588][ 18]LogModuleManager: Shutting down and abandoning module StreamingPauseRendering (424)
[2019.06.23-15.15.51:588][ 18]LogModuleManager: Shutting down and abandoning module LauncherPlatform (422)
[2019.06.23-15.15.51:588][ 18]LogModuleManager: Shutting down and abandoning module AnalyticsET (420)
[2019.06.23-15.15.51:588][ 18]LogModuleManager: Shutting down and abandoning module PortalServices (418)
[2019.06.23-15.15.51:588][ 18]LogModuleManager: Shutting down and abandoning module PortalRpc (416)
[2019.06.23-15.15.51:588][ 18]LogModuleManager: Shutting down and abandoning module MessagingRpc (414)
[2019.06.23-15.15.51:588][ 18]LogModuleManager: Shutting down and abandoning module AIModule (412)
[2019.06.23-15.15.51:662][ 18]LogModuleManager: Shutting down and abandoning module GameplayDebugger (411)
[2019.06.23-15.15.51:684][ 18]LogModuleManager: Shutting down and abandoning module AITestSuite (409)
[2019.06.23-15.15.51:690][ 18]LogModuleManager: Shutting down and abandoning module NavigationSystem (407)
[2019.06.23-15.15.51:690][ 18]LogModuleManager: Shutting down and abandoning module ImageWriteQueue (404)
[2019.06.23-15.15.51:693][ 18]LogModuleManager: Shutting down and abandoning module ProfilerService (402)
[2019.06.23-15.15.51:928][ 18]LogModuleManager: Shutting down and abandoning module TaskGraph (400)
[2019.06.23-15.15.51:971][ 18]LogModuleManager: Shutting down and abandoning module SteamVRController (398)
[2019.06.23-15.15.51:971][ 18]LogModuleManager: Shutting down and abandoning module ProceduralMeshComponentEditor (396)
[2019.06.23-15.15.51:971][ 18]LogModuleManager: Shutting down and abandoning module ProceduralMeshComponent (394)
[2019.06.23-15.15.51:989][ 18]LogModuleManager: Shutting down and abandoning module OculusInput (392)
[2019.06.23-15.15.51:989][ 18]LogModuleManager: Shutting down and abandoning module MobilePatchingUtils (390)
[2019.06.23-15.15.51:989][ 18]LogModuleManager: Shutting down and abandoning module EditableMesh (388)
[2019.06.23-15.15.52:004][ 18]LogModuleManager: Shutting down and abandoning module CustomMeshComponent (386)
[2019.06.23-15.15.52:004][ 18]LogModuleManager: Shutting down and abandoning module CableComponent (384)
[2019.06.23-15.15.52:027][ 18]LogModuleManager: Shutting down and abandoning module AudioCapture (382)
[2019.06.23-15.15.52:027][ 18]LogModuleManager: Shutting down and abandoning module ArchVisCharacter (380)
[2019.06.23-15.15.52:027][ 18]LogModuleManager: Shutting down and abandoning module AndroidPermission (378)
[2019.06.23-15.15.52:027][ 18]LogModuleManager: Shutting down and abandoning module NUTUnrealEngine4 (376)
[2019.06.23-15.15.52:048][ 18]LogModuleManager: Shutting down and abandoning module NetcodeUnitTest (374)
[2019.06.23-15.15.52:079][ 18]LogModuleManager: Shutting down and abandoning module MediaCompositing (372)
[2019.06.23-15.15.52:079][ 18]LogModuleManager: Shutting down and abandoning module LinearTimecode (370)
[2019.06.23-15.15.52:079][ 18]LogModuleManager: Shutting down and abandoning module ImgMedia (368)
[2019.06.23-15.15.52:101][ 18]LogModuleManager: Shutting down and abandoning module HTML5Networking (366)
[2019.06.23-15.15.52:101][ 18]LogModuleManager: Shutting down and abandoning module GeometryCacheTracks (364)
[2019.06.23-15.15.52:101][ 18]LogModuleManager: Shutting down and abandoning module GeometryCacheSequencer (362)
[2019.06.23-15.15.52:101][ 18]LogModuleManager: Shutting down and abandoning module BackChannel (360)
[2019.06.23-15.15.52:113][ 18]LogModuleManager: Shutting down and abandoning module AppleVision (358)
[2019.06.23-15.15.52:113][ 18]LogModuleManager: Shutting down and abandoning module AppleImageUtilsBlueprintSupport (356)
[2019.06.23-15.15.52:113][ 18]LogModuleManager: Shutting down and abandoning module AppleImageUtils (354)
[2019.06.23-15.15.52:113][ 18]LogModuleManager: Shutting down and abandoning module AlembicImporter (352)
[2019.06.23-15.15.52:113][ 18]LogModuleManager: Shutting down and abandoning module AlembicLibrary (351)
[2019.06.23-15.15.52:113][ 18]LogModuleManager: Shutting down and abandoning module GeometryCache (350)
[2019.06.23-15.15.52:113][ 18]LogModuleManager: Shutting down and abandoning module GeometryCacheEd (349)
[2019.06.23-15.15.52:113][ 18]LogModuleManager: Shutting down and abandoning module VariantManagerContent (344)
[2019.06.23-15.15.52:113][ 18]LogModuleManager: Shutting down and abandoning module DatasmithContentEditor (342)
[2019.06.23-15.15.52:138][ 18]LogModuleManager: Shutting down and abandoning module SpeedTreeImporter (340)
[2019.06.23-15.15.52:139][ 18]LogModuleManager: Shutting down and abandoning module PluginBrowser (338)
[2019.06.23-15.15.52:234][ 18]LogModuleManager: Shutting down and abandoning module MobileLauncherProfileWizard (336)
[2019.06.23-15.15.52:261][ 18]LogModuleManager: Shutting down and abandoning module PolygonModeling (334)
[2019.06.23-15.15.52:261][ 18]LogModuleManager: Shutting down and abandoning module MeshEditor (332)
[2019.06.23-15.15.52:314][ 18]LogModuleManager: Shutting down and abandoning module CryptoKeysOpenSSL (330)
[2019.06.23-15.15.52:341][ 18]LogModuleManager: Shutting down and abandoning module CryptoKeys (328)
[2019.06.23-15.15.52:341][ 18]LogModuleManager: Shutting down and abandoning module VisualStudioSourceCodeAccess (326)
[2019.06.23-15.15.52:364][ 18]LogModuleManager: Shutting down and abandoning module VisualStudioCodeSourceCodeAccess (324)
[2019.06.23-15.15.52:364][ 18]LogModuleManager: Shutting down and abandoning module UObjectPlugin (322)
[2019.06.23-15.15.52:365][ 18]LogModuleManager: Shutting down and abandoning module SubversionSourceControl (320)
[2019.06.23-15.15.52:373][ 18]LogModuleManager: Shutting down and abandoning module PerforceSourceControl (318)
[2019.06.23-15.15.52:436][ 18]LogModuleManager: Shutting down and abandoning module GitSourceControl (316)
[2019.06.23-15.15.52:491][ 18]LogModuleManager: Shutting down and abandoning module SourceControl (315)
[2019.06.23-15.15.52:513][ 18]LogModuleManager: Shutting down and abandoning module CLionSourceCodeAccess (312)
[2019.06.23-15.15.52:530][ 18]LogModuleManager: Shutting down and abandoning module ActorLayerUtilitiesEditor (310)
[2019.06.23-15.15.52:558][ 18]LogModuleManager: Shutting down and abandoning module ActorLayerUtilities (308)
[2019.06.23-15.15.52:583][ 18]LogModuleManager: Shutting down and abandoning module LightPropagationVolumeEditor (306)
[2019.06.23-15.15.52:583][ 18]LogModuleManager: Shutting down and abandoning module PaperTiledImporter (304)
[2019.06.23-15.15.52:583][ 18]LogModuleManager: Shutting down and abandoning module PaperSpriteSheetImporter (302)
[2019.06.23-15.15.52:589][ 18]LogModuleManager: Shutting down and abandoning module Paper2DEditor (300)
[2019.06.23-15.15.52:623][ 18]LogModuleManager: Shutting down and abandoning module MeshPaint (299)
[2019.06.23-15.15.52:752][ 18]LogModuleManager: Shutting down and abandoning module BattleGrounds (296)
[2019.06.23-15.15.52:752][ 18]LogModuleManager: Shutting down and abandoning module RuntimePhysXCooking (294)
[2019.06.23-15.15.52:797][ 18]LogModuleManager: Shutting down and abandoning module PhysXVehiclesEditor (292)
[2019.06.23-15.15.52:803][ 18]LogModuleManager: Shutting down and abandoning module PhysXVehicles (290)
[2019.06.23-15.15.52:803][ 18]LogModuleManager: Shutting down and abandoning module OculusEditor (288)
[2019.06.23-15.15.52:812][ 18]LogModuleManager: Shutting down and abandoning module LocationServicesBPLibrary (286)
[2019.06.23-15.15.52:812][ 18]LogModuleManager: Shutting down and abandoning module ActorSequence (284)
[2019.06.23-15.15.52:812][ 18]LogModuleManager: Shutting down and abandoning module UdpMessaging (282)
[2019.06.23-15.15.52:913][ 18]LogModuleManager: Shutting down and abandoning module TcpMessaging (280)
[2019.06.23-15.15.53:038][ 18]LogModuleManager: Shutting down and abandoning module MagicLeapAudio (278)
[2019.06.23-15.15.53:056][ 18]LogModuleManager: Shutting down and abandoning module GameplayTagsEditor (276)
[2019.06.23-15.15.53:056][ 18]LogModuleManager: Shutting down and abandoning module FacialAnimationEditor (274)
[2019.06.23-15.15.53:062][ 18]LogModuleManager: Shutting down and abandoning module FacialAnimation (272)
[2019.06.23-15.15.53:062][ 18]LogModuleManager: Shutting down and abandoning module DataValidation (270)
[2019.06.23-15.15.53:103][ 18]LogModuleManager: Shutting down and abandoning module AssetManagerEditor (268)
[2019.06.23-15.15.53:162][ 18]LogModuleManager: Shutting down and abandoning module LevelEditor (267)
[2019.06.23-15.15.53:297][ 18]LogModuleManager: Shutting down and abandoning module PixelInspectorModule (266)
[2019.06.23-15.15.53:352][ 18]LogModuleManager: Shutting down and abandoning module CommonMenuExtensions (264)
[2019.06.23-15.15.53:382][ 18]LogModuleManager: Shutting down and abandoning module MainFrame (262)
[2019.06.23-15.15.53:411][ 18]LogModuleManager: Shutting down and abandoning module HotReload (261)
[2019.06.23-15.16.01:728][ 18]LogModuleManager: Shutting down and abandoning module ContentBrowser (257)
[2019.06.23-15.16.01:750][ 18]LogModuleManager: Shutting down and abandoning module TreeMap (255)
[2019.06.23-15.16.01:798][ 18]LogModuleManager: Shutting down and abandoning module LightPropagationVolumeRuntime (252)
[2019.06.23-15.16.01:798][ 18]LogModuleManager: Shutting down and abandoning module AISupportModule (250)
[2019.06.23-15.16.01:798][ 18]LogModuleManager: Shutting down and abandoning module Paper2D (248)
[2019.06.23-15.16.01:807][ 18]LogModuleManager: Shutting down and abandoning module WindowsMoviePlayer (246)
[2019.06.23-15.16.01:811][ 18]LogModuleManager: Shutting down and abandoning module WebMMoviePlayer (244)
[2019.06.23-15.16.01:826][ 18]LogModuleManager: Shutting down and abandoning module WmfMedia (242)
[2019.06.23-15.16.01:959][ 18]LogModuleManager: Shutting down and abandoning module Media (241)
[2019.06.23-15.16.01:965][ 18]LogModuleManager: Shutting down and abandoning module PacketHandler (238)
[2019.06.23-15.16.01:965][ 18]LogModuleManager: Shutting down and abandoning module ClothingSystemEditor (236)
[2019.06.23-15.16.01:965][ 18]LogModuleManager: Shutting down and abandoning module ClothingSystemRuntime (234)
[2019.06.23-15.16.02:140][ 18]LogModuleManager: Shutting down and abandoning module MediaAssets (232)
[2019.06.23-15.16.02:159][ 18]LogModuleManager: Shutting down and abandoning module Overlay (230)
[2019.06.23-15.16.02:160][ 18]LogModuleManager: Shutting down and abandoning module OverlayEditor (229)
[2019.06.23-15.16.02:160][ 18]LogModuleManager: Shutting down and abandoning module VREditor (226)
[2019.06.23-15.16.02:337][ 18]LogModuleManager: Shutting down and abandoning module StringTableEditor (224)
[2019.06.23-15.16.02:532][ 18]LogModuleManager: Shutting down and abandoning module GameplayTasksEditor (222)
[2019.06.23-15.16.02:532][ 18]LogModuleManager: Shutting down and abandoning module BehaviorTreeEditor (220)
[2019.06.23-15.16.02:618][ 18]LogModuleManager: Shutting down and abandoning module FunctionalTesting (218)
[2019.06.23-15.16.02:694][ 18]LogModuleManager: Shutting down and abandoning module CollisionAnalyzer (216)
[2019.06.23-15.16.02:752][ 18]LogModuleManager: Shutting down and abandoning module WorkspaceMenuStructure (215)
[2019.06.23-15.16.02:983][ 18]LogModuleManager: Shutting down and abandoning module UMG (212)
[2019.06.23-15.16.03:009][ 18]LogModuleManager: Shutting down and abandoning module UMGEditor (211)
[2019.06.23-15.16.03:131][ 18]LogModuleManager: Shutting down and abandoning module Sequencer (210)
[2019.06.23-15.16.03:375][ 18]LogModuleManager: Shutting down and abandoning module MessageLog (207)
[2019.06.23-15.16.03:400][ 18]LogModuleManager: Shutting down and abandoning module SlateReflector (202)
[2019.06.23-15.16.03:528][ 18]LogModuleManager: Shutting down and abandoning module Slate (200)
[2019.06.23-15.16.03:528][ 18]LogModuleManager: Shutting down and abandoning module EditorStyle (198)
[2019.06.23-15.16.03:962][ 18]LogModuleManager: Shutting down and abandoning module MRMesh (196)
[2019.06.23-15.16.03:991][ 18]LogModuleManager: Shutting down and abandoning module SourceCodeAccess (194)
[2019.06.23-15.16.04:012][ 18]LogModuleManager: Shutting down and abandoning module HeadMountedDisplay (192)
[2019.06.23-15.16.04:213][ 18]LogModuleManager: Shutting down and abandoning module XAudio2 (190)
[2019.06.23-15.16.04:213][ 18]LogModuleManager: Shutting down and abandoning module Networking (188)
[2019.06.23-15.16.04:230][ 18]LogModuleManager: Shutting down and abandoning module Core (186)
[2019.06.23-15.16.04:230][ 18]LogModuleManager: Shutting down and abandoning module LevelSequence (184)
[2019.06.23-15.16.04:230][ 18]LogModuleManager: Shutting down and abandoning module KismetCompiler (182)
[2019.06.23-15.16.04:230][ 18]LogModuleManager: Shutting down and abandoning module MeshUtilities (180)
[2019.06.23-15.16.04:314][ 18]LogModuleManager: Shutting down and abandoning module MeshMergeUtilities (179)
[2019.06.23-15.16.04:493][ 18]LogModuleManager: Shutting down and abandoning module MeshReductionInterface (178)
[2019.06.23-15.16.04:509][ 18]LogModuleManager: Shutting down and abandoning module SimplygonSwarm (177)
[2019.06.23-15.16.04:606][ 18]LogModuleManager: Shutting down and abandoning module ProxyLODMeshReduction (175)
[2019.06.23-15.16.04:662][ 18]LogModuleManager: Shutting down and abandoning module SimplygonMeshReduction (173)
[2019.06.23-15.16.04:748][ 18]LogModuleManager: Shutting down and abandoning module QuadricMeshReduction (171)
[2019.06.23-15.16.04:801][ 18]LogModuleManager: Shutting down and abandoning module MaterialBaking (167)
[2019.06.23-15.16.04:822][ 18]LogModuleManager: Shutting down and abandoning module DirectoryWatcher (163)
[2019.06.23-15.16.04:929][ 18]LogModuleManager: Shutting down and abandoning module DerivedDataCache (160)
[2019.06.23-15.16.04:986][ 18]LogDerivedDataCache: Shutdown
[2019.06.23-15.16.04:986][ 18]LogModuleManager: Shutting down and abandoning module XGEController (158)
[2019.06.23-15.16.05:026][ 18]LogModuleManager: Shutting down and abandoning module TargetPlatform (156)
[2019.06.23-15.16.05:114][ 18]LogModuleManager: Shutting down and abandoning module VulkanShaderFormat (155)
[2019.06.23-15.16.05:159][ 18]LogModuleManager: Shutting down and abandoning module ShaderFormatVectorVM (153)
[2019.06.23-15.16.05:261][ 18]LogModuleManager: Shutting down and abandoning module ShaderFormatOpenGL (151)
[2019.06.23-15.16.05:277][ 18]LogModuleManager: Shutting down and abandoning module ShaderFormatD3D (149)
[2019.06.23-15.16.05:319][ 18]LogModuleManager: Shutting down and abandoning module MetalShaderFormat (147)
[2019.06.23-15.16.05:542][ 18]LogModuleManager: Shutting down and abandoning module TextureFormatUncompressed (145)
[2019.06.23-15.16.05:624][ 18]LogModuleManager: Shutting down and abandoning module TextureFormatPVR (143)
[2019.06.23-15.16.05:692][ 18]LogModuleManager: Shutting down and abandoning module TextureFormatDXT (141)
[2019.06.23-15.16.05:758][ 18]LogModuleManager: Shutting down and abandoning module TextureFormatIntelISPCTexComp (139)
[2019.06.23-15.16.06:086][ 18]LogModuleManager: Shutting down and abandoning module TextureFormatASTC (137)
[2019.06.23-15.16.06:086][ 18]LogModuleManager: Shutting down and abandoning module ImageWrapper (136)
[2019.06.23-15.16.06:086][ 18]LogModuleManager: Shutting down and abandoning module TextureFormatAndroid (133)
[2019.06.23-15.16.06:096][ 18]LogModuleManager: Shutting down and abandoning module AudioFormatOpus (131)
[2019.06.23-15.16.06:104][ 18]LogModuleManager: Shutting down and abandoning module AudioFormatOgg (129)
[2019.06.23-15.16.06:191][ 18]LogModuleManager: Shutting down and abandoning module AudioFormatADPCM (127)
[2019.06.23-15.16.06:357][ 18]LogModuleManager: Shutting down and abandoning module LuminTargetPlatform (125)
[2019.06.23-15.16.08:396][ 18]LogModuleManager: Shutting down and abandoning module LinuxTargetPlatform (123)
[2019.06.23-15.16.08:396][ 18]LogModuleManager: Shutting down and abandoning module LinuxServerTargetPlatform (121)
[2019.06.23-15.16.08:412][ 18]LogModuleManager: Shutting down and abandoning module LinuxNoEditorTargetPlatform (119)
[2019.06.23-15.16.08:420][ 18]LogModuleManager: Shutting down and abandoning module LinuxClientTargetPlatform (117)
[2019.06.23-15.16.08:422][ 18]LogModuleManager: Shutting down and abandoning module TVOSTargetPlatform (115)
[2019.06.23-15.16.09:109][ 18]LogModuleManager: Shutting down and abandoning module Messaging (113)
[2019.06.23-15.16.09:109][ 18]LogModuleManager: Shutting down and abandoning module IOSTargetPlatform (111)
[2019.06.23-15.16.09:209][ 18]LogModuleManager: Shutting down and abandoning module HTML5TargetPlatform (109)
[2019.06.23-15.16.09:229][ 18]LogModuleManager: Shutting down and abandoning module AndroidTargetPlatform (107)
[2019.06.23-15.16.11:221][ 18]LogModuleManager: Shutting down and abandoning module WindowsTargetPlatform (105)
[2019.06.23-15.16.11:221][ 18]LogModuleManager: Shutting down and abandoning module WindowsServerTargetPlatform (103)
[2019.06.23-15.16.11:236][ 18]LogModuleManager: Shutting down and abandoning module WindowsNoEditorTargetPlatform (101)
[2019.06.23-15.16.11:269][ 18]LogModuleManager: Shutting down and abandoning module WindowsClientTargetPlatform (99)
[2019.06.23-15.16.11:276][ 18]LogModuleManager: Shutting down and abandoning module MacTargetPlatform (97)
[2019.06.23-15.16.11:277][ 18]LogModuleManager: Shutting down and abandoning module MacServerTargetPlatform (95)
[2019.06.23-15.16.11:297][ 18]LogModuleManager: Shutting down and abandoning module MacNoEditorTargetPlatform (93)
[2019.06.23-15.16.11:302][ 18]LogModuleManager: Shutting down and abandoning module MacClientTargetPlatform (91)
[2019.06.23-15.16.11:310][ 18]LogModuleManager: Shutting down and abandoning module AllDesktopTargetPlatform (89)
[2019.06.23-15.16.11:311][ 18]LogModuleManager: Shutting down and abandoning module InputCore (86)
[2019.06.23-15.16.11:311][ 18]LogModuleManager: Shutting down and abandoning module Settings (84)
[2019.06.23-15.16.11:373][ 18]LogModuleManager: Shutting down and abandoning module PhysXCooking (82)
[2019.06.23-15.16.11:373][ 18]LogModuleManager: Shutting down and abandoning module SteamVR (80)
[2019.06.23-15.16.11:381][ 18]LogHMD: Freeing OpenVRDLLHandle.
[2019.06.23-15.16.11:389][ 18]LogModuleManager: Shutting down and abandoning module OculusHMD (78)
[2019.06.23-15.16.11:432][ 18]LogModuleManager: Shutting down and abandoning module ExampleDeviceProfileSelector (76)
[2019.06.23-15.16.11:455][ 18]LogModuleManager: Shutting down and abandoning module LauncherChunkInstaller (74)
[2019.06.23-15.16.11:455][ 18]LogModuleManager: Shutting down and abandoning module OnlineBlueprintSupport (72)
[2019.06.23-15.16.11:455][ 18]LogModuleManager: Shutting down and abandoning module OnlineSubsystem (68)
[2019.06.23-15.16.11:521][ 18]LogModuleManager: Shutting down and abandoning module XMPP (63)
[2019.06.23-15.16.11:629][ 18]LogModuleManager: Shutting down and abandoning module WebSockets (62)
[2019.06.23-15.16.11:737][ 18]LogModuleManager: Shutting down and abandoning module HTTP (59)
[2019.06.23-15.16.11:737][ 18]LogHttp: Display: Http module shutting down, but needs to wait on 1 outstanding Http requests:
[2019.06.23-15.16.11:737][ 18]LogHttp: Display: 	verb=[POST] url=[https://datarouter.ol.epicgames.com/datarouter/api/v1/public/data?SessionID=%7B9F200105-4A77-80DA-9EEC-848E56BB1684%7D&AppID=UEEditor.Rocket.Release&AppVersion=4.21.2-4753647%2B%2B%2BUE4%2BRelease-4.21&UserID=1c8de5cd42842546381f6093fd9efc3b%7C05f95b97b78442a5bbd52d197c3abf12%7C0b71aad0-c5f8-473e-a806-40ca650c51b4&AppEnvironment=datacollector-binary&UploadType=eteventstream] status=Processing
[2019.06.23-15.16.11:912][ 18]LogModuleManager: Shutting down and abandoning module SSL (58)
[2019.06.23-15.16.12:102][ 18]LogModuleManager: Shutting down and abandoning module MagicLeapIdentity (54)
[2019.06.23-15.16.12:125][ 18]LogModuleManager: Shutting down and abandoning module MagicLeapHelperVulkan (52)
[2019.06.23-15.16.12:125][ 18]LogModuleManager: Shutting down and abandoning module MagicLeapHelperOpenGL (50)
[2019.06.23-15.16.12:125][ 18]LogModuleManager: Shutting down and abandoning module MagicLeapSecureStorage (48)
[2019.06.23-15.16.12:125][ 18]LogModuleManager: Shutting down and abandoning module MagicLeapHandTracking (46)
[2019.06.23-15.16.12:275][ 18]LogModuleManager: Shutting down and abandoning module MagicLeapEyeTracker (44)
[2019.06.23-15.16.12:275][ 18]LogModuleManager: Shutting down and abandoning module MagicLeapController (42)
[2019.06.23-15.16.12:366][ 18]LogSlate: Slate User Destroyed.  User Index 0, Is Virtual User: 0
[2019.06.23-15.16.12:436][ 18]LogModuleManager: Shutting down and abandoning module MagicLeap (40)
[2019.06.23-15.16.12:541][ 18]LogModuleManager: Shutting down and abandoning module DatasmithContent (38)
[2019.06.23-15.16.12:569][ 18]LogModuleManager: Shutting down and abandoning module AnimationModifiers (36)
[2019.06.23-15.16.12:750][ 18]LogModuleManager: Shutting down and abandoning module PropertyEditor (35)
[2019.06.23-15.16.12:923][ 18]LogModuleManager: Shutting down and abandoning module AudioEditor (32)
[2019.06.23-15.16.13:106][ 18]LogModuleManager: Shutting down and abandoning module TextureCompressor (30)
[2019.06.23-15.16.13:208][ 18]LogModuleManager: Shutting down and abandoning module ShaderCore (28)
[2019.06.23-15.16.13:208][ 18]LogModuleManager: Shutting down and abandoning module Landscape (26)
[2019.06.23-15.16.13:208][ 18]LogModuleManager: Shutting down and abandoning module SlateRHIRenderer (24)
[2019.06.23-15.16.13:278][ 18]LogModuleManager: Shutting down and abandoning module OpenGLDrv (22)
[2019.06.23-15.16.13:321][ 18]LogModuleManager: Shutting down and abandoning module D3D11RHI (20)
[2019.06.23-15.16.13:321][ 18]LogModuleManager: Shutting down and abandoning module AnimGraphRuntime (18)
[2019.06.23-15.16.13:341][ 18]LogModuleManager: Shutting down and abandoning module Renderer (16)
[2019.06.23-15.16.13:341][ 18]LogModuleManager: Shutting down and abandoning module Engine (14)
[2019.06.23-15.16.13:363][ 18]LogModuleManager: Shutting down and abandoning module CoreUObject (12)
[2019.06.23-15.16.13:387][ 18]LogModuleManager: Shutting down and abandoning module NetworkFile (10)
[2019.06.23-15.16.13:454][ 18]LogModuleManager: Shutting down and abandoning module CookedIterativeFile (8)
[2019.06.23-15.16.13:462][ 18]LogModuleManager: Shutting down and abandoning module StreamingFile (6)
[2019.06.23-15.16.13:467][ 18]LogModuleManager: Shutting down and abandoning module SandboxFile (4)
[2019.06.23-15.16.13:470][ 18]LogModuleManager: Shutting down and abandoning module PakFile (2)
[2019.06.23-15.16.13:640][ 18]LogExit: Exiting.
[2019.06.23-15.16.14:303][ 18]Log file closed, 06/23/19 11:16:14
